Archivo LOG de reportes del 2019/02/11 09:34:55
*******************************************************
09:34:55: Iniciando QContent descarga de documentos
09:35:04: Se busca comparar el archivo 20190128105758536 con un patrón de Póliza. sin OCR
09:35:32: Se busca comparar el archivo 20190128105758536 con un patrón de Póliza
09:35:32: Se busca comparar el archivo 20190128105758536 con un patrón de Factura
09:35:32: Se encontró que el archivo 20190128105758536 es una Factura
09:35:32: Se movió el documento 20190128105758536 al directorio de Factura
09:35:54: Se busca comparar el archivo idc--59254917F con un patrón de Póliza. sin OCR
09:35:54: Se busca comparar el archivo idc--59254917F con un patrón de Factura sin OCR. sin OCR
09:35:54: Se encontró que el archivo idc--59254917F es una Factura. sin OCR
09:35:54: Se movió el documento idc--59254917F al directorio de Factura. sin OCR
09:36:57: Se navega a la URL: https://tramitesdigitales.sat.gob.mx/Sicofi.ValidacionCFD/Default.aspx
09:36:57: Se toma screenshot y se procesar CAPTCHA con valor: yV7Yf
09:36:57: Se digita el captcha con valor: yV7Yf
09:36:58: Se manda click al elemento Continuar
09:36:58: Se digita el RFC del emisor: AUT091023H43
09:36:58: Se digita la serie: 
09:36:58: Se digita el Folio del Comprobante: 
09:36:58: Se digita el Número de Aprobación: 
09:36:58: Se digita el Año de Aprobación: 
09:36:58: Se manda click al botón Consultar
09:38:54: Se navega a la URL: https://tramitesdigitales.sat.gob.mx/Sicofi.ValidacionCFD/Default.aspx
09:38:54: Se toma screenshot y se procesar CAPTCHA con valor: yV7Yf
09:38:54: Se digita el captcha con valor: yV7Yf
09:38:55: Se manda click al elemento Continuar
09:38:55: Se digita el RFC del emisor: OKE100921P813
09:38:55: Se digita la serie: WAU9FD8T3EA007986
09:38:55: Se digita el Folio del Comprobante: EANI00000116
09:38:55: Se digita el Número de Aprobación: 
09:38:55: Se digita el Año de Aprobación: 14-04-07
09:38:55: Se manda click al botón Consultar
