Archivo LOG de reportes del 2019/02/08 15:32:51
*******************************************************
15:32:51: Iniciando QContent descarga de documentos
15:32:51: Se busca comparar el archivo 20190128105758536 con un patrón de Póliza. sin OCR
15:33:17: Se busca comparar el archivo 20190128105758536 con un patrón de Póliza
15:33:17: Se busca comparar el archivo 20190128105758536 con un patrón de Factura
15:33:17: Se encontró que el archivo 20190128105758536 es una Factura
15:33:17: Se movió el documento 20190128105758536 al directorio de Factura
15:33:18: Se busca comparar el archivo idc--59254917F con un patrón de Póliza. sin OCR
15:33:18: Se busca comparar el archivo idc--59254917F con un patrón de Factura sin OCR. sin OCR
15:33:18: Se encontró que el archivo idc--59254917F es una Factura. sin OCR
15:33:18: Se movió el documento idc--59254917F al directorio de Factura. sin OCR
15:33:22: Se navega a la URL: https://tramitesdigitales.sat.gob.mx/Sicofi.ValidacionCFD/Default.aspx
15:33:23: Se toma screenshot y se procesar CAPTCHA con valor: yV7Yf
15:33:23: Se digita el captcha con valor: yV7Yf
15:33:23: Se manda click al elemento Continuar
15:33:23: Se digita el RFC del emisor: AUT091023H43
15:33:23: Se digita la serie: 
15:33:23: Se digita el Folio del Comprobante: 
15:33:23: Se digita el Número de Aprobación: 
15:33:23: Se digita el Año de Aprobación: 
15:33:24: Se manda click al botón Consultar
