Archivo LOG de reportes del 2019/02/11 11:02:44
*******************************************************
11:02:44: Iniciando QContent descarga de documentos
11:03:42: Se busca comparar el archivo 20190128105758536 con un patrón de Póliza. sin OCR
11:04:10: Se busca comparar el archivo 20190128105758536 con un patrón de Póliza
11:04:10: Se busca comparar el archivo 20190128105758536 con un patrón de Factura
11:04:10: Se encontró que el archivo 20190128105758536 es una Factura
11:04:10: Se movió el documento 20190128105758536 al directorio de Factura
11:04:53: Se busca comparar el archivo idc--59254917F con un patrón de Póliza. sin OCR
11:04:53: Se busca comparar el archivo idc--59254917F con un patrón de Factura sin OCR. sin OCR
11:04:53: Se encontró que el archivo idc--59254917F es una Factura. sin OCR
11:04:53: Se movió el documento idc--59254917F al directorio de Factura. sin OCR
11:05:43: Se accede a la URL: http://www2.repuve.gob.mx:8080/ciudadania/
11:05:44: Se toma captura a la pantalla y se procesa captcha con valor: 3Cv3
11:05:44: Se ingresa el número de serie: 
11:05:47: Se ingresa el captcha: 3Cv3
11:05:47: Se manda click al botón buscar
11:06:58: Se accede a la URL: http://www2.repuve.gob.mx:8080/ciudadania/
11:06:59: Se toma captura a la pantalla y se procesa captcha con valor: 
11:06:59: Se ingresa el número de serie: 
11:07:02: Se ingresa el captcha: 
11:07:02: Se manda click al botón buscar
