Archivo LOG de reportes del 2019/02/08 12:22:00
*******************************************************
12:22:00: Iniciando QContent descarga de documentos
12:22:02: Se busca comparar el archivo 20190128105758536 con un patrón de Póliza. sin OCR
12:22:27: Se busca comparar el archivo 20190128105758536 con un patrón de Póliza
12:22:27: Se busca comparar el archivo 20190128105758536 con un patrón de Factura
12:22:27: Se encontró que el archivo 20190128105758536 es una Factura
12:22:27: Se movió el documento 20190128105758536 al directorio de Factura
12:22:28: Se busca comparar el archivo idc--59254917F con un patrón de Póliza. sin OCR
12:22:28: Se busca comparar el archivo idc--59254917F con un patrón de Factura sin OCR. sin OCR
12:22:28: Se encontró que el archivo idc--59254917F es una Factura. sin OCR
12:22:28: Se movió el documento idc--59254917F al directorio de Factura. sin OCR
12:22:37: Se navega a la URL: https://tramitesdigitales.sat.gob.mx/Sicofi.ValidacionCFD/Default.aspx
12:22:37: Se toma screenshot y se procesar CAPTCHA con valor: yV7Yf
12:22:37: Se digita el captcha con valor: yV7Yf
12:22:38: Se manda click al elemento Continuar
12:22:38: Se digita el RFC del emisor: AUT091023H43
12:22:38: Se digita la serie: 
12:22:38: Se digita el Folio del Comprobante: 
12:22:38: Se digita el Número de Aprobación: 
12:22:38: Se digita el Año de Aprobación: 
12:22:38: Se manda click al botón Consultar
12:26:43: Se navega a la URL: https://tramitesdigitales.sat.gob.mx/Sicofi.ValidacionCFD/Default.aspx
12:26:43: Se toma screenshot y se procesar CAPTCHA con valor: yV7Yf
12:26:43: Se digita el captcha con valor: yV7Yf
12:26:43: Se manda click al elemento Continuar
12:26:44: Se digita el RFC del emisor: AUT091023H46
12:26:44: Se digita la serie: E
12:26:44: Se digita el Folio del Comprobante: 0000897
12:26:44: Se digita el Número de Aprobación: 424694
12:26:44: Se digita el Año de Aprobación: 2011
12:26:44: Se manda click al botón Consultar
12:27:49: Se navega a la URL: https://tramitesdigitales.sat.gob.mx/Sicofi.ValidacionCFD/Default.aspx
12:27:49: Se toma screenshot y se procesar CAPTCHA con valor: yV7Yf
12:27:49: Se digita el captcha con valor: yV7Yf
12:27:49: Se manda click al elemento Continuar
12:27:49: Se digita el RFC del emisor: AUT091023H46
12:27:50: Se digita la serie: E
12:27:50: Se digita el Folio del Comprobante: 0000897
12:27:50: Se digita el Número de Aprobación: 424694
12:27:50: Se digita el Año de Aprobación: 2011
12:27:50: Se manda click al botón Consultar
