Archivo LOG de reportes del 2019/02/07 13:02:26
*******************************************************
13:02:26: Iniciando QContent descarga de documentos
13:02:29: Se busca comparar el archivo idc--59254911P con un patrón de Póliza. sin OCR
13:02:29: Se encontró que el archivo idc--59254911P es una Póliza. sin OCR
13:02:29: Se movió el documento idc--59254911P al directorio de Poliza. sin OCR
13:02:29: Se extrajo poliza: 2660279436 endoso: 000000 inciso:0001
13:02:29: Se extrajo serie: WAU9FDET.11
13:02:29: Se extrajo modelo: 
13:02:29: Se extrajo motor: 
13:02:29: Se extrajo DM:  5%
13:02:29: Se extrajo RT:  5%
13:02:29: Se busca comparar el archivo idc--59254916T con un patrón de Póliza. sin OCR
13:02:29: Se busca comparar el archivo idc--59254916T con un patrón de Tenencia sin OCR. sin OCR
13:02:29: Se encontró que el archivo idc--59254916T es una Tenencia. sin OCR
13:02:29: Se movió el documento idc--59254916T al directorio de Tenencia. sin OCR
13:02:29: Se busca comparar el archivo idc--59254917F con un patrón de Póliza. sin OCR
13:02:29: Se busca comparar el archivo idc--59254917F con un patrón de Factura sin OCR. sin OCR
13:02:29: Se encontró que el archivo idc--59254917F es una Factura. sin OCR
13:02:29: Se movió el documento idc--59254917F al directorio de Factura. sin OCR
