Archivo LOG de reportes del 2019/02/08 10:13:52
*******************************************************
10:13:52: Iniciando QContent descarga de documentos
10:13:54: Se busca comparar el archivo idc--59254911P con un patrón de Póliza. sin OCR
10:13:54: Se encontró que el archivo idc--59254911P es una Póliza. sin OCR
10:13:54: Se movió el documento idc--59254911P al directorio de Poliza. sin OCR
10:13:54: Se extrajo poliza: 2660279436 endoso: 000000 inciso:0001
10:13:54: Se extrajo serie: WAU9FDET.11
10:13:55: Se extrajo modelo: 
10:13:55: Se extrajo motor: 
10:13:55: Se extrajo DM:  5%
10:13:55: Se extrajo RT:  5%
10:13:56: Se busca comparar el archivo idc--59254916T con un patrón de Póliza. sin OCR
10:13:56: Se busca comparar el archivo idc--59254916T con un patrón de Tenencia sin OCR. sin OCR
10:13:56: Se encontró que el archivo idc--59254916T es una Tenencia. sin OCR
10:13:56: Se movió el documento idc--59254916T al directorio de Tenencia. sin OCR
10:13:56: Se busca comparar el archivo idc--59254917F con un patrón de Póliza. sin OCR
10:13:56: Se busca comparar el archivo idc--59254917F con un patrón de Factura sin OCR. sin OCR
10:13:56: Se encontró que el archivo idc--59254917F es una Factura. sin OCR
10:13:56: Se movió el documento idc--59254917F al directorio de Factura. sin OCR
10:14:20: Se navega a la URL: https://tramitesdigitales.sat.gob.mx/Sicofi.ValidacionCFD/Default.aspx
10:14:20: Se toma screenshot y se procesar CAPTCHA con valor: yV7Yf
10:14:21: Se digita el captcha con valor: yV7Yf
10:14:21: Se manda click al elemento Continuar
10:14:22: Se digita el RFC del emisor: OKE100921P813
10:14:22: Se digita la serie: WAU9FD8T3EA007986
10:14:22: Se digita el Folio del Comprobante: EANI00000116
10:14:22: Se digita el Número de Aprobación: 
10:14:22: Se digita el Año de Aprobación: 14-04-07
10:14:22: Se manda click al botón Consultar
