Archivo LOG de reportes del 2019/02/07 12:50:47
*******************************************************
12:50:47: Iniciando QContent descarga de documentos
12:55:43: Se busca comparar el archivo idc--59254911P con un patrón de Póliza. sin OCR
12:55:47: Se encontró que el archivo idc--59254911P es una Póliza. sin OCR
12:55:51: Se movió el documento idc--59254911P al directorio de Poliza. sin OCR
12:55:58: Se extrajo poliza: 2660279436 endoso: 000000 inciso:0001
12:55:58: Se extrajo serie: WAU9FDET.11
12:56:01: Se extrajo modelo: 
12:56:12: Se extrajo motor: 
12:56:27: Se extrajo DM:  5%
12:56:32: Se extrajo RT:  5%
12:57:07: Se busca comparar el archivo idc--59254916T con un patrón de Póliza. sin OCR
12:57:16: Se busca comparar el archivo idc--59254916T con un patrón de Tenencia sin OCR. sin OCR
12:57:17: Se encontró que el archivo idc--59254916T es una Tenencia. sin OCR
12:57:17: Se movió el documento idc--59254916T al directorio de Tenencia. sin OCR
12:57:31: Se busca comparar el archivo idc--59254917F con un patrón de Póliza. sin OCR
12:57:35: Se busca comparar el archivo idc--59254917F con un patrón de Factura sin OCR. sin OCR
12:57:41: Se encontró que el archivo idc--59254917F es una Factura. sin OCR
12:57:42: Se movió el documento idc--59254917F al directorio de Factura. sin OCR
