Archivo LOG de reportes del 2019/02/11 10:36:47
*******************************************************
10:36:47: Iniciando QContent descarga de documentos
10:36:53: Se busca comparar el archivo 20190128105758536 con un patrón de Póliza. sin OCR
10:37:20: Se busca comparar el archivo 20190128105758536 con un patrón de Póliza
10:37:20: Se busca comparar el archivo 20190128105758536 con un patrón de Factura
10:37:20: Se encontró que el archivo 20190128105758536 es una Factura
10:37:20: Se movió el documento 20190128105758536 al directorio de Factura
10:38:25: Se busca comparar el archivo idc--59254917F con un patrón de Póliza. sin OCR
10:38:25: Se busca comparar el archivo idc--59254917F con un patrón de Factura sin OCR. sin OCR
10:38:25: Se encontró que el archivo idc--59254917F es una Factura. sin OCR
10:38:25: Se movió el documento idc--59254917F al directorio de Factura. sin OCR
10:39:09: Se navega a la URL: https://verificacfdi.facturaelectronica.sat.gob.mx/
10:39:12: Se ingresó folio fiscal: 
10:39:12: Se ingresó RFC de Emisor: 
10:39:12: Se ingresó RFC de Receptor: 
10:39:12: Se ingresó Captcha: 
10:43:16: Se navega a la URL: https://verificacfdi.facturaelectronica.sat.gob.mx/
10:43:18: Se ingresó folio fiscal: 
10:43:18: Se ingresó RFC de Emisor: 
10:43:18: Se ingresó RFC de Receptor: 
10:43:18: Se ingresó Captcha: 
