Archivo LOG de reportes del 2019/02/08 15:45:03
*******************************************************
15:45:03: Iniciando QContent descarga de documentos
15:45:03: Se busca comparar el archivo 20190128105758536 con un patrón de Póliza. sin OCR
15:45:29: Se busca comparar el archivo 20190128105758536 con un patrón de Póliza
15:45:29: Se busca comparar el archivo 20190128105758536 con un patrón de Factura
15:45:29: Se encontró que el archivo 20190128105758536 es una Factura
15:45:29: Se movió el documento 20190128105758536 al directorio de Factura
15:45:29: Se busca comparar el archivo idc--59254917F con un patrón de Póliza. sin OCR
15:45:29: Se busca comparar el archivo idc--59254917F con un patrón de Factura sin OCR. sin OCR
15:45:29: Se encontró que el archivo idc--59254917F es una Factura. sin OCR
15:45:29: Se movió el documento idc--59254917F al directorio de Factura. sin OCR
15:45:34: Se navega a la URL: https://tramitesdigitales.sat.gob.mx/Sicofi.ValidacionCFD/Default.aspx
15:45:34: Se toma screenshot y se procesar CAPTCHA con valor: yV7Yf
15:45:34: Se digita el captcha con valor: yV7Yf
15:45:35: Se manda click al elemento Continuar
15:45:35: Se digita el RFC del emisor: AUT091023H43
15:45:35: Se digita la serie: 
15:45:35: Se digita el Folio del Comprobante: 
15:45:35: Se digita el Número de Aprobación: 
15:45:35: Se digita el Año de Aprobación: 
15:45:35: Se manda click al botón Consultar
15:45:46: Se navega a la URL: https://tramitesdigitales.sat.gob.mx/Sicofi.ValidacionCFD/Default.aspx
15:45:46: Se toma screenshot y se procesar CAPTCHA con valor: yV7Yf
15:45:46: Se digita el captcha con valor: yV7Yf
15:45:47: Se manda click al elemento Continuar
15:45:47: Se digita el RFC del emisor: OKE100921P813
15:45:47: Se digita la serie: WAU9FD8T3EA007986
15:45:47: Se digita el Folio del Comprobante: EANI00000116
15:45:47: Se digita el Número de Aprobación: 
15:45:47: Se digita el Año de Aprobación: 14-04-07
15:45:47: Se manda click al botón Consultar
15:47:09: Se encontró el siguiente error: System.InvalidOperationException: chrome not reachable
  (Session info: chrome=71.0.3578.98)
  (Driver info: chromedriver=2.38.552522 (437e6fbedfa8762dec75e2c5b3ddb86763dc9dcb),platform=Windows NT 10.0.17134 x86_64) (100)
   en OpenQA.Selenium.Remote.RemoteWebDriver.UnpackAndThrowOnError(Response errorResponse)
   en OpenQA.Selenium.Remote.RemoteWebDriver.Execute(String driverCommandToExecute, Dictionary`2 parameters)
   en OpenQA.Selenium.Remote.RemoteWebDriver.Close()
   en QPil.Procesos.CaptchaSAT.ProcesoCaptchaSat(DataRow datos) en C:\Users\Fernanda Rey\Desktop\RepoQualitas\QPil\Procesos\CaptchaSAT.cs:línea 179
