Archivo LOG de reportes del 2019/02/06 16:51:01
*******************************************************
16:51:01: Iniciando QContent descarga de documentos
16:51:01: Se busca comparar el archivo idc--59254911P con un patrón de Póliza. sin OCR
16:51:01: Se encontró que el archivo idc--59254911P es una Póliza. sin OCR
16:51:01: Se movió el documento idc--59254911P al directorio de Poliza. sin OCR
16:51:02: Se busca comparar el archivo idc-75266885P con un patrón de Póliza. sin OCR
16:51:02: Se encontró que el archivo idc-75266885P es una Póliza. sin OCR
16:51:02: Se movió el documento idc-75266885P al directorio de Poliza. sin OCR
16:51:02: Se busca comparar el archivo idc-75393119P con un patrón de Póliza. sin OCR
16:51:02: Se encontró que el archivo idc-75393119P es una Póliza. sin OCR
16:51:02: Se movió el documento idc-75393119P al directorio de Poliza. sin OCR
16:51:02: Se busca comparar el archivo idc-75487751P con un patrón de Póliza. sin OCR
16:51:02: Se encontró que el archivo idc-75487751P es una Póliza. sin OCR
16:51:02: Se movió el documento idc-75487751P al directorio de Poliza. sin OCR
16:51:02: Se busca comparar el archivo idc-75515166P con un patrón de Póliza. sin OCR
16:51:29: Se busca comparar el archivo idc-75515166P con un patrón de Póliza
16:51:29: Se encontró que el archivo idc-75515166P es una Póliza
16:51:29: Se movió el documento idc-75515166P al directorio de Poliza
16:51:29: Se busca comparar el archivo idc-75517250P con un patrón de Póliza. sin OCR
16:51:29: Se encontró que el archivo idc-75517250P es una Póliza. sin OCR
16:51:29: Se movió el documento idc-75517250P al directorio de Poliza. sin OCR
16:51:29: Se busca comparar el archivo idc-75533025P con un patrón de Póliza. sin OCR
16:51:29: Se encontró que el archivo idc-75533025P es una Póliza. sin OCR
16:51:29: Se movió el documento idc-75533025P al directorio de Poliza. sin OCR
