Archivo LOG de reportes del 2019/02/11 13:34:09
*******************************************************
13:34:09: Iniciando QContent descarga de documentos
13:34:09: Se busca comparar el archivo 20190128105758536 con un patrón de Póliza. sin OCR
13:34:37: Se busca comparar el archivo 20190128105758536 con un patrón de Póliza
13:34:37: Se busca comparar el archivo 20190128105758536 con un patrón de Factura
13:34:37: Se crea el directorio: C:\Users\Fernanda Rey\Desktop\pruebas\Siniestros\04182635987\Factura
13:34:37: Se encontró que el archivo 20190128105758536 es una Factura
13:34:37: Se movió el documento 20190128105758536 al directorio de Factura
13:34:37: Se busca comparar el archivo idc--59254911P con un patrón de Póliza. sin OCR
13:34:37: Se crea el directorio: C:\Users\Fernanda Rey\Desktop\pruebas\Siniestros\04182635987\Poliza
13:34:37: Se encontró que el archivo idc--59254911P es una Póliza. sin OCR
13:34:37: Se movió el documento idc--59254911P al directorio de Poliza. sin OCR
13:34:37: Se extrajo poliza: 2660279436 endoso: 000000 inciso:0001
13:34:37: Se extrajo serie: WAU9FDET.11
13:34:37: Se extrajo modelo: 
13:34:37: Se extrajo motor: 
13:34:37: Se extrajo DM:  5%
13:34:37: Se extrajo RT:  5%
13:34:37: Se busca comparar el archivo idc--59254916T con un patrón de Póliza. sin OCR
13:34:37: Se busca comparar el archivo idc--59254916T con un patrón de Tenencia sin OCR. sin OCR
13:34:37: Se crea el directorio: C:\Users\Fernanda Rey\Desktop\pruebas\Siniestros\04182635987\Tenencia
13:34:37: Se encontró que el archivo idc--59254916T es una Tenencia. sin OCR
13:34:37: Se movió el documento idc--59254916T al directorio de Tenencia. sin OCR
13:34:37: Se busca comparar el archivo idc--59254917F con un patrón de Póliza. sin OCR
13:34:37: Se busca comparar el archivo idc--59254917F con un patrón de Factura sin OCR. sin OCR
13:34:37: Se encontró que el archivo idc--59254917F es una Factura. sin OCR
13:34:37: Se movió el documento idc--59254917F al directorio de Factura. sin OCR
13:34:37: Se busca comparar el archivo idc-73951168F con un patrón de Póliza. sin OCR
13:34:43: Se busca comparar el archivo idc-73951168F con un patrón de Póliza
13:34:43: Se busca comparar el archivo idc-73951168F con un patrón de Factura
13:34:43: Se encontró que el archivo idc-73951168F es una Factura
13:34:43: Se movió el documento idc-73951168F al directorio de Factura
13:34:43: Se busca comparar el archivo idc-73951175T con un patrón de Póliza. sin OCR
13:34:48: Se busca comparar el archivo idc-73951175T con un patrón de Póliza
13:34:48: Se busca comparar el archivo idc-73951175T con un patrón de Tenencia
13:34:48: Se encontró que el archivo idc-73951175T es una Tenencia
13:34:48: Se movió el documento idc-73951175T al directorio de Tenencia
13:34:48: Se busca comparar el archivo idc-73951181T con un patrón de Póliza. sin OCR
13:34:52: Se busca comparar el archivo idc-73951181T con un patrón de Póliza
13:34:52: Se busca comparar el archivo idc-73951181T con un patrón de Tenencia
13:34:52: Se encontró que el archivo idc-73951181T es una Tenencia
13:34:52: Se movió el documento idc-73951181T al directorio de Tenencia
13:34:52: Se busca comparar el archivo idc-75266885P con un patrón de Póliza. sin OCR
13:34:52: Se encontró que el archivo idc-75266885P es una Póliza. sin OCR
13:34:52: Se movió el documento idc-75266885P al directorio de Poliza. sin OCR
13:34:52: Se extrajo poliza: 2150004104 endoso: 000_00 inciso:|000
13:34:52: Se extrajo serie: 9BWCC05W87P000692
13:34:52: Se extrajo modelo: 2007
13:34:52: Se extrajo motor: BJY043645
13:34:52: Se extrajo vigencia: Desde: las 12:00 P.M. del 26/DIC/2017  Hasta: las 12:00 P.M. del 26/DIC/2018 
13:34:52: Se extrajo DM:  5%
13:34:52: Se extrajo RT:  5%
13:34:52: Se busca comparar el archivo idc-75266891F con un patrón de Póliza. sin OCR
13:34:52: Se busca comparar el archivo idc-75266891F con un patrón de Factura sin OCR. sin OCR
13:34:52: Se encontró que el archivo idc-75266891F es una Factura. sin OCR
13:34:52: Se movió el documento idc-75266891F al directorio de Factura. sin OCR
13:34:52: Se busca comparar el archivo idc-75266899T con un patrón de Póliza. sin OCR
13:34:52: Se busca comparar el archivo idc-75266899T con un patrón de Tenencia sin OCR. sin OCR
13:34:52: Se encontró que el archivo idc-75266899T es una Tenencia. sin OCR
13:34:52: Se movió el documento idc-75266899T al directorio de Tenencia. sin OCR
13:34:52: Se busca comparar el archivo idc-75393119P con un patrón de Póliza. sin OCR
13:34:52: Se encontró que el archivo idc-75393119P es una Póliza. sin OCR
13:34:52: Se movió el documento idc-75393119P al directorio de Poliza. sin OCR
13:34:52: Se extrajo poliza: 0970722505 endoso: 000000 inciso:0001
13:34:52: Se extrajo serie: 4J0CB75E26A024223
13:34:52: Se extrajo modelo: 2006
13:34:52: Se extrajo motor: HECHO
13:34:52: Se extrajo vigencia: Desde: las 12:00 P.M. del 08/NOV/2018  Hasta: las 12:00 P.M. del 08/NOV/2019 
13:34:52: Se extrajo DM: 10%
13:34:52: Se extrajo RT: 10%
13:34:53: Se busca comparar el archivo idc-75393130T con un patrón de Póliza. sin OCR
13:34:53: Se busca comparar el archivo idc-75393130T con un patrón de Tenencia sin OCR. sin OCR
13:34:53: Se encontró que el archivo idc-75393130T es una Tenencia. sin OCR
13:34:53: Se movió el documento idc-75393130T al directorio de Tenencia. sin OCR
13:34:53: Se busca comparar el archivo idc-75393137F con un patrón de Póliza. sin OCR
13:34:53: Se busca comparar el archivo idc-75393137F con un patrón de Factura sin OCR. sin OCR
13:34:53: Se encontró que el archivo idc-75393137F es una Factura. sin OCR
13:34:53: Se movió el documento idc-75393137F al directorio de Factura. sin OCR
13:34:53: Se busca comparar el archivo idc-75487751P con un patrón de Póliza. sin OCR
13:34:53: Se encontró que el archivo idc-75487751P es una Póliza. sin OCR
13:34:53: Se movió el documento idc-75487751P al directorio de Poliza. sin OCR
13:34:53: Se extrajo serie: 9362KN6A66BOO3409
13:34:53: Se extrajo modelo: 2006
13:34:53: Se extrajo motor: Placas'
13:34:53: Se extrajo vigencia: Desde: las 1,2:00 P.M. del 31/MARi2018 Hasta: 
13:34:53: Se extrajo DM:  5%
13:34:53: Se extrajo RT:  5%
13:34:53: Se busca comparar el archivo idc-75487755F con un patrón de Póliza. sin OCR
13:34:53: Se busca comparar el archivo idc-75487755F con un patrón de Factura sin OCR. sin OCR
13:34:53: Se encontró que el archivo idc-75487755F es una Factura. sin OCR
13:34:53: Se movió el documento idc-75487755F al directorio de Factura. sin OCR
13:34:53: Se busca comparar el archivo idc-75487767T con un patrón de Póliza. sin OCR
13:34:53: Se busca comparar el archivo idc-75487767T con un patrón de Tenencia sin OCR. sin OCR
13:34:53: Se encontró que el archivo idc-75487767T es una Tenencia. sin OCR
13:34:53: Se movió el documento idc-75487767T al directorio de Tenencia. sin OCR
13:34:53: Se busca comparar el archivo idc-75514407F con un patrón de Póliza. sin OCR
13:34:53: Se busca comparar el archivo idc-75514407F con un patrón de Factura sin OCR. sin OCR
13:34:53: Se encontró que el archivo idc-75514407F es una Factura. sin OCR
13:34:53: Se movió el documento idc-75514407F al directorio de Factura. sin OCR
13:34:53: Se busca comparar el archivo idc-75514409T con un patrón de Póliza. sin OCR
13:35:08: Se busca comparar el archivo idc-75514409T con un patrón de Póliza
13:35:08: Se busca comparar el archivo idc-75514409T con un patrón de Tenencia
13:35:08: Se encontró que el archivo idc-75514409T es una Tenencia
13:35:08: Se movió el documento idc-75514409T al directorio de Tenencia
13:35:08: Se busca comparar el archivo idc-75514418F con un patrón de Póliza. sin OCR
13:35:08: Se busca comparar el archivo idc-75514418F con un patrón de Factura sin OCR. sin OCR
13:35:08: Se encontró que el archivo idc-75514418F es una Factura. sin OCR
13:35:08: Se movió el documento idc-75514418F al directorio de Factura. sin OCR
13:35:08: Se busca comparar el archivo idc-75515166P con un patrón de Póliza. sin OCR
13:35:26: Se busca comparar el archivo idc-75515166P con un patrón de Póliza
13:35:26: Se encontró que el archivo idc-75515166P es una Póliza
13:35:26: Se movió el documento idc-75515166P al directorio de Poliza
13:35:26: Se extrajo poliza: POLIZA|DE| endoso: EGURO| inciso:E|AU
13:35:26: Se extrajo serie: 
13:35:26: Se extrajo modelo: 
13:35:26: Se extrajo motor: z
13:35:26: Se extrajo vigencia: Desde: Ias 12 00 P. M. del 20lJUNl2018 Hasta: Ias 12.00 P. M del 20lJUNl2019 
13:35:26: No se pudo extraer DM
13:35:26: N o se pudo extraer RT 
13:35:26: Se busca comparar el archivo idc-75515169F con un patrón de Póliza. sin OCR
13:35:44: Se busca comparar el archivo idc-75515169F con un patrón de Póliza
13:35:44: Se busca comparar el archivo idc-75515169F con un patrón de Factura
13:35:44: Se encontró que el archivo idc-75515169F es una Factura
13:35:44: Se movió el documento idc-75515169F al directorio de Factura
13:35:44: Se busca comparar el archivo idc-75515171T con un patrón de Póliza. sin OCR
13:35:48: Se busca comparar el archivo idc-75515171T con un patrón de Póliza
13:35:48: Se busca comparar el archivo idc-75515171T con un patrón de Tenencia
13:35:48: Se encontró que el archivo idc-75515171T es una Tenencia
13:35:48: Se movió el documento idc-75515171T al directorio de Tenencia
13:35:48: Se busca comparar el archivo idc-75517250P con un patrón de Póliza. sin OCR
13:35:48: Se encontró que el archivo idc-75517250P es una Póliza. sin OCR
13:35:48: Se movió el documento idc-75517250P al directorio de Poliza. sin OCR
13:35:48: Se extrajo poliza: 4052947365 endoso: 000000 inciso:0001
13:35:48: Se extrajo serie: 3VWRV09M54M118530
13:35:48: Se extrajo modelo: 2004
13:35:48: Se extrajo motor: Placas:
13:35:48: Se extrajo vigencia: Desde: las 12:00 P.M. del 15/JUN/2018  Hasta: las 12:00 P.M. del 15/JUN/2019 
13:35:49: Se extrajo DM:  5%
13:35:49: Se extrajo RT:  5%
13:35:49: Se busca comparar el archivo idc-75517255T con un patrón de Póliza. sin OCR
13:35:57: Se busca comparar el archivo idc-75517255T con un patrón de Póliza
13:35:57: Se busca comparar el archivo idc-75517255T con un patrón de Tenencia
13:35:57: Se encontró que el archivo idc-75517255T es una Tenencia
13:35:57: Se movió el documento idc-75517255T al directorio de Tenencia
13:35:57: Se busca comparar el archivo idc-75517259F con un patrón de Póliza. sin OCR
13:35:57: Se busca comparar el archivo idc-75517259F con un patrón de Factura sin OCR. sin OCR
13:35:57: Se encontró que el archivo idc-75517259F es una Factura. sin OCR
13:35:57: Se movió el documento idc-75517259F al directorio de Factura. sin OCR
13:35:57: Se busca comparar el archivo idc-75533025P con un patrón de Póliza. sin OCR
13:35:57: Se encontró que el archivo idc-75533025P es una Póliza. sin OCR
13:35:57: Se movió el documento idc-75533025P al directorio de Poliza. sin OCR
13:35:57: Se extrajo serie: 3N1BC1AS6CK268248
13:35:57: Se extrajo modelo: 2012
13:35:57: Se extrajo motor: MR18897711
13:35:57: Se extrajo vigencia: Desde: las 12:00 P.M. del 2S/MAY/2018  Hasta: las 12:00 P.M. del 24/NOV/2018 
13:35:57: Se extrajo DM: 10%
13:35:57: Se extrajo RT: 10%
13:35:57: Se busca comparar el archivo idc-75533026F con un patrón de Póliza. sin OCR
13:35:57: Se busca comparar el archivo idc-75533026F con un patrón de Factura sin OCR. sin OCR
13:35:57: Se encontró que el archivo idc-75533026F es una Factura. sin OCR
13:35:57: Se movió el documento idc-75533026F al directorio de Factura. sin OCR
13:35:57: Se busca comparar el archivo idc-75533030T con un patrón de Póliza. sin OCR
13:35:57: Se busca comparar el archivo idc-75533030T con un patrón de Tenencia sin OCR. sin OCR
13:35:57: Se encontró que el archivo idc-75533030T es una Tenencia. sin OCR
13:35:57: Se movió el documento idc-75533030T al directorio de Tenencia. sin OCR
13:36:06: Se accede a la URL: http://www2.repuve.gob.mx:8080/ciudadania/
13:36:06: Se toma captura a la pantalla y se procesa captcha con valor: 4hbd
13:36:07: Se ingresa el número de serie: 
13:36:09: Se ingresa el captcha: 4hbd
13:36:09: Se manda click al botón buscar
13:40:59: Se accede a la URL: http://www2.repuve.gob.mx:8080/ciudadania/
13:41:00: Se toma captura a la pantalla y se procesa captcha con valor: t4y
13:41:00: Se ingresa el número de serie: 
13:41:02: Se ingresa el captcha: t4y
13:41:02: Se manda click al botón buscar
13:43:11: Se accede a la URL: http://www2.repuve.gob.mx:8080/ciudadania/
13:43:11: Se toma captura a la pantalla y se procesa captcha con valor: uhx
13:43:11: Se ingresa el número de serie: 
13:43:14: Se ingresa el captcha: uhx
13:43:14: Se manda click al botón buscar
13:43:34: Se accede a la URL: http://www2.repuve.gob.mx:8080/ciudadania/
13:43:35: Se toma captura a la pantalla y se procesa captcha con valor: 60c1
13:43:35: Se ingresa el número de serie: 
13:43:37: Se ingresa el captcha: 60c1
13:43:37: Se manda click al botón buscar
13:44:02: Se accede a la URL: http://www2.repuve.gob.mx:8080/ciudadania/
13:44:03: Se toma captura a la pantalla y se procesa captcha con valor: y9qr
13:44:03: Se ingresa el número de serie: 
13:44:05: Se ingresa el captcha: y9qr
13:44:05: Se manda click al botón buscar
13:44:57: Se accede a la URL: http://www2.repuve.gob.mx:8080/ciudadania/
13:44:58: Se toma captura a la pantalla y se procesa captcha con valor: OsOg
13:44:58: Se ingresa el número de serie: 
13:45:00: Se ingresa el captcha: OsOg
13:45:00: Se manda click al botón buscar
13:45:19: Se accede a la URL: http://www2.repuve.gob.mx:8080/ciudadania/
13:45:20: Se toma captura a la pantalla y se procesa captcha con valor: ZSZy
13:45:20: Se ingresa el número de serie: WAU9FD8T3EA007986
13:45:22: Se ingresa el captcha: ZSZy
13:45:23: Se manda click al botón buscar
13:45:31: Se accede a la URL: http://www2.repuve.gob.mx:8080/ciudadania/
13:45:32: Se toma captura a la pantalla y se procesa captcha con valor: SV0
13:45:32: Se ingresa el número de serie: WAU9FD8T3EA007986
13:45:34: Se ingresa el captcha: SV0
13:45:35: Se manda click al botón buscar
13:45:43: Se accede a la URL: http://www2.repuve.gob.mx:8080/ciudadania/
13:45:44: Se toma captura a la pantalla y se procesa captcha con valor: xe9
13:45:44: Se ingresa el número de serie: WAU9FD8T3EA007986
13:45:47: Se ingresa el captcha: xe9
13:45:47: Se manda click al botón buscar
13:45:47: Se manda click al elemento PGJ
13:45:47: El vehiculo con serie WAU9FD8T3EA007986tiene el siguiente reporte en PGJ: Sin Reporte de Robo
13:45:47: Se manda click al elemento OCRA
13:45:47: El vehiculo con serie WAU9FD8T3EA007986  tiene el siguiente reporte en OCRA: Sin Reporte de Robo
13:45:48: La marca de esa serie es:  AUDI
13:45:48: El modelo de esa serie es:  A5
13:45:48: El año de esa serie es:  2014
13:45:48: La clase de esa serie es:  AUTOMOVIL
13:45:48: El tipo de esa serie es:  COUPE
13:45:48: La planta de ensamblaje de esa serie es:  INGOLSTAD (ALEMANIA
13:45:54: Se accede a la URL: http://www2.repuve.gob.mx:8080/ciudadania/
13:45:55: Se toma captura a la pantalla y se procesa captcha con valor: bxuo
13:45:55: Se ingresa el número de serie: 
13:45:57: Se ingresa el captcha: bxuo
13:45:57: Se manda click al botón buscar
13:46:07: Se accede a la URL: http://www2.repuve.gob.mx:8080/ciudadania/
13:46:08: Se toma captura a la pantalla y se procesa captcha con valor: v9e
13:46:08: Se ingresa el número de serie: 
13:46:10: Se ingresa el captcha: v9e
13:46:11: Se manda click al botón buscar
13:46:19: Se accede a la URL: http://www2.repuve.gob.mx:8080/ciudadania/
13:46:19: Se toma captura a la pantalla y se procesa captcha con valor: u6v4
13:46:19: Se ingresa el número de serie: 
13:46:22: Se ingresa el captcha: u6v4
13:46:22: Se manda click al botón buscar
13:46:30: Se accede a la URL: http://www2.repuve.gob.mx:8080/ciudadania/
13:46:31: Se toma captura a la pantalla y se procesa captcha con valor: nt63
13:46:31: Se ingresa el número de serie: 
13:46:34: Se ingresa el captcha: nt63
13:46:34: Se manda click al botón buscar
13:47:38: Se accede a la URL: http://www2.repuve.gob.mx:8080/ciudadania/
13:47:38: Se toma captura a la pantalla y se procesa captcha con valor: W3V
13:47:39: Se ingresa el número de serie: 
13:47:41: Se ingresa el captcha: W3V
13:47:41: Se manda click al botón buscar
13:48:31: Se accede a la URL: http://www2.repuve.gob.mx:8080/ciudadania/
13:48:32: Se toma captura a la pantalla y se procesa captcha con valor: gnO
13:48:32: Se ingresa el número de serie: 
13:48:34: Se ingresa el captcha: gnO
13:48:34: Se manda click al botón buscar
13:48:45: Se accede a la URL: http://www2.repuve.gob.mx:8080/ciudadania/
13:48:46: Se toma captura a la pantalla y se procesa captcha con valor: 
13:48:46: Se ingresa el número de serie: 
13:48:48: Se ingresa el captcha: 
13:48:48: Se manda click al botón buscar
13:48:59: Se accede a la URL: http://www2.repuve.gob.mx:8080/ciudadania/
13:49:00: Se toma captura a la pantalla y se procesa captcha con valor: IZp5
13:49:00: Se ingresa el número de serie: 
13:49:02: Se ingresa el captcha: IZp5
13:49:03: Se manda click al botón buscar
13:49:32: Se accede a la URL: http://www2.repuve.gob.mx:8080/ciudadania/
13:49:33: Se toma captura a la pantalla y se procesa captcha con valor: e30
13:49:33: Se ingresa el número de serie: 
13:49:35: Se ingresa el captcha: e30
13:49:35: Se manda click al botón buscar
13:49:48: Se accede a la URL: http://www2.repuve.gob.mx:8080/ciudadania/
13:49:49: Se toma captura a la pantalla y se procesa captcha con valor: ymk0
13:49:49: Se ingresa el número de serie: 
13:49:51: Se ingresa el captcha: ymk0
13:49:51: Se manda click al botón buscar
13:50:00: Se accede a la URL: http://www2.repuve.gob.mx:8080/ciudadania/
13:50:01: Se toma captura a la pantalla y se procesa captcha con valor: ffI
13:50:01: Se ingresa el número de serie: 
13:50:04: Se ingresa el captcha: ffI
13:50:08: Se manda click al botón buscar
13:50:19: Se accede a la URL: http://www2.repuve.gob.mx:8080/ciudadania/
13:50:20: Se toma captura a la pantalla y se procesa captcha con valor: 13af
13:50:20: Se ingresa el número de serie: 
13:50:22: Se ingresa el captcha: 13af
13:50:23: Se manda click al botón buscar
13:52:13: Se accede a la URL: http://www2.repuve.gob.mx:8080/ciudadania/
13:52:14: Se toma captura a la pantalla y se procesa captcha con valor: 
13:52:14: Se ingresa el número de serie: 
13:52:17: Se ingresa el captcha: 
13:52:17: Se manda click al botón buscar
