Archivo LOG de reportes del 2019/02/06 17:45:41
*******************************************************
17:45:42: Iniciando QContent descarga de documentos
17:45:42: Se busca comparar el archivo idc--59254911P con un patrón de Póliza. sin OCR
17:45:42: Se encontró que el archivo idc--59254911P es una Póliza. sin OCR
17:45:42: Se movió el documento idc--59254911P al directorio de Poliza. sin OCR
17:45:42: Se busca comparar el archivo idc-75266885P con un patrón de Póliza. sin OCR
17:45:42: Se encontró que el archivo idc-75266885P es una Póliza. sin OCR
17:45:42: Se movió el documento idc-75266885P al directorio de Poliza. sin OCR
17:45:42: Se busca comparar el archivo idc-75393119P con un patrón de Póliza. sin OCR
17:45:42: Se encontró que el archivo idc-75393119P es una Póliza. sin OCR
17:45:42: Se movió el documento idc-75393119P al directorio de Poliza. sin OCR
17:45:42: Se busca comparar el archivo idc-75487751P con un patrón de Póliza. sin OCR
17:45:42: Se encontró que el archivo idc-75487751P es una Póliza. sin OCR
17:45:42: Se movió el documento idc-75487751P al directorio de Poliza. sin OCR
17:45:42: Se busca comparar el archivo idc-75515166P con un patrón de Póliza. sin OCR
17:46:03: Se busca comparar el archivo idc-75515166P con un patrón de Póliza
17:46:03: Se encontró que el archivo idc-75515166P es una Póliza
17:46:03: Se movió el documento idc-75515166P al directorio de Poliza
17:46:03: Se busca comparar el archivo idc-75517250P con un patrón de Póliza. sin OCR
17:46:03: Se encontró que el archivo idc-75517250P es una Póliza. sin OCR
17:46:03: Se movió el documento idc-75517250P al directorio de Poliza. sin OCR
17:46:03: Se busca comparar el archivo idc-75533025P con un patrón de Póliza. sin OCR
17:46:03: Se encontró que el archivo idc-75533025P es una Póliza. sin OCR
17:46:03: Se movió el documento idc-75533025P al directorio de Poliza. sin OCR
