Archivo LOG de reportes del 2019/02/15 12:58:46
*******************************************************
12:58:51: C:\Users\Fernanda Rey\Desktop\pruebas\Siniestros\04182635987
12:58:51: Se busca comparar el archivo 20190128105758536 con un patrón de Póliza. sin OCR
12:59:17: Se busca comparar el archivo 20190128105758536 con un patrón de Póliza
12:59:17: Se busca comparar el archivo 20190128105758536 con un patrón de Factura
12:59:17: Se encontró que el archivo 20190128105758536 es una Factura
12:59:17: Se movió el documento 20190128105758536 al directorio de Factura
12:59:17: Se busca comparar el archivo idc-75266891F con un patrón de Póliza. sin OCR
12:59:17: Se busca comparar el archivo idc-75266891F con un patrón de Factura sin OCR. sin OCR
12:59:17: Se encontró que el archivo idc-75266891F es una Factura. sin OCR
12:59:17: Se movió el documento idc-75266891F al directorio de Factura. sin OCR
12:59:17: Se busca comparar el archivo idc-75544378 con un patrón de Póliza. sin OCR
12:59:17: Se busca comparar el archivo idc-75544378 con un patrón de Factura sin OCR. sin OCR
12:59:17: Se encontró que el archivo idc-75544378 es una Factura. sin OCR
12:59:17: Se movió el documento idc-75544378 al directorio de Factura. sin OCR
12:59:21: Se navega a la URL: https://tramitesdigitales.sat.gob.mx/Sicofi.ValidacionCFD/Default.aspx
12:59:21: Se toma screenshot y se procesar CAPTCHA con valor: yV7Yf
12:59:21: Se digita el captcha con valor: yV7Yf
12:59:22: Se manda click al elemento Continuar
12:59:22: Se digita el RFC del emisor: AUT091023H43
12:59:22: Se digita la serie: 
12:59:22: Se digita el Folio del Comprobante: 
12:59:22: Se digita el Número de Aprobación: 
12:59:22: Se digita el Año de Aprobación: 
12:59:22: Se manda click al botón Consultar
12:59:49: Se navega a la URL: https://tramitesdigitales.sat.gob.mx/Sicofi.ValidacionCFD/Default.aspx
12:59:49: Se toma screenshot y se procesar CAPTCHA con valor: yV7Yf
12:59:49: Se digita el captcha con valor: yV7Yf
12:59:49: Se manda click al elemento Continuar
12:59:50: Se digita el RFC del emisor: PAU-831108-IV2
12:59:50: Se digita la serie: 9BWCCO5W8
12:59:50: Se digita el Folio del Comprobante: 1787
12:59:50: Se digita el Número de Aprobación: 
12:59:50: Se digita el Año de Aprobación: MERIDA,
12:59:50: Se manda click al botón Consultar
12:59:57: Se navega a la URL: https://tramitesdigitales.sat.gob.mx/Sicofi.ValidacionCFD/Default.aspx
12:59:57: Se toma screenshot y se procesar CAPTCHA con valor: yV7Yf
12:59:57: Se digita el captcha con valor: yV7Yf
12:59:58: Se manda click al elemento Continuar
12:59:58: Se digita el RFC del emisor: 
12:59:58: Se digita la serie: 
12:59:58: Se digita el Folio del Comprobante: 
12:59:58: Se digita el Número de Aprobación: 
12:59:58: Se digita el Año de Aprobación: 
12:59:58: Se manda click al botón Consultar
13:13:21: Se navega a la URL: https://verificacfdi.facturaelectronica.sat.gob.mx/
13:13:23: Se ingresó folio fiscal: 
13:13:23: Se ingresó RFC de Emisor: 
13:13:23: Se ingresó RFC de Receptor: 
13:13:23: Se ingresó Captcha: 
13:13:37: Se navega a la URL: https://verificacfdi.facturaelectronica.sat.gob.mx/
13:13:39: Se ingresó folio fiscal: 
13:13:39: Se ingresó RFC de Emisor: 
13:13:39: Se ingresó RFC de Receptor: 
13:13:39: Se ingresó Captcha: 
13:14:02: Se navega a la URL: https://verificacfdi.facturaelectronica.sat.gob.mx/
13:14:05: Se ingresó folio fiscal: 
13:14:05: Se ingresó RFC de Emisor: 
13:14:05: Se ingresó RFC de Receptor: 
13:14:05: Se ingresó Captcha: 
13:14:15: Se accede a la URL: http://www2.repuve.gob.mx:8080/ciudadania/
13:14:16: Se toma captura a la pantalla y se procesa captcha con valor: 
13:14:16: Se ingresa el número de serie: 
13:14:19: Se ingresa el captcha: 
13:14:19: Se manda click al botón buscar
13:14:22: Se accede a la URL: http://www2.repuve.gob.mx:8080/ciudadania/
13:14:23: Se toma captura a la pantalla y se procesa captcha con valor: 1288
13:14:23: Se ingresa el número de serie: 
13:14:26: Se ingresa el captcha: 1288
13:14:26: Se manda click al botón buscar
13:14:46: Se accede a la URL: http://www2.repuve.gob.mx:8080/ciudadania/
13:14:47: Se toma captura a la pantalla y se procesa captcha con valor: and
13:14:47: Se ingresa el número de serie: 
13:14:49: Se ingresa el captcha: and
13:14:50: Se manda click al botón buscar
13:14:51: Se accede a la URL: http://www2.repuve.gob.mx:8080/ciudadania/
13:14:52: Se toma captura a la pantalla y se procesa captcha con valor: 
13:14:52: Se ingresa el número de serie: 
13:14:54: Se ingresa el captcha: 
13:14:54: Se manda click al botón buscar
13:14:57: Se accede a la URL: http://www2.repuve.gob.mx:8080/ciudadania/
13:14:58: Se toma captura a la pantalla y se procesa captcha con valor: 5rlz
13:14:58: Se ingresa el número de serie: 
13:15:01: Se ingresa el captcha: 5rlz
13:15:01: Se manda click al botón buscar
13:15:06: Se accede a la URL: http://www2.repuve.gob.mx:8080/ciudadania/
13:15:07: Se toma captura a la pantalla y se procesa captcha con valor: 4st
13:15:07: Se ingresa el número de serie: 
13:15:10: Se ingresa el captcha: 4st
13:15:10: Se manda click al botón buscar
13:15:39: Se accede a la URL: http://www2.repuve.gob.mx:8080/ciudadania/
13:15:40: Se toma captura a la pantalla y se procesa captcha con valor: ogwn
13:15:40: Se ingresa el número de serie: 9BWCCO5W8
13:15:43: Se ingresa el captcha: ogwn
13:15:43: Se manda click al botón buscar
13:18:10: Se encontró el siguiente error: OpenQA.Selenium.WebDriverException: no such session
  (Driver info: chromedriver=2.38.552522 (437e6fbedfa8762dec75e2c5b3ddb86763dc9dcb),platform=Windows NT 10.0.17134 x86_64)
   en OpenQA.Selenium.Remote.RemoteWebDriver.UnpackAndThrowOnError(Response errorResponse)
   en OpenQA.Selenium.Remote.RemoteWebDriver.Execute(String driverCommandToExecute, Dictionary`2 parameters)
   en OpenQA.Selenium.Remote.RemoteWebDriver.set_Url(String value)
   en OpenQA.Selenium.Remote.RemoteNavigator.GoToUrl(String url)
   en QPil.Procesos.CaptchaRepuve.ProcesoCaptchaRepuve(DataRow datos, IWebDriver Driver) en C:\Users\Fernanda Rey\Desktop\RepoQualitas\QPil\Procesos\CaptchaRepuve.cs:línea 100
