Archivo LOG de reportes del 2019/02/15 16:25:40
*******************************************************
16:25:45: C:\Users\Fernanda Rey\Desktop\pruebas\Siniestros\04182635987
16:25:45: Se busca comparar el archivo 20190128105758536 con un patrón de Póliza. sin OCR
16:26:12: Se busca comparar el archivo 20190128105758536 con un patrón de Póliza
16:26:12: Se busca comparar el archivo 20190128105758536 con un patrón de Factura
16:26:12: Se encontró que el archivo 20190128105758536 es una Factura
16:26:12: Se movió el documento 20190128105758536 al directorio de Factura
16:26:12: Se busca comparar el archivo idc--59254917F con un patrón de Póliza. sin OCR
16:26:12: Se busca comparar el archivo idc--59254917F con un patrón de Factura sin OCR. sin OCR
16:26:12: Se encontró que el archivo idc--59254917F es una Factura. sin OCR
16:26:12: Se movió el documento idc--59254917F al directorio de Factura. sin OCR
16:26:12: Se busca comparar el archivo idc-73951168F con un patrón de Póliza. sin OCR
16:26:18: Se busca comparar el archivo idc-73951168F con un patrón de Póliza
16:26:18: Se busca comparar el archivo idc-73951168F con un patrón de Factura
16:26:18: Se encontró que el archivo idc-73951168F es una Factura
16:26:18: Se movió el documento idc-73951168F al directorio de Factura
16:26:18: Se busca comparar el archivo idc-75266891F con un patrón de Póliza. sin OCR
16:26:18: Se busca comparar el archivo idc-75266891F con un patrón de Factura sin OCR. sin OCR
16:26:18: Se encontró que el archivo idc-75266891F es una Factura. sin OCR
16:26:18: Se movió el documento idc-75266891F al directorio de Factura. sin OCR
16:26:18: Se busca comparar el archivo idc-75393137F con un patrón de Póliza. sin OCR
16:26:18: Se busca comparar el archivo idc-75393137F con un patrón de Factura sin OCR. sin OCR
16:26:18: Se encontró que el archivo idc-75393137F es una Factura. sin OCR
16:26:18: Se movió el documento idc-75393137F al directorio de Factura. sin OCR
16:26:18: Se busca comparar el archivo idc-75514407F con un patrón de Póliza. sin OCR
16:26:18: Se busca comparar el archivo idc-75514407F con un patrón de Factura sin OCR. sin OCR
16:26:18: Se encontró que el archivo idc-75514407F es una Factura. sin OCR
16:26:18: Se movió el documento idc-75514407F al directorio de Factura. sin OCR
16:26:18: Se busca comparar el archivo idc-75514418F con un patrón de Póliza. sin OCR
16:26:18: Se busca comparar el archivo idc-75514418F con un patrón de Factura sin OCR. sin OCR
16:26:18: Se encontró que el archivo idc-75514418F es una Factura. sin OCR
16:26:18: Se movió el documento idc-75514418F al directorio de Factura. sin OCR
16:26:18: Se busca comparar el archivo idc-75515169F con un patrón de Póliza. sin OCR
16:26:38: Se busca comparar el archivo idc-75515169F con un patrón de Póliza
16:26:38: Se busca comparar el archivo idc-75515169F con un patrón de Factura
16:26:38: Se encontró que el archivo idc-75515169F es una Factura
16:26:38: Se movió el documento idc-75515169F al directorio de Factura
16:26:38: Se busca comparar el archivo idc-75533026F con un patrón de Póliza. sin OCR
16:26:38: Se busca comparar el archivo idc-75533026F con un patrón de Factura sin OCR. sin OCR
16:26:38: Se encontró que el archivo idc-75533026F es una Factura. sin OCR
16:26:38: Se movió el documento idc-75533026F al directorio de Factura. sin OCR
16:26:38: Se busca comparar el archivo idc-75544378 con un patrón de Póliza. sin OCR
16:26:38: Se busca comparar el archivo idc-75544378 con un patrón de Factura sin OCR. sin OCR
16:26:38: Se encontró que el archivo idc-75544378 es una Factura. sin OCR
16:26:38: Se movió el documento idc-75544378 al directorio de Factura. sin OCR
16:26:53: Se accede a la URL: http://www2.repuve.gob.mx:8080/ciudadania/
16:27:10: Se toma captura a la pantalla y se procesa captcha con valor: 572
16:27:12: Se ingresa el número de serie: 
16:27:17: Se ingresa el captcha: 572
16:27:21: Se manda click al botón buscar
