Archivo LOG de reportes del 2019/02/18 11:47:55
*******************************************************
11:48:00: C:\Users\Fernanda Rey\Desktop\pruebas\Siniestros\04182635987
11:48:00: Se busca comparar el archivo 20190128105758536 con un patrón de Póliza. sin OCR
11:48:25: Se busca comparar el archivo 20190128105758536 con un patrón de Póliza
11:48:25: Se busca comparar el archivo 20190128105758536 con un patrón de Factura
11:48:25: Se encontró que el archivo 20190128105758536 es una Factura
11:48:25: Se movió el documento 20190128105758536 al directorio de Factura
11:48:25: Se busca comparar el archivo idc-73951168F con un patrón de Póliza. sin OCR
11:48:31: Se busca comparar el archivo idc-73951168F con un patrón de Póliza
11:48:31: Se busca comparar el archivo idc-73951168F con un patrón de Factura
11:48:31: Se encontró que el archivo idc-73951168F es una Factura
11:48:31: Se movió el documento idc-73951168F al directorio de Factura
11:48:31: Se busca comparar el archivo idc-75266891F con un patrón de Póliza. sin OCR
11:48:31: Se busca comparar el archivo idc-75266891F con un patrón de Factura sin OCR. sin OCR
11:48:31: Se encontró que el archivo idc-75266891F es una Factura. sin OCR
11:48:31: Se movió el documento idc-75266891F al directorio de Factura. sin OCR
11:48:31: Se busca comparar el archivo idc-75393137F con un patrón de Póliza. sin OCR
11:48:31: Se busca comparar el archivo idc-75393137F con un patrón de Factura sin OCR. sin OCR
11:48:31: Se encontró que el archivo idc-75393137F es una Factura. sin OCR
11:48:31: Se movió el documento idc-75393137F al directorio de Factura. sin OCR
11:48:31: Se busca comparar el archivo idc-75514407F con un patrón de Póliza. sin OCR
11:48:31: Se busca comparar el archivo idc-75514407F con un patrón de Factura sin OCR. sin OCR
11:48:31: Se encontró que el archivo idc-75514407F es una Factura. sin OCR
11:48:31: Se movió el documento idc-75514407F al directorio de Factura. sin OCR
11:48:31: Se busca comparar el archivo idc-75514418F con un patrón de Póliza. sin OCR
11:48:31: Se busca comparar el archivo idc-75514418F con un patrón de Factura sin OCR. sin OCR
11:48:31: Se encontró que el archivo idc-75514418F es una Factura. sin OCR
11:48:31: Se movió el documento idc-75514418F al directorio de Factura. sin OCR
11:48:31: Se busca comparar el archivo idc-75515169F con un patrón de Póliza. sin OCR
11:48:50: Se busca comparar el archivo idc-75515169F con un patrón de Póliza
11:48:50: Se busca comparar el archivo idc-75515169F con un patrón de Factura
11:48:50: Se encontró que el archivo idc-75515169F es una Factura
11:48:50: Se movió el documento idc-75515169F al directorio de Factura
11:48:50: Se busca comparar el archivo idc-75533026F con un patrón de Póliza. sin OCR
11:48:50: Se busca comparar el archivo idc-75533026F con un patrón de Factura sin OCR. sin OCR
11:48:50: Se encontró que el archivo idc-75533026F es una Factura. sin OCR
11:48:50: Se movió el documento idc-75533026F al directorio de Factura. sin OCR
11:48:50: Se busca comparar el archivo idc-75544378 con un patrón de Póliza. sin OCR
11:48:50: Se busca comparar el archivo idc-75544378 con un patrón de Factura sin OCR. sin OCR
11:48:50: Se encontró que el archivo idc-75544378 es una Factura. sin OCR
11:48:50: Se movió el documento idc-75544378 al directorio de Factura. sin OCR
11:49:08: Se accede a la URL: http://www2.repuve.gob.mx:8080/ciudadania/
11:49:22: Se toma captura a la pantalla y se procesa captcha con valor: Ign
11:49:22: Se ingresa el número de serie: 
11:49:24: Se ingresa el captcha: Ign
11:49:24: Se manda click al botón buscar
11:50:15: Se accede a la URL: http://www2.repuve.gob.mx:8080/ciudadania/
11:50:22: Se toma captura a la pantalla y se procesa captcha con valor: 
11:50:22: Se ingresa el número de serie: WBAVL9109DVT77514
11:50:25: Se ingresa el captcha: 
11:50:25: Se manda click al botón buscar
11:50:25: Se toma captura a la pantalla y se procesa captcha con valor: 
11:50:25: Se ingresa el número de serie: WBAVL9109DVT77514
11:50:28: Se ingresa el captcha: 
11:50:28: Se manda click al botón buscar
11:50:29: Se toma captura a la pantalla y se procesa captcha con valor: 
11:50:29: Se ingresa el número de serie: WBAVL9109DVT77514
11:50:31: Se ingresa el captcha: 
11:50:31: Se manda click al botón buscar
11:50:32: Se toma captura a la pantalla y se procesa captcha con valor: 
11:50:32: Se ingresa el número de serie: WBAVL9109DVT77514
11:50:35: Se ingresa el captcha: 
11:50:35: Se manda click al botón buscar
11:50:35: Se toma captura a la pantalla y se procesa captcha con valor: 
11:50:36: Se ingresa el número de serie: WBAVL9109DVT77514
11:50:38: Se ingresa el captcha: 
11:50:38: Se manda click al botón buscar
11:50:39: Se toma captura a la pantalla y se procesa captcha con valor: 
11:50:39: Se ingresa el número de serie: WBAVL9109DVT77514
