Archivo LOG de reportes del 2019/02/15 12:28:24
*******************************************************
12:28:29: C:\Users\Fernanda Rey\Desktop\pruebas\Siniestros\04182635987
12:28:29: Se busca comparar el archivo 20190128105758536 con un patrón de Póliza. sin OCR
12:28:57: Se busca comparar el archivo 20190128105758536 con un patrón de Póliza
12:28:57: Se busca comparar el archivo 20190128105758536 con un patrón de Factura
12:28:57: Se encontró que el archivo 20190128105758536 es una Factura
12:28:57: Se movió el documento 20190128105758536 al directorio de Factura
12:28:57: Se busca comparar el archivo idc-75266891F con un patrón de Póliza. sin OCR
12:28:57: Se busca comparar el archivo idc-75266891F con un patrón de Factura sin OCR. sin OCR
12:28:57: Se encontró que el archivo idc-75266891F es una Factura. sin OCR
12:28:57: Se movió el documento idc-75266891F al directorio de Factura. sin OCR
12:28:57: Se busca comparar el archivo idc-75544378 con un patrón de Póliza. sin OCR
12:28:57: Se busca comparar el archivo idc-75544378 con un patrón de Factura sin OCR. sin OCR
12:28:57: Se encontró que el archivo idc-75544378 es una Factura. sin OCR
12:28:57: Se movió el documento idc-75544378 al directorio de Factura. sin OCR
12:29:03: Se navega a la URL: https://tramitesdigitales.sat.gob.mx/Sicofi.ValidacionCFD/Default.aspx
12:29:03: Se toma screenshot y se procesar CAPTCHA con valor: yV7Yf
12:29:03: Se digita el captcha con valor: yV7Yf
12:29:04: Se manda click al elemento Continuar
12:29:04: Se digita el RFC del emisor: AUT091023H43
12:29:04: Se digita la serie: 
12:29:04: Se digita el Folio del Comprobante: 
12:29:04: Se digita el Número de Aprobación: 
12:29:04: Se digita el Año de Aprobación: 
12:29:04: Se manda click al botón Consultar
12:29:11: Se navega a la URL: https://tramitesdigitales.sat.gob.mx/Sicofi.ValidacionCFD/Default.aspx
12:29:11: Se toma screenshot y se procesar CAPTCHA con valor: yV7Yf
12:29:11: Se digita el captcha con valor: yV7Yf
12:29:11: Se manda click al elemento Continuar
12:29:11: Se digita el RFC del emisor: PAU-831108-IV2
12:29:12: Se digita la serie: 9BWCCO5W8
12:29:12: Se digita el Folio del Comprobante: 1787
12:29:12: Se digita el Número de Aprobación: 
12:29:12: Se digita el Año de Aprobación: MERIDA,
12:29:12: Se manda click al botón Consultar
12:29:17: Se navega a la URL: https://tramitesdigitales.sat.gob.mx/Sicofi.ValidacionCFD/Default.aspx
12:29:17: Se toma screenshot y se procesar CAPTCHA con valor: yV7Yf
12:29:17: Se digita el captcha con valor: yV7Yf
12:29:18: Se manda click al elemento Continuar
12:29:18: Se digita el RFC del emisor: 
12:29:18: Se digita la serie: 
12:29:18: Se digita el Folio del Comprobante: 
12:29:18: Se digita el Número de Aprobación: 
12:29:18: Se digita el Año de Aprobación: 
12:29:19: Se manda click al botón Consultar
12:29:30: Se navega a la URL: https://verificacfdi.facturaelectronica.sat.gob.mx/
12:29:32: Se ingresó folio fiscal: 
12:29:32: Se ingresó RFC de Emisor: 
12:29:32: Se ingresó RFC de Receptor: 
12:29:32: Se ingresó Captcha: 
12:29:41: Se navega a la URL: https://verificacfdi.facturaelectronica.sat.gob.mx/
12:29:44: Se ingresó folio fiscal: 
12:29:44: Se ingresó RFC de Emisor: 
12:29:44: Se ingresó RFC de Receptor: 
12:29:44: Se ingresó Captcha: 
12:29:53: Se navega a la URL: https://verificacfdi.facturaelectronica.sat.gob.mx/
12:29:55: Se ingresó folio fiscal: 
12:29:55: Se ingresó RFC de Emisor: 
12:29:55: Se ingresó RFC de Receptor: 
12:29:55: Se ingresó Captcha: 
12:30:14: Se accede a la URL: http://www2.repuve.gob.mx:8080/ciudadania/
12:30:15: Se toma captura a la pantalla y se procesa captcha con valor: ve6
12:30:15: Se ingresa el número de serie: 
12:30:18: Se ingresa el captcha: ve6
12:30:18: Se manda click al botón buscar
12:30:52: Se accede a la URL: http://www2.repuve.gob.mx:8080/ciudadania/
12:30:53: Se toma captura a la pantalla y se procesa captcha con valor: h2q
12:30:53: Se ingresa el número de serie: WBAVL9109DVT77514
12:30:56: Se ingresa el captcha: h2q
12:30:56: Se manda click al botón buscar
12:30:56: Se manda click al elemento PGJ
12:30:56: El vehiculo con serie WAU9FD8T3EA007986tiene el siguiente reporte en PGJ: Sin Reporte de Robo
12:30:56: Se manda click al elemento OCRA
12:30:56: El vehiculo con serie WAU9FD8T3EA007986  tiene el siguiente reporte en OCRA: Sin Reporte de Robo
12:33:03: Se accede a la URL: http://www2.repuve.gob.mx:8080/ciudadania/
12:33:04: Se toma captura a la pantalla y se procesa captcha con valor: yusn
12:33:04: Se ingresa el número de serie: 9BWCCO5W8
12:33:06: Se ingresa el captcha: yusn
12:33:06: Se manda click al botón buscar
12:33:43: Se encontró el siguiente error: OpenQA.Selenium.WebDriverException: no such session
  (Driver info: chromedriver=2.38.552522 (437e6fbedfa8762dec75e2c5b3ddb86763dc9dcb),platform=Windows NT 10.0.17134 x86_64)
   en OpenQA.Selenium.Remote.RemoteWebDriver.UnpackAndThrowOnError(Response errorResponse)
   en OpenQA.Selenium.Remote.RemoteWebDriver.Execute(String driverCommandToExecute, Dictionary`2 parameters)
   en OpenQA.Selenium.Remote.RemoteWebDriver.set_Url(String value)
   en OpenQA.Selenium.Remote.RemoteNavigator.GoToUrl(String url)
   en QPil.Procesos.CaptchaRepuve.ProcesoCaptchaRepuve(DataRow datos)
12:33:52: Se accede a la URL: http://www2.repuve.gob.mx:8080/ciudadania/
12:33:53: Se toma captura a la pantalla y se procesa captcha con valor: jr7
12:33:53: Se ingresa el número de serie: 
12:33:56: Se ingresa el captcha: jr7
12:33:56: Se manda click al botón buscar
12:34:47: C:\Users\Fernanda Rey\Desktop\RepoQualitas\QPil\bin\Debug\
12:34:50: No se puede trabajar porque no se selecciona ningún archivo de siniestros
