Archivo LOG de reportes del 2019/02/15 16:39:27
*******************************************************
16:39:32: C:\Users\Fernanda Rey\Desktop\pruebas\Siniestros\04182635987
16:39:33: Se busca comparar el archivo 20190128105758536 con un patrón de Póliza. sin OCR
16:40:06: Se busca comparar el archivo 20190128105758536 con un patrón de Póliza
16:40:06: Se busca comparar el archivo 20190128105758536 con un patrón de Factura
16:40:06: Se encontró que el archivo 20190128105758536 es una Factura
16:40:06: Se movió el documento 20190128105758536 al directorio de Factura
16:40:06: Se busca comparar el archivo idc--59254917F con un patrón de Póliza. sin OCR
16:40:06: Se busca comparar el archivo idc--59254917F con un patrón de Factura sin OCR. sin OCR
16:40:06: Se encontró que el archivo idc--59254917F es una Factura. sin OCR
16:40:06: Se movió el documento idc--59254917F al directorio de Factura. sin OCR
16:40:06: Se busca comparar el archivo idc-73951168F con un patrón de Póliza. sin OCR
16:40:12: Se busca comparar el archivo idc-73951168F con un patrón de Póliza
16:40:12: Se busca comparar el archivo idc-73951168F con un patrón de Factura
16:40:12: Se encontró que el archivo idc-73951168F es una Factura
16:40:12: Se movió el documento idc-73951168F al directorio de Factura
16:40:12: Se busca comparar el archivo idc-75266891F con un patrón de Póliza. sin OCR
16:40:12: Se busca comparar el archivo idc-75266891F con un patrón de Factura sin OCR. sin OCR
16:40:12: Se encontró que el archivo idc-75266891F es una Factura. sin OCR
16:40:12: Se movió el documento idc-75266891F al directorio de Factura. sin OCR
16:40:12: Se busca comparar el archivo idc-75393137F con un patrón de Póliza. sin OCR
16:40:12: Se busca comparar el archivo idc-75393137F con un patrón de Factura sin OCR. sin OCR
16:40:12: Se encontró que el archivo idc-75393137F es una Factura. sin OCR
16:40:12: Se movió el documento idc-75393137F al directorio de Factura. sin OCR
16:40:12: Se busca comparar el archivo idc-75514407F con un patrón de Póliza. sin OCR
16:40:12: Se busca comparar el archivo idc-75514407F con un patrón de Factura sin OCR. sin OCR
16:40:12: Se encontró que el archivo idc-75514407F es una Factura. sin OCR
16:40:12: Se movió el documento idc-75514407F al directorio de Factura. sin OCR
16:40:12: Se busca comparar el archivo idc-75514418F con un patrón de Póliza. sin OCR
16:40:12: Se busca comparar el archivo idc-75514418F con un patrón de Factura sin OCR. sin OCR
16:40:12: Se encontró que el archivo idc-75514418F es una Factura. sin OCR
16:40:12: Se movió el documento idc-75514418F al directorio de Factura. sin OCR
16:40:12: Se busca comparar el archivo idc-75515169F con un patrón de Póliza. sin OCR
16:40:33: Se busca comparar el archivo idc-75515169F con un patrón de Póliza
16:40:33: Se busca comparar el archivo idc-75515169F con un patrón de Factura
16:40:33: Se encontró que el archivo idc-75515169F es una Factura
16:40:33: Se movió el documento idc-75515169F al directorio de Factura
16:40:33: Se busca comparar el archivo idc-75533026F con un patrón de Póliza. sin OCR
16:40:33: Se busca comparar el archivo idc-75533026F con un patrón de Factura sin OCR. sin OCR
16:40:33: Se encontró que el archivo idc-75533026F es una Factura. sin OCR
16:40:33: Se movió el documento idc-75533026F al directorio de Factura. sin OCR
16:40:33: Se busca comparar el archivo idc-75544378 con un patrón de Póliza. sin OCR
16:40:33: Se busca comparar el archivo idc-75544378 con un patrón de Factura sin OCR. sin OCR
16:40:33: Se encontró que el archivo idc-75544378 es una Factura. sin OCR
16:40:33: Se movió el documento idc-75544378 al directorio de Factura. sin OCR
16:44:04: Se accede a la URL: http://www2.repuve.gob.mx:8080/ciudadania/
16:44:14: Se toma captura a la pantalla y se procesa captcha con valor: tll
16:44:15: Se ingresa el número de serie: 
16:44:17: Se ingresa el captcha: tll
16:44:17: Se manda click al botón buscar
16:45:34: Se accede a la URL: http://www2.repuve.gob.mx:8080/ciudadania/
16:45:44: Se toma captura a la pantalla y se procesa captcha con valor: I005
16:45:44: Se ingresa el número de serie: WBAVL9109DVT77514
16:45:46: Se ingresa el captcha: I005
16:45:47: Se manda click al botón buscar
16:47:18: Se encontró el siguiente error: OpenQA.Selenium.StaleElementReferenceException: stale element reference: element is not attached to the page document
  (Session info: chrome=72.0.3626.109)
  (Driver info: chromedriver=2.38.552522 (437e6fbedfa8762dec75e2c5b3ddb86763dc9dcb),platform=Windows NT 10.0.17134 x86_64)
   en OpenQA.Selenium.Remote.RemoteWebDriver.UnpackAndThrowOnError(Response errorResponse)
   en OpenQA.Selenium.Remote.RemoteWebDriver.Execute(String driverCommandToExecute, Dictionary`2 parameters)
   en OpenQA.Selenium.Remote.RemoteWebElement.Click()
   en QPil.Procesos.CaptchaRepuve.ProcesoCaptchaRepuve(DataRow datos, IWebDriver Driver)
16:47:42: Se accede a la URL: http://www2.repuve.gob.mx:8080/ciudadania/
16:47:57: Se toma captura a la pantalla y se procesa captcha con valor: 98u7
16:47:57: Se ingresa el número de serie: WAU9FD8T3EA007986
16:48:00: Se ingresa el captcha: 98u7
16:48:15: Se manda click al botón buscar
16:48:41: Se toma captura a la pantalla y se procesa captcha con valor: vd2
16:48:41: Se ingresa el número de serie: WAU9FD8T3EA007986
16:48:44: Se ingresa el captcha: vd2
16:48:47: Se manda click al botón buscar
16:56:58: Se manda click al elemento PGJ
16:57:02: El vehiculo con serie WAU9FD8T3EA007986tiene el siguiente reporte en PGJ: Sin Reporte de Robo
16:57:02: Se manda click al elemento OCRA
16:57:02: El vehiculo con serie WAU9FD8T3EA007986  tiene el siguiente reporte en OCRA: Sin Reporte de Robo
16:57:21: Se accede a la URL: http://www2.repuve.gob.mx:8080/ciudadania/
