Archivo LOG de reportes del 2019/02/18 11:36:12
*******************************************************
11:36:17: C:\Users\Fernanda Rey\Desktop\pruebas\Siniestros\04182635987
11:36:17: Se busca comparar el archivo 20190128105758536 con un patrón de Póliza. sin OCR
11:36:43: Se busca comparar el archivo 20190128105758536 con un patrón de Póliza
11:36:43: Se busca comparar el archivo 20190128105758536 con un patrón de Factura
11:36:43: Se encontró que el archivo 20190128105758536 es una Factura
11:36:43: Se movió el documento 20190128105758536 al directorio de Factura
11:36:43: Se busca comparar el archivo idc-73951168F con un patrón de Póliza. sin OCR
11:36:49: Se busca comparar el archivo idc-73951168F con un patrón de Póliza
11:36:49: Se busca comparar el archivo idc-73951168F con un patrón de Factura
11:36:49: Se encontró que el archivo idc-73951168F es una Factura
11:36:49: Se movió el documento idc-73951168F al directorio de Factura
11:36:49: Se busca comparar el archivo idc-75266891F con un patrón de Póliza. sin OCR
11:36:49: Se busca comparar el archivo idc-75266891F con un patrón de Factura sin OCR. sin OCR
11:36:49: Se encontró que el archivo idc-75266891F es una Factura. sin OCR
11:36:49: Se movió el documento idc-75266891F al directorio de Factura. sin OCR
11:36:49: Se busca comparar el archivo idc-75393137F con un patrón de Póliza. sin OCR
11:36:49: Se busca comparar el archivo idc-75393137F con un patrón de Factura sin OCR. sin OCR
11:36:49: Se encontró que el archivo idc-75393137F es una Factura. sin OCR
11:36:49: Se movió el documento idc-75393137F al directorio de Factura. sin OCR
11:36:49: Se busca comparar el archivo idc-75514407F con un patrón de Póliza. sin OCR
11:36:49: Se busca comparar el archivo idc-75514407F con un patrón de Factura sin OCR. sin OCR
11:36:49: Se encontró que el archivo idc-75514407F es una Factura. sin OCR
11:36:49: Se movió el documento idc-75514407F al directorio de Factura. sin OCR
11:36:49: Se busca comparar el archivo idc-75514418F con un patrón de Póliza. sin OCR
11:36:49: Se busca comparar el archivo idc-75514418F con un patrón de Factura sin OCR. sin OCR
11:36:49: Se encontró que el archivo idc-75514418F es una Factura. sin OCR
11:36:49: Se movió el documento idc-75514418F al directorio de Factura. sin OCR
11:36:49: Se busca comparar el archivo idc-75515169F con un patrón de Póliza. sin OCR
11:37:07: Se busca comparar el archivo idc-75515169F con un patrón de Póliza
11:37:07: Se busca comparar el archivo idc-75515169F con un patrón de Factura
11:37:07: Se encontró que el archivo idc-75515169F es una Factura
11:37:07: Se movió el documento idc-75515169F al directorio de Factura
11:37:07: Se busca comparar el archivo idc-75533026F con un patrón de Póliza. sin OCR
11:37:07: Se busca comparar el archivo idc-75533026F con un patrón de Factura sin OCR. sin OCR
11:37:07: Se encontró que el archivo idc-75533026F es una Factura. sin OCR
11:37:07: Se movió el documento idc-75533026F al directorio de Factura. sin OCR
11:37:07: Se busca comparar el archivo idc-75544378 con un patrón de Póliza. sin OCR
11:37:07: Se busca comparar el archivo idc-75544378 con un patrón de Factura sin OCR. sin OCR
11:37:07: Se encontró que el archivo idc-75544378 es una Factura. sin OCR
11:37:07: Se movió el documento idc-75544378 al directorio de Factura. sin OCR
11:37:27: Se accede a la URL: http://www2.repuve.gob.mx:8080/ciudadania/
11:37:28: Se toma captura a la pantalla y se procesa captcha con valor: v52
11:37:28: Se ingresa el número de serie: 
11:37:31: Se ingresa el captcha: v52
11:37:31: Se manda click al botón buscar
11:39:00: Se accede a la URL: http://www2.repuve.gob.mx:8080/ciudadania/
11:39:27: Se toma captura a la pantalla y se procesa captcha con valor: fcvd
11:39:27: Se ingresa el número de serie: WBAVL9109DVT77514
11:39:29: Se ingresa el captcha: fcvd
11:39:30: Se manda click al botón buscar
11:40:39: Se manda click al elemento PGJ
11:40:39: El vehiculo con serie WAU9FD8T3EA007986tiene el siguiente reporte en PGJ: Sin Reporte de Robo
11:40:39: Se manda click al elemento OCRA
11:40:40: El vehiculo con serie WAU9FD8T3EA007986  tiene el siguiente reporte en OCRA: Sin Reporte de Robo
11:41:40: Se accede a la URL: http://www2.repuve.gob.mx:8080/ciudadania/
11:41:53: Se toma captura a la pantalla y se procesa captcha con valor: 153
11:41:53: Se ingresa el número de serie: 
11:41:56: Se ingresa el captcha: 153
11:41:56: Se manda click al botón buscar
11:42:42: Se accede a la URL: http://www2.repuve.gob.mx:8080/ciudadania/
11:42:49: Se toma captura a la pantalla y se procesa captcha con valor: 020m
11:42:49: Se ingresa el número de serie: 9BWCCO5W8
11:42:52: Se ingresa el captcha: 020m
11:42:52: Se manda click al botón buscar
11:43:27: Se accede a la URL: http://www2.repuve.gob.mx:8080/ciudadania/
11:43:38: Se toma captura a la pantalla y se procesa captcha con valor: aynf
11:43:38: Se ingresa el número de serie: 4JGCB751226A024223
11:43:41: Se ingresa el captcha: aynf
11:43:41: Se manda click al botón buscar
