Archivo LOG de reportes del 2019/02/14 11:55:55
*******************************************************
11:56:00: C:\Users\Fernanda Rey\Desktop\pruebas\Siniestros\04182635987
11:56:00: Se busca comparar el archivo 20190128105758536 con un patrón de Póliza. sin OCR
11:56:25: Se busca comparar el archivo 20190128105758536 con un patrón de Póliza
11:56:25: Se busca comparar el archivo 20190128105758536 con un patrón de Factura
11:56:25: Se encontró que el archivo 20190128105758536 es una Factura
11:56:25: Se movió el documento 20190128105758536 al directorio de Factura
11:56:26: Se busca comparar el archivo idc-75508646 con un patrón de Póliza. sin OCR
11:56:26: Se busca comparar el archivo idc-75508646 con un patrón de Factura sin OCR. sin OCR
11:56:26: Se encontró que el archivo idc-75508646 es una Factura. sin OCR
11:56:26: Se movió el documento idc-75508646 al directorio de Factura. sin OCR
11:56:26: Se busca comparar el archivo idc-75508650 con un patrón de Póliza. sin OCR
11:56:26: Se busca comparar el archivo idc-75508650 con un patrón de Factura sin OCR. sin OCR
11:56:26: Se encontró que el archivo idc-75508650 es una Factura. sin OCR
11:56:26: Se movió el documento idc-75508650 al directorio de Factura. sin OCR
11:56:26: Se busca comparar el archivo idc-75508651 con un patrón de Póliza. sin OCR
11:56:26: Se busca comparar el archivo idc-75508651 con un patrón de Factura sin OCR. sin OCR
11:56:26: Se encontró que el archivo idc-75508651 es una Factura. sin OCR
11:56:26: Se movió el documento idc-75508651 al directorio de Factura. sin OCR
11:56:26: Se busca comparar el archivo idc-75510921 con un patrón de Póliza. sin OCR
11:56:36: Se busca comparar el archivo idc-75510921 con un patrón de Póliza
11:56:36: Se busca comparar el archivo idc-75510921 con un patrón de Factura
11:56:36: Se encontró que el archivo idc-75510921 es una Factura
11:56:36: Se movió el documento idc-75510921 al directorio de Factura
11:56:36: Se busca comparar el archivo idc-75516159 con un patrón de Póliza. sin OCR
11:56:45: Se busca comparar el archivo idc-75516159 con un patrón de Póliza
11:56:45: Se busca comparar el archivo idc-75516159 con un patrón de Factura
11:56:45: Se encontró que el archivo idc-75516159 es una Factura
11:56:45: Se movió el documento idc-75516159 al directorio de Factura
11:56:45: Se busca comparar el archivo idc-75544349 con un patrón de Póliza. sin OCR
11:56:45: Se busca comparar el archivo idc-75544349 con un patrón de Factura sin OCR. sin OCR
11:56:45: Se encontró que el archivo idc-75544349 es una Factura. sin OCR
11:56:45: Se movió el documento idc-75544349 al directorio de Factura. sin OCR
11:56:46: Se busca comparar el archivo idc-75544373 con un patrón de Póliza. sin OCR
11:56:46: Se busca comparar el archivo idc-75544373 con un patrón de Factura sin OCR. sin OCR
11:56:46: Se encontró que el archivo idc-75544373 es una Factura. sin OCR
11:56:46: Se movió el documento idc-75544373 al directorio de Factura. sin OCR
11:56:46: Se busca comparar el archivo idc-75544378 con un patrón de Póliza. sin OCR
11:56:46: Se busca comparar el archivo idc-75544378 con un patrón de Factura sin OCR. sin OCR
11:56:46: Se encontró que el archivo idc-75544378 es una Factura. sin OCR
11:56:46: Se movió el documento idc-75544378 al directorio de Factura. sin OCR
11:56:46: Se busca comparar el archivo idc-75544385 con un patrón de Póliza. sin OCR
11:56:46: Se busca comparar el archivo idc-75544385 con un patrón de Factura sin OCR. sin OCR
11:56:46: Se encontró que el archivo idc-75544385 es una Factura. sin OCR
11:56:46: Se movió el documento idc-75544385 al directorio de Factura. sin OCR
11:56:46: Se busca comparar el archivo idc-78792276 con un patrón de Póliza. sin OCR
11:56:46: Se busca comparar el archivo idc-78792276 con un patrón de Factura sin OCR. sin OCR
11:56:46: Se encontró que el archivo idc-78792276 es una Factura. sin OCR
11:56:46: Se movió el documento idc-78792276 al directorio de Factura. sin OCR
11:56:54: Se navega a la URL: https://tramitesdigitales.sat.gob.mx/Sicofi.ValidacionCFD/Default.aspx
11:56:54: Se toma screenshot y se procesar CAPTCHA con valor: yV7Yf
11:56:54: Se digita el captcha con valor: yV7Yf
11:56:55: Se manda click al elemento Continuar
11:56:55: Se digita el RFC del emisor: AUT091023H43
11:56:55: Se digita la serie: 
11:56:55: Se digita el Folio del Comprobante: 
11:56:55: Se digita el Número de Aprobación: 
11:56:55: Se digita el Año de Aprobación: 
11:56:55: Se manda click al botón Consultar
11:57:45: Se navega a la URL: https://tramitesdigitales.sat.gob.mx/Sicofi.ValidacionCFD/Default.aspx
11:57:45: Se toma screenshot y se procesar CAPTCHA con valor: yV7Yf
11:57:45: Se digita el captcha con valor: yV7Yf
11:57:45: Se manda click al elemento Continuar
11:57:46: Se digita el RFC del emisor: AUT091023H46
11:57:46: Se digita la serie: E
11:57:46: Se digita el Folio del Comprobante: 0000897
11:57:46: Se digita el Número de Aprobación: 424694
11:57:46: Se digita el Año de Aprobación: 2011
11:57:46: Se manda click al botón Consultar
11:57:59: Se navega a la URL: https://tramitesdigitales.sat.gob.mx/Sicofi.ValidacionCFD/Default.aspx
11:57:59: Se toma screenshot y se procesar CAPTCHA con valor: yV7Yf
11:57:59: Se digita el captcha con valor: yV7Yf
11:57:59: Se manda click al elemento Continuar
11:58:00: Se digita el RFC del emisor: TRA0710029P9L
11:58:00: Se digita la serie: 3WKAD40X5EF854781.(Número
11:58:00: Se digita el Folio del Comprobante: 
11:58:00: Se digita el Número de Aprobación: 
11:58:00: Se digita el Año de Aprobación: 18-12-0371
11:58:00: Se manda click al botón Consultar
11:58:08: Se navega a la URL: https://tramitesdigitales.sat.gob.mx/Sicofi.ValidacionCFD/Default.aspx
11:58:08: Se toma screenshot y se procesar CAPTCHA con valor: yV7Yf
11:58:08: Se digita el captcha con valor: yV7Yf
11:58:09: Se manda click al elemento Continuar
11:58:09: Se digita el RFC del emisor: 014221110050.
11:58:09: Se digita la serie: 
11:58:09: Se digita el Folio del Comprobante: 
11:58:09: Se digita el Número de Aprobación: 
11:58:09: Se digita el Año de Aprobación: 77/12/3022
11:58:09: Se manda click al botón Consultar
11:58:16: Se navega a la URL: https://tramitesdigitales.sat.gob.mx/Sicofi.ValidacionCFD/Default.aspx
11:58:16: Se toma screenshot y se procesar CAPTCHA con valor: yV7Yf
11:58:16: Se digita el captcha con valor: yV7Yf
11:58:17: Se manda click al elemento Continuar
11:58:17: Se digita el RFC del emisor: PFM970124908F
11:58:17: Se digita la serie: 
11:58:17: Se digita el Folio del Comprobante: 
11:58:17: Se digita el Número de Aprobación: 
11:58:17: Se digita el Año de Aprobación: 05/03/2018
11:58:17: Se manda click al botón Consultar
11:58:23: Se navega a la URL: https://tramitesdigitales.sat.gob.mx/Sicofi.ValidacionCFD/Default.aspx
11:58:23: Se toma screenshot y se procesar CAPTCHA con valor: yV7Yf
11:58:23: Se digita el captcha con valor: yV7Yf
11:58:24: Se manda click al elemento Continuar
11:58:24: Se digita el RFC del emisor: 587L083204it
11:58:24: Se digita la serie: lHGFA16587L083204
11:58:24: Se digita el Folio del Comprobante: 
11:58:24: Se digita el Número de Aprobación: 
11:58:24: Se digita el Año de Aprobación: 
11:58:24: Se manda click al botón Consultar
11:58:29: Se navega a la URL: https://tramitesdigitales.sat.gob.mx/Sicofi.ValidacionCFD/Default.aspx
11:58:29: Se toma screenshot y se procesar CAPTCHA con valor: yV7Yf
11:58:29: Se digita el captcha con valor: yV7Yf
11:58:30: Se manda click al elemento Continuar
11:58:30: Se digita el RFC del emisor: 200212018Asp
11:58:30: Se digita la serie: 
11:58:30: Se digita el Folio del Comprobante: 
11:58:30: Se digita el Número de Aprobación: 
11:58:30: Se digita el Año de Aprobación: 
11:58:30: Se manda click al botón Consultar
11:58:35: Se navega a la URL: https://tramitesdigitales.sat.gob.mx/Sicofi.ValidacionCFD/Default.aspx
11:58:36: Se toma screenshot y se procesar CAPTCHA con valor: yV7Yf
11:58:36: Se digita el captcha con valor: yV7Yf
11:58:36: Se manda click al elemento Continuar
11:58:36: Se digita el RFC del emisor: 54EB1662125N°
11:58:36: Se digita la serie: 
11:58:36: Se digita el Folio del Comprobante: UA3061
11:58:36: Se digita el Número de Aprobación: 
11:58:37: Se digita el Año de Aprobación: 21/10/2017
11:58:37: Se manda click al botón Consultar
11:58:41: Se navega a la URL: https://tramitesdigitales.sat.gob.mx/Sicofi.ValidacionCFD/Default.aspx
11:58:42: Se toma screenshot y se procesar CAPTCHA con valor: yV7Yf
11:58:42: Se digita el captcha con valor: yV7Yf
11:58:42: Se manda click al elemento Continuar
11:58:43: Se digita el RFC del emisor: SAML871030FG1
11:58:43: Se digita la serie: 3C6JRBCT8JG158859
11:58:43: Se digita el Folio del Comprobante: 
11:58:43: Se digita el Número de Aprobación: 
11:58:43: Se digita el Año de Aprobación: 18-09-20
11:58:43: Se manda click al botón Consultar
11:58:50: Se navega a la URL: https://tramitesdigitales.sat.gob.mx/Sicofi.ValidacionCFD/Default.aspx
11:58:50: Se toma screenshot y se procesar CAPTCHA con valor: yV7Yf
11:58:50: Se digita el captcha con valor: yV7Yf
11:58:51: Se manda click al elemento Continuar
11:58:51: Se digita el RFC del emisor: 
11:58:51: Se digita la serie: 
11:58:51: Se digita el Folio del Comprobante: 
11:58:51: Se digita el Número de Aprobación: 
11:58:51: Se digita el Año de Aprobación: 
11:58:51: Se manda click al botón Consultar
11:58:56: Se navega a la URL: https://tramitesdigitales.sat.gob.mx/Sicofi.ValidacionCFD/Default.aspx
11:58:56: Se toma screenshot y se procesar CAPTCHA con valor: yV7Yf
11:58:56: Se digita el captcha con valor: yV7Yf
11:58:57: Se manda click al elemento Continuar
11:58:57: Se digita el RFC del emisor: 04180618736Af
11:58:57: Se digita la serie: 3C6JRBCT8JG158859
11:58:57: Se digita el Folio del Comprobante: 2929
11:58:57: Se digita el Número de Aprobación: 
11:58:57: Se digita el Año de Aprobación: 18-10-01
11:58:57: Se manda click al botón Consultar
11:59:04: Se navega a la URL: https://tramitesdigitales.sat.gob.mx/Sicofi.ValidacionCFD/Default.aspx
11:59:05: Se toma screenshot y se procesar CAPTCHA con valor: yV7Yf
11:59:05: Se digita el captcha con valor: yV7Yf
11:59:06: Se manda click al elemento Continuar
11:59:06: Se digita el RFC del emisor: ajvA141303•vom
11:59:06: Se digita la serie: 3SCPZWDE731016324
11:59:06: Se digita el Folio del Comprobante: 
11:59:06: Se digita el Número de Aprobación: 
11:59:06: Se digita el Año de Aprobación: Emisión
11:59:06: Se manda click al botón Consultar
11:59:39: Se navega a la URL: https://verificacfdi.facturaelectronica.sat.gob.mx/
11:59:42: Se ingresó folio fiscal: 
11:59:42: Se ingresó RFC de Emisor: 
11:59:42: Se ingresó RFC de Receptor: 
11:59:42: Se ingresó Captcha: 
12:03:26: Se navega a la URL: https://verificacfdi.facturaelectronica.sat.gob.mx/
12:03:28: Se ingresó folio fiscal: 
12:03:28: Se ingresó RFC de Emisor: 
12:03:28: Se ingresó RFC de Receptor: 
12:03:28: Se ingresó Captcha: 
