Archivo LOG de reportes del 2019/02/14 13:57:34
*******************************************************
13:57:39: C:\Users\Fernanda Rey\Desktop\pruebas\Siniestros\04182635987
13:57:40: Se busca comparar el archivo 20190128105758536 con un patrón de Póliza. sin OCR
13:58:05: Se busca comparar el archivo 20190128105758536 con un patrón de Póliza
13:58:05: Se busca comparar el archivo 20190128105758536 con un patrón de Factura
13:58:05: Se encontró que el archivo 20190128105758536 es una Factura
13:58:05: Se movió el documento 20190128105758536 al directorio de Factura
13:58:06: Se busca comparar el archivo idc-75508646 con un patrón de Póliza. sin OCR
13:58:06: Se busca comparar el archivo idc-75508646 con un patrón de Factura sin OCR. sin OCR
13:58:06: Se encontró que el archivo idc-75508646 es una Factura. sin OCR
13:58:06: Se movió el documento idc-75508646 al directorio de Factura. sin OCR
13:58:06: Se busca comparar el archivo idc-75508650 con un patrón de Póliza. sin OCR
13:58:06: Se busca comparar el archivo idc-75508650 con un patrón de Factura sin OCR. sin OCR
13:58:06: Se encontró que el archivo idc-75508650 es una Factura. sin OCR
13:58:06: Se movió el documento idc-75508650 al directorio de Factura. sin OCR
13:58:06: Se busca comparar el archivo idc-75508651 con un patrón de Póliza. sin OCR
13:58:06: Se busca comparar el archivo idc-75508651 con un patrón de Factura sin OCR. sin OCR
13:58:06: Se encontró que el archivo idc-75508651 es una Factura. sin OCR
13:58:06: Se movió el documento idc-75508651 al directorio de Factura. sin OCR
13:58:06: Se busca comparar el archivo idc-75510921 con un patrón de Póliza. sin OCR
13:58:16: Se busca comparar el archivo idc-75510921 con un patrón de Póliza
13:58:16: Se busca comparar el archivo idc-75510921 con un patrón de Factura
13:58:16: Se encontró que el archivo idc-75510921 es una Factura
13:58:16: Se movió el documento idc-75510921 al directorio de Factura
13:58:16: Se busca comparar el archivo idc-75516159 con un patrón de Póliza. sin OCR
13:58:25: Se busca comparar el archivo idc-75516159 con un patrón de Póliza
13:58:26: Se busca comparar el archivo idc-75516159 con un patrón de Factura
13:58:26: Se encontró que el archivo idc-75516159 es una Factura
13:58:26: Se movió el documento idc-75516159 al directorio de Factura
13:58:26: Se busca comparar el archivo idc-75544349 con un patrón de Póliza. sin OCR
13:58:26: Se busca comparar el archivo idc-75544349 con un patrón de Factura sin OCR. sin OCR
13:58:26: Se encontró que el archivo idc-75544349 es una Factura. sin OCR
13:58:26: Se movió el documento idc-75544349 al directorio de Factura. sin OCR
13:58:26: Se busca comparar el archivo idc-75544373 con un patrón de Póliza. sin OCR
13:58:26: Se busca comparar el archivo idc-75544373 con un patrón de Factura sin OCR. sin OCR
13:58:26: Se encontró que el archivo idc-75544373 es una Factura. sin OCR
13:58:26: Se movió el documento idc-75544373 al directorio de Factura. sin OCR
13:58:26: Se busca comparar el archivo idc-75544378 con un patrón de Póliza. sin OCR
13:58:26: Se busca comparar el archivo idc-75544378 con un patrón de Factura sin OCR. sin OCR
13:58:26: Se encontró que el archivo idc-75544378 es una Factura. sin OCR
13:58:26: Se movió el documento idc-75544378 al directorio de Factura. sin OCR
13:58:26: Se busca comparar el archivo idc-75544385 con un patrón de Póliza. sin OCR
13:58:26: Se busca comparar el archivo idc-75544385 con un patrón de Factura sin OCR. sin OCR
13:58:26: Se encontró que el archivo idc-75544385 es una Factura. sin OCR
13:58:26: Se movió el documento idc-75544385 al directorio de Factura. sin OCR
13:58:26: Se busca comparar el archivo idc-78792276 con un patrón de Póliza. sin OCR
13:58:26: Se busca comparar el archivo idc-78792276 con un patrón de Factura sin OCR. sin OCR
13:58:26: Se encontró que el archivo idc-78792276 es una Factura. sin OCR
13:58:26: Se movió el documento idc-78792276 al directorio de Factura. sin OCR
13:59:47: Se navega a la URL: https://tramitesdigitales.sat.gob.mx/Sicofi.ValidacionCFD/Default.aspx
13:59:48: Se toma screenshot y se procesar CAPTCHA con valor: yV7Yf
13:59:48: Se digita el captcha con valor: yV7Yf
13:59:48: Se manda click al elemento Continuar
13:59:49: Se digita el RFC del emisor: AUT091023H43
13:59:49: Se digita la serie: 
13:59:49: Se digita el Folio del Comprobante: 
13:59:49: Se digita el Número de Aprobación: 
13:59:49: Se digita el Año de Aprobación: 
13:59:49: Se manda click al botón Consultar
