Archivo LOG de reportes del 2019/02/15 09:28:03
*******************************************************
09:28:08: C:\Users\Fernanda Rey\Desktop\pruebas\Siniestros\04182635987
09:28:09: Se busca comparar el archivo 20190128105758536 con un patrón de Póliza. sin OCR
09:28:35: Se busca comparar el archivo 20190128105758536 con un patrón de Póliza
09:28:35: Se busca comparar el archivo 20190128105758536 con un patrón de Factura
09:28:35: Se encontró que el archivo 20190128105758536 es una Factura
09:28:35: Se movió el documento 20190128105758536 al directorio de Factura
09:28:35: Se busca comparar el archivo idc-75544378 con un patrón de Póliza. sin OCR
09:28:35: Se busca comparar el archivo idc-75544378 con un patrón de Factura sin OCR. sin OCR
09:28:35: Se encontró que el archivo idc-75544378 es una Factura. sin OCR
09:28:35: Se movió el documento idc-75544378 al directorio de Factura. sin OCR
09:28:49: Se navega a la URL: https://tramitesdigitales.sat.gob.mx/Sicofi.ValidacionCFD/Default.aspx
09:28:49: Se toma screenshot y se procesar CAPTCHA con valor: yV7Yf
09:28:49: Se digita el captcha con valor: yV7Yf
09:28:50: Se manda click al elemento Continuar
09:28:50: Se digita el RFC del emisor: AUT091023H43
09:28:50: Se digita la serie: 
09:28:50: Se digita el Folio del Comprobante: 
09:28:51: Se digita el Número de Aprobación: 
09:28:51: Se digita el Año de Aprobación: 
09:28:51: Se manda click al botón Consultar
09:28:56: Se navega a la URL: https://tramitesdigitales.sat.gob.mx/Sicofi.ValidacionCFD/Default.aspx
09:28:56: Se toma screenshot y se procesar CAPTCHA con valor: yV7Yf
09:28:56: Se digita el captcha con valor: yV7Yf
09:28:57: Se manda click al elemento Continuar
09:28:57: Se digita el RFC del emisor: 
09:28:57: Se digita la serie: 
09:28:57: Se digita el Folio del Comprobante: 
09:28:57: Se digita el Número de Aprobación: 
09:28:57: Se digita el Año de Aprobación: 
09:28:57: Se manda click al botón Consultar
09:29:09: Se navega a la URL: https://verificacfdi.facturaelectronica.sat.gob.mx/
09:29:11: Se ingresó folio fiscal: 
09:29:11: Se ingresó RFC de Emisor: 
09:29:11: Se ingresó RFC de Receptor: 
09:29:11: Se ingresó Captcha: 
09:29:20: Se navega a la URL: https://verificacfdi.facturaelectronica.sat.gob.mx/
09:29:22: Se ingresó folio fiscal: 
09:29:22: Se ingresó RFC de Emisor: 
09:29:23: Se ingresó RFC de Receptor: 
09:29:23: Se ingresó Captcha: 
09:29:39: Se encontró el siguiente error: OpenQA.Selenium.WebDriverException: no such session
  (Driver info: chromedriver=2.38.552522 (437e6fbedfa8762dec75e2c5b3ddb86763dc9dcb),platform=Windows NT 10.0.17134 x86_64)
   en OpenQA.Selenium.Remote.RemoteWebDriver.UnpackAndThrowOnError(Response errorResponse)
   en OpenQA.Selenium.Remote.RemoteWebDriver.Execute(String driverCommandToExecute, Dictionary`2 parameters)
   en OpenQA.Selenium.Remote.RemoteWebElement.get_Text()
   en QPil.Procesos.CaptchaSAT2.procesoCaptchaSAT2(DataRow datos) en C:\Users\Fernanda Rey\Desktop\RepoQualitas\QPil\Procesos\CaptchaSAT2.cs:línea 144
