Archivo LOG de reportes del 2019/02/15 12:21:38
*******************************************************
12:21:43: C:\Users\Fernanda Rey\Desktop\pruebas\Siniestros\04182635987
12:21:44: Se busca comparar el archivo 20190128105758536 con un patrón de Póliza. sin OCR
12:22:10: Se busca comparar el archivo 20190128105758536 con un patrón de Póliza
12:22:10: Se busca comparar el archivo 20190128105758536 con un patrón de Factura
12:22:10: Se encontró que el archivo 20190128105758536 es una Factura
12:22:10: Se movió el documento 20190128105758536 al directorio de Factura
12:22:10: Se busca comparar el archivo idc-75544378 con un patrón de Póliza. sin OCR
12:22:10: Se busca comparar el archivo idc-75544378 con un patrón de Factura sin OCR. sin OCR
12:22:10: Se encontró que el archivo idc-75544378 es una Factura. sin OCR
12:22:10: Se movió el documento idc-75544378 al directorio de Factura. sin OCR
12:22:15: Se navega a la URL: https://tramitesdigitales.sat.gob.mx/Sicofi.ValidacionCFD/Default.aspx
12:22:16: Se toma screenshot y se procesar CAPTCHA con valor: yV7Yf
12:22:16: Se digita el captcha con valor: yV7Yf
12:22:16: Se manda click al elemento Continuar
12:22:16: Se digita el RFC del emisor: AUT091023H43
12:22:16: Se digita la serie: 
12:22:16: Se digita el Folio del Comprobante: 
12:22:16: Se digita el Número de Aprobación: 
12:22:16: Se digita el Año de Aprobación: 
12:22:17: Se manda click al botón Consultar
12:22:25: Se navega a la URL: https://tramitesdigitales.sat.gob.mx/Sicofi.ValidacionCFD/Default.aspx
12:22:25: Se toma screenshot y se procesar CAPTCHA con valor: yV7Yf
12:22:25: Se digita el captcha con valor: yV7Yf
12:22:26: Se manda click al elemento Continuar
12:22:26: Se digita el RFC del emisor: 
12:22:26: Se digita la serie: 
12:22:26: Se digita el Folio del Comprobante: 
12:22:26: Se digita el Número de Aprobación: 
12:22:26: Se digita el Año de Aprobación: 
12:22:26: Se manda click al botón Consultar
12:22:43: Se navega a la URL: https://verificacfdi.facturaelectronica.sat.gob.mx/
12:22:45: Se ingresó folio fiscal: 
12:22:45: Se ingresó RFC de Emisor: 
12:22:45: Se ingresó RFC de Receptor: 
12:22:45: Se ingresó Captcha: 
12:22:59: Se navega a la URL: https://verificacfdi.facturaelectronica.sat.gob.mx/
12:23:02: Se ingresó folio fiscal: 
12:23:02: Se ingresó RFC de Emisor: 
12:23:02: Se ingresó RFC de Receptor: 
12:23:02: Se ingresó Captcha: 
12:23:21: Se accede a la URL: http://www2.repuve.gob.mx:8080/ciudadania/
12:23:22: Se toma captura a la pantalla y se procesa captcha con valor: yp2
12:23:22: Se ingresa el número de serie: 
12:23:24: Se ingresa el captcha: yp2
12:23:25: Se manda click al botón buscar
12:24:00: Se accede a la URL: http://www2.repuve.gob.mx:8080/ciudadania/
12:24:01: Se toma captura a la pantalla y se procesa captcha con valor: 05f
12:24:01: Se ingresa el número de serie: WBAVL9109DVT77514
12:24:03: Se ingresa el captcha: 05f
12:24:04: Se manda click al botón buscar
12:24:04: Se manda click al elemento PGJ
12:24:05: El vehiculo con serie WAU9FD8T3EA007986tiene el siguiente reporte en PGJ: Sin Reporte de Robo
12:24:05: Se manda click al elemento OCRA
12:24:05: El vehiculo con serie WAU9FD8T3EA007986  tiene el siguiente reporte en OCRA: Sin Reporte de Robo
12:24:21: Se encontró el siguiente error: OpenQA.Selenium.WebDriverException: no such session
  (Driver info: chromedriver=2.38.552522 (437e6fbedfa8762dec75e2c5b3ddb86763dc9dcb),platform=Windows NT 10.0.17134 x86_64)
   en OpenQA.Selenium.Remote.RemoteWebDriver.UnpackAndThrowOnError(Response errorResponse)
   en OpenQA.Selenium.Remote.RemoteWebDriver.Execute(String driverCommandToExecute, Dictionary`2 parameters)
   en OpenQA.Selenium.Remote.RemoteWebDriver.Close()
   en QPil.Procesos.CaptchaRepuve.ProcesoCaptchaRepuve(DataRow datos) en C:\Users\Fernanda Rey\Desktop\RepoQualitas\QPil\Procesos\CaptchaRepuve.cs:línea 156
12:24:27: Se accede a la URL: http://www2.repuve.gob.mx:8080/ciudadania/
12:24:28: Se toma captura a la pantalla y se procesa captcha con valor: 
12:24:28: Se ingresa el número de serie: 
12:24:30: Se ingresa el captcha: 
12:24:30: Se manda click al botón buscar
12:24:36: Se encontró el siguiente error: OpenQA.Selenium.WebDriverException: no such session
  (Driver info: chromedriver=2.38.552522 (437e6fbedfa8762dec75e2c5b3ddb86763dc9dcb),platform=Windows NT 10.0.17134 x86_64)
   en OpenQA.Selenium.Remote.RemoteWebDriver.UnpackAndThrowOnError(Response errorResponse)
   en OpenQA.Selenium.Remote.RemoteWebDriver.Execute(String driverCommandToExecute, Dictionary`2 parameters)
   en OpenQA.Selenium.Remote.RemoteWebDriver.set_Url(String value)
   en OpenQA.Selenium.Remote.RemoteNavigator.GoToUrl(String url)
   en QPil.Procesos.CaptchaRepuve.ProcesoCaptchaRepuve(DataRow datos) en C:\Users\Fernanda Rey\Desktop\RepoQualitas\QPil\Procesos\CaptchaRepuve.cs:línea 89
12:25:17: C:\Users\Fernanda Rey\Desktop\RepoQualitas\QPil\bin\Debug\
12:25:23: No se puede trabajar porque no se selecciona ningún archivo de siniestros
