Archivo LOG de reportes del 2019/02/15 11:41:34
*******************************************************
11:41:39: C:\Users\Fernanda Rey\Desktop\pruebas\Siniestros\04182635987
11:41:39: Se busca comparar el archivo 20190128105758536 con un patrón de Póliza. sin OCR
11:42:06: Se busca comparar el archivo 20190128105758536 con un patrón de Póliza
11:42:06: Se busca comparar el archivo 20190128105758536 con un patrón de Factura
11:42:06: Se encontró que el archivo 20190128105758536 es una Factura
11:42:06: Se movió el documento 20190128105758536 al directorio de Factura
11:42:06: Se busca comparar el archivo idc-75544378 con un patrón de Póliza. sin OCR
11:42:06: Se busca comparar el archivo idc-75544378 con un patrón de Factura sin OCR. sin OCR
11:42:06: Se encontró que el archivo idc-75544378 es una Factura. sin OCR
11:42:06: Se movió el documento idc-75544378 al directorio de Factura. sin OCR
11:42:10: Se navega a la URL: https://tramitesdigitales.sat.gob.mx/Sicofi.ValidacionCFD/Default.aspx
11:42:10: Se toma screenshot y se procesar CAPTCHA con valor: yV7Yf
11:42:10: Se digita el captcha con valor: yV7Yf
11:42:10: Se manda click al elemento Continuar
11:42:10: Se digita el RFC del emisor: AUT091023H43
11:42:10: Se digita la serie: 
11:42:10: Se digita el Folio del Comprobante: 
11:42:11: Se digita el Número de Aprobación: 
11:42:11: Se digita el Año de Aprobación: 
11:42:11: Se manda click al botón Consultar
11:42:17: Se navega a la URL: https://tramitesdigitales.sat.gob.mx/Sicofi.ValidacionCFD/Default.aspx
11:42:17: Se toma screenshot y se procesar CAPTCHA con valor: yV7Yf
11:42:17: Se digita el captcha con valor: yV7Yf
11:42:17: Se manda click al elemento Continuar
11:42:18: Se digita el RFC del emisor: 
11:42:18: Se digita la serie: 
11:42:18: Se digita el Folio del Comprobante: 
11:42:18: Se digita el Número de Aprobación: 
11:42:18: Se digita el Año de Aprobación: 
11:42:18: Se manda click al botón Consultar
11:42:26: Se navega a la URL: https://verificacfdi.facturaelectronica.sat.gob.mx/
11:42:28: Se ingresó folio fiscal: 
11:42:28: Se ingresó RFC de Emisor: 
11:42:28: Se ingresó RFC de Receptor: 
11:42:29: Se ingresó Captcha: 
11:43:00: Se encontró el siguiente error: OpenQA.Selenium.WebDriverException: no such session
  (Driver info: chromedriver=2.38.552522 (437e6fbedfa8762dec75e2c5b3ddb86763dc9dcb),platform=Windows NT 10.0.17134 x86_64)
   en OpenQA.Selenium.Remote.RemoteWebDriver.UnpackAndThrowOnError(Response errorResponse)
   en OpenQA.Selenium.Remote.RemoteWebDriver.Execute(String driverCommandToExecute, Dictionary`2 parameters)
   en OpenQA.Selenium.Remote.RemoteWebDriver.Close()
   en QPil.Procesos.CaptchaSAT2.procesoCaptchaSAT2(DataRow datos, IWebDriver Driver) en C:\Users\Fernanda Rey\Desktop\RepoQualitas\QPil\Procesos\CaptchaSAT2.cs:línea 154
11:43:04: Se navega a la URL: https://verificacfdi.facturaelectronica.sat.gob.mx/
11:43:07: Se ingresó folio fiscal: 
11:43:07: Se ingresó RFC de Emisor: 
11:43:07: Se ingresó RFC de Receptor: 
11:43:07: Se ingresó Captcha: 
11:43:15: Se encontró el siguiente error: OpenQA.Selenium.WebDriverException: no such session
  (Driver info: chromedriver=2.38.552522 (437e6fbedfa8762dec75e2c5b3ddb86763dc9dcb),platform=Windows NT 10.0.17134 x86_64)
   en OpenQA.Selenium.Remote.RemoteWebDriver.UnpackAndThrowOnError(Response errorResponse)
   en OpenQA.Selenium.Remote.RemoteWebDriver.Execute(String driverCommandToExecute, Dictionary`2 parameters)
   en OpenQA.Selenium.Remote.RemoteWebDriver.Close()
   en QPil.Procesos.CaptchaSAT2.procesoCaptchaSAT2(DataRow datos, IWebDriver Driver) en C:\Users\Fernanda Rey\Desktop\RepoQualitas\QPil\Procesos\CaptchaSAT2.cs:línea 154
11:43:22: Se accede a la URL: http://www2.repuve.gob.mx:8080/ciudadania/
11:43:23: Se toma captura a la pantalla y se procesa captcha con valor: nfer
11:43:23: Se ingresa el número de serie: 
11:43:26: Se ingresa el captcha: nfer
11:43:26: Se manda click al botón buscar
11:43:34: Se encontró el siguiente error: OpenQA.Selenium.WebDriverException: no such session
  (Driver info: chromedriver=2.38.552522 (437e6fbedfa8762dec75e2c5b3ddb86763dc9dcb),platform=Windows NT 10.0.17134 x86_64)
   en OpenQA.Selenium.Remote.RemoteWebDriver.UnpackAndThrowOnError(Response errorResponse)
   en OpenQA.Selenium.Remote.RemoteWebDriver.Execute(String driverCommandToExecute, Dictionary`2 parameters)
   en OpenQA.Selenium.Remote.RemoteWebDriver.set_Url(String value)
   en OpenQA.Selenium.Remote.RemoteNavigator.GoToUrl(String url)
   en QPil.Procesos.CaptchaRepuve.ProcesoCaptchaRepuve(DataRow datos) en C:\Users\Fernanda Rey\Desktop\RepoQualitas\QPil\Procesos\CaptchaRepuve.cs:línea 89
11:43:42: Se accede a la URL: http://www2.repuve.gob.mx:8080/ciudadania/
11:43:43: Se toma captura a la pantalla y se procesa captcha con valor: 7xku
11:43:43: Se ingresa el número de serie: 
11:43:45: Se ingresa el captcha: 7xku
11:43:46: Se manda click al botón buscar
11:43:55: Se encontró el siguiente error: OpenQA.Selenium.WebDriverException: no such session
  (Driver info: chromedriver=2.38.552522 (437e6fbedfa8762dec75e2c5b3ddb86763dc9dcb),platform=Windows NT 10.0.17134 x86_64)
   en OpenQA.Selenium.Remote.RemoteWebDriver.UnpackAndThrowOnError(Response errorResponse)
   en OpenQA.Selenium.Remote.RemoteWebDriver.Execute(String driverCommandToExecute, Dictionary`2 parameters)
   en OpenQA.Selenium.Remote.RemoteWebDriver.Close()
   en QPil.Procesos.CaptchaRepuve.ProcesoCaptchaRepuve(DataRow datos) en C:\Users\Fernanda Rey\Desktop\RepoQualitas\QPil\Procesos\CaptchaRepuve.cs:línea 156
