Archivo LOG de reportes del 2019/02/15 13:31:08
*******************************************************
13:31:13: C:\Users\Fernanda Rey\Desktop\pruebas\Siniestros\04182635987
13:31:14: Se busca comparar el archivo 20190128105758536 con un patrón de Póliza. sin OCR
13:31:40: Se busca comparar el archivo 20190128105758536 con un patrón de Póliza
13:31:40: Se busca comparar el archivo 20190128105758536 con un patrón de Factura
13:31:40: Se encontró que el archivo 20190128105758536 es una Factura
13:31:40: Se movió el documento 20190128105758536 al directorio de Factura
13:31:40: Se busca comparar el archivo idc--59254917F con un patrón de Póliza. sin OCR
13:31:40: Se busca comparar el archivo idc--59254917F con un patrón de Factura sin OCR. sin OCR
13:31:40: Se encontró que el archivo idc--59254917F es una Factura. sin OCR
13:31:40: Se movió el documento idc--59254917F al directorio de Factura. sin OCR
13:31:40: Se busca comparar el archivo idc-73951168F con un patrón de Póliza. sin OCR
13:31:47: Se busca comparar el archivo idc-73951168F con un patrón de Póliza
13:31:47: Se busca comparar el archivo idc-73951168F con un patrón de Factura
13:31:47: Se encontró que el archivo idc-73951168F es una Factura
13:31:47: Se movió el documento idc-73951168F al directorio de Factura
13:31:47: Se busca comparar el archivo idc-75266891F con un patrón de Póliza. sin OCR
13:31:47: Se busca comparar el archivo idc-75266891F con un patrón de Factura sin OCR. sin OCR
13:31:47: Se encontró que el archivo idc-75266891F es una Factura. sin OCR
13:31:47: Se movió el documento idc-75266891F al directorio de Factura. sin OCR
13:31:47: Se busca comparar el archivo idc-75393137F con un patrón de Póliza. sin OCR
13:31:47: Se busca comparar el archivo idc-75393137F con un patrón de Factura sin OCR. sin OCR
13:31:47: Se encontró que el archivo idc-75393137F es una Factura. sin OCR
13:31:47: Se movió el documento idc-75393137F al directorio de Factura. sin OCR
13:31:47: Se busca comparar el archivo idc-75514407F con un patrón de Póliza. sin OCR
13:31:47: Se busca comparar el archivo idc-75514407F con un patrón de Factura sin OCR. sin OCR
13:31:47: Se encontró que el archivo idc-75514407F es una Factura. sin OCR
13:31:47: Se movió el documento idc-75514407F al directorio de Factura. sin OCR
13:31:47: Se busca comparar el archivo idc-75514418F con un patrón de Póliza. sin OCR
13:31:47: Se busca comparar el archivo idc-75514418F con un patrón de Factura sin OCR. sin OCR
13:31:47: Se encontró que el archivo idc-75514418F es una Factura. sin OCR
13:31:47: Se movió el documento idc-75514418F al directorio de Factura. sin OCR
13:31:47: Se busca comparar el archivo idc-75515169F con un patrón de Póliza. sin OCR
13:32:06: Se busca comparar el archivo idc-75515169F con un patrón de Póliza
13:32:06: Se busca comparar el archivo idc-75515169F con un patrón de Factura
13:32:06: Se encontró que el archivo idc-75515169F es una Factura
13:32:06: Se movió el documento idc-75515169F al directorio de Factura
13:32:06: Se busca comparar el archivo idc-75533026F con un patrón de Póliza. sin OCR
13:32:06: Se busca comparar el archivo idc-75533026F con un patrón de Factura sin OCR. sin OCR
13:32:06: Se encontró que el archivo idc-75533026F es una Factura. sin OCR
13:32:06: Se movió el documento idc-75533026F al directorio de Factura. sin OCR
13:32:06: Se busca comparar el archivo idc-75544378 con un patrón de Póliza. sin OCR
13:32:06: Se busca comparar el archivo idc-75544378 con un patrón de Factura sin OCR. sin OCR
13:32:06: Se encontró que el archivo idc-75544378 es una Factura. sin OCR
13:32:06: Se movió el documento idc-75544378 al directorio de Factura. sin OCR
13:36:05: Se accede a la URL: http://www2.repuve.gob.mx:8080/ciudadania/
13:36:19: Se toma captura a la pantalla y se procesa captcha con valor: 0952
13:36:22: Se ingresa el número de serie: 
13:36:28: Se ingresa el captcha: 0952
13:36:36: Se manda click al botón buscar
13:48:29: Se accede a la URL: http://www2.repuve.gob.mx:8080/ciudadania/
13:48:30: Se toma captura a la pantalla y se procesa captcha con valor: q6n3
13:48:31: Se ingresa el número de serie: WBAVL9109DVT77514
13:48:33: Se ingresa el captcha: q6n3
13:48:33: Se manda click al botón buscar
13:48:34: Se manda click al elemento PGJ
13:48:34: El vehiculo con serie WAU9FD8T3EA007986tiene el siguiente reporte en PGJ: Sin Reporte de Robo
13:48:34: Se manda click al elemento OCRA
13:48:34: El vehiculo con serie WAU9FD8T3EA007986  tiene el siguiente reporte en OCRA: Sin Reporte de Robo
13:50:25: Se accede a la URL: http://www2.repuve.gob.mx:8080/ciudadania/
