Archivo LOG de reportes del 2019/02/18 11:07:52
*******************************************************
11:07:57: C:\Users\Fernanda Rey\Desktop\pruebas\Siniestros\04182635987
11:07:57: Se busca comparar el archivo 20190128105758536 con un patrón de Póliza. sin OCR
11:08:22: Se busca comparar el archivo 20190128105758536 con un patrón de Póliza
11:08:22: Se busca comparar el archivo 20190128105758536 con un patrón de Factura
11:08:22: Se encontró que el archivo 20190128105758536 es una Factura
11:08:22: Se movió el documento 20190128105758536 al directorio de Factura
11:08:22: Se busca comparar el archivo idc-73951168F con un patrón de Póliza. sin OCR
11:08:28: Se busca comparar el archivo idc-73951168F con un patrón de Póliza
11:08:28: Se busca comparar el archivo idc-73951168F con un patrón de Factura
11:08:28: Se encontró que el archivo idc-73951168F es una Factura
11:08:28: Se movió el documento idc-73951168F al directorio de Factura
11:08:28: Se busca comparar el archivo idc-75266891F con un patrón de Póliza. sin OCR
11:08:28: Se busca comparar el archivo idc-75266891F con un patrón de Factura sin OCR. sin OCR
11:08:28: Se encontró que el archivo idc-75266891F es una Factura. sin OCR
11:08:28: Se movió el documento idc-75266891F al directorio de Factura. sin OCR
11:08:28: Se busca comparar el archivo idc-75393137F con un patrón de Póliza. sin OCR
11:08:28: Se busca comparar el archivo idc-75393137F con un patrón de Factura sin OCR. sin OCR
11:08:28: Se encontró que el archivo idc-75393137F es una Factura. sin OCR
11:08:28: Se movió el documento idc-75393137F al directorio de Factura. sin OCR
11:08:28: Se busca comparar el archivo idc-75514407F con un patrón de Póliza. sin OCR
11:08:28: Se busca comparar el archivo idc-75514407F con un patrón de Factura sin OCR. sin OCR
11:08:28: Se encontró que el archivo idc-75514407F es una Factura. sin OCR
11:08:28: Se movió el documento idc-75514407F al directorio de Factura. sin OCR
11:08:28: Se busca comparar el archivo idc-75514418F con un patrón de Póliza. sin OCR
11:08:28: Se busca comparar el archivo idc-75514418F con un patrón de Factura sin OCR. sin OCR
11:08:28: Se encontró que el archivo idc-75514418F es una Factura. sin OCR
11:08:28: Se movió el documento idc-75514418F al directorio de Factura. sin OCR
11:08:28: Se busca comparar el archivo idc-75515169F con un patrón de Póliza. sin OCR
11:08:46: Se busca comparar el archivo idc-75515169F con un patrón de Póliza
11:08:46: Se busca comparar el archivo idc-75515169F con un patrón de Factura
11:08:46: Se encontró que el archivo idc-75515169F es una Factura
11:08:46: Se movió el documento idc-75515169F al directorio de Factura
11:08:46: Se busca comparar el archivo idc-75533026F con un patrón de Póliza. sin OCR
11:08:46: Se busca comparar el archivo idc-75533026F con un patrón de Factura sin OCR. sin OCR
11:08:46: Se encontró que el archivo idc-75533026F es una Factura. sin OCR
11:08:46: Se movió el documento idc-75533026F al directorio de Factura. sin OCR
11:08:46: Se busca comparar el archivo idc-75544378 con un patrón de Póliza. sin OCR
11:08:46: Se busca comparar el archivo idc-75544378 con un patrón de Factura sin OCR. sin OCR
11:08:46: Se encontró que el archivo idc-75544378 es una Factura. sin OCR
11:08:46: Se movió el documento idc-75544378 al directorio de Factura. sin OCR
11:08:55: Se accede a la URL: http://www2.repuve.gob.mx:8080/ciudadania/
11:08:56: Se toma captura a la pantalla y se procesa captcha con valor: upn
11:08:56: Se ingresa el número de serie: 
11:08:58: Se ingresa el captcha: upn
11:08:58: Se manda click al botón buscar
11:11:08: Se accede a la URL: http://www2.repuve.gob.mx:8080/ciudadania/
11:11:09: Se toma captura a la pantalla y se procesa captcha con valor: 07h
11:11:09: Se ingresa el número de serie: WBAVL9109DVT77514
11:11:11: Se ingresa el captcha: 07h
11:11:12: Se manda click al botón buscar
11:11:12: Se manda click al elemento PGJ
11:11:12: El vehiculo con serie WAU9FD8T3EA007986tiene el siguiente reporte en PGJ: Sin Reporte de Robo
11:11:12: Se manda click al elemento OCRA
11:11:12: El vehiculo con serie WAU9FD8T3EA007986  tiene el siguiente reporte en OCRA: Sin Reporte de Robo
11:11:18: Se accede a la URL: http://www2.repuve.gob.mx:8080/ciudadania/
11:11:19: Se toma captura a la pantalla y se procesa captcha con valor: yOhy
11:11:19: Se ingresa el número de serie: 
11:11:21: Se ingresa el captcha: yOhy
11:11:21: Se manda click al botón buscar
