Archivo LOG de reportes del 2019/02/15 09:33:20
*******************************************************
09:33:25: C:\Users\Fernanda Rey\Desktop\pruebas\Siniestros\04182635987
09:33:25: Se busca comparar el archivo 20190128105758536 con un patrón de Póliza. sin OCR
09:33:50: Se busca comparar el archivo 20190128105758536 con un patrón de Póliza
09:33:50: Se busca comparar el archivo 20190128105758536 con un patrón de Factura
09:33:50: Se encontró que el archivo 20190128105758536 es una Factura
09:33:50: Se movió el documento 20190128105758536 al directorio de Factura
09:33:50: Se busca comparar el archivo idc-75544378 con un patrón de Póliza. sin OCR
09:33:50: Se busca comparar el archivo idc-75544378 con un patrón de Factura sin OCR. sin OCR
09:33:50: Se encontró que el archivo idc-75544378 es una Factura. sin OCR
09:33:50: Se movió el documento idc-75544378 al directorio de Factura. sin OCR
09:33:54: Se navega a la URL: https://tramitesdigitales.sat.gob.mx/Sicofi.ValidacionCFD/Default.aspx
09:33:54: Se toma screenshot y se procesar CAPTCHA con valor: yV7Yf
09:33:54: Se digita el captcha con valor: yV7Yf
09:33:55: Se manda click al elemento Continuar
09:33:55: Se digita el RFC del emisor: AUT091023H43
09:33:55: Se digita la serie: 
09:33:56: Se digita el Folio del Comprobante: 
09:33:56: Se digita el Número de Aprobación: 
09:33:56: Se digita el Año de Aprobación: 
09:33:56: Se manda click al botón Consultar
09:34:34: Se navega a la URL: https://tramitesdigitales.sat.gob.mx/Sicofi.ValidacionCFD/Default.aspx
09:34:34: Se toma screenshot y se procesar CAPTCHA con valor: yV7Yf
09:34:34: Se digita el captcha con valor: yV7Yf
09:34:35: Se manda click al elemento Continuar
09:34:35: Se digita el RFC del emisor: 
09:34:35: Se digita la serie: 
09:34:35: Se digita el Folio del Comprobante: 
09:34:35: Se digita el Número de Aprobación: 
09:34:35: Se digita el Año de Aprobación: 
09:34:35: Se manda click al botón Consultar
09:34:46: Se navega a la URL: https://verificacfdi.facturaelectronica.sat.gob.mx/
09:34:48: Se ingresó folio fiscal: 
09:34:48: Se ingresó RFC de Emisor: 
09:34:48: Se ingresó RFC de Receptor: 
09:34:48: Se ingresó Captcha: 
