Archivo LOG de reportes del 2019/02/18 11:51:06
*******************************************************
11:51:11: C:\Users\Fernanda Rey\Desktop\pruebas\Siniestros\04182635987
11:51:11: Se busca comparar el archivo 20190128105758536 con un patrón de Póliza. sin OCR
11:51:36: Se busca comparar el archivo 20190128105758536 con un patrón de Póliza
11:51:36: Se busca comparar el archivo 20190128105758536 con un patrón de Factura
11:51:36: Se encontró que el archivo 20190128105758536 es una Factura
11:51:36: Se movió el documento 20190128105758536 al directorio de Factura
11:51:36: Se busca comparar el archivo idc-73951168F con un patrón de Póliza. sin OCR
11:51:42: Se busca comparar el archivo idc-73951168F con un patrón de Póliza
11:51:42: Se busca comparar el archivo idc-73951168F con un patrón de Factura
11:51:42: Se encontró que el archivo idc-73951168F es una Factura
11:51:42: Se movió el documento idc-73951168F al directorio de Factura
11:51:42: Se busca comparar el archivo idc-75266891F con un patrón de Póliza. sin OCR
11:51:42: Se busca comparar el archivo idc-75266891F con un patrón de Factura sin OCR. sin OCR
11:51:42: Se encontró que el archivo idc-75266891F es una Factura. sin OCR
11:51:42: Se movió el documento idc-75266891F al directorio de Factura. sin OCR
11:51:42: Se busca comparar el archivo idc-75393137F con un patrón de Póliza. sin OCR
11:51:42: Se busca comparar el archivo idc-75393137F con un patrón de Factura sin OCR. sin OCR
11:51:42: Se encontró que el archivo idc-75393137F es una Factura. sin OCR
11:51:42: Se movió el documento idc-75393137F al directorio de Factura. sin OCR
11:51:42: Se busca comparar el archivo idc-75514407F con un patrón de Póliza. sin OCR
11:51:42: Se busca comparar el archivo idc-75514407F con un patrón de Factura sin OCR. sin OCR
11:51:42: Se encontró que el archivo idc-75514407F es una Factura. sin OCR
11:51:42: Se movió el documento idc-75514407F al directorio de Factura. sin OCR
11:51:42: Se busca comparar el archivo idc-75514418F con un patrón de Póliza. sin OCR
11:51:42: Se busca comparar el archivo idc-75514418F con un patrón de Factura sin OCR. sin OCR
11:51:42: Se encontró que el archivo idc-75514418F es una Factura. sin OCR
11:51:42: Se movió el documento idc-75514418F al directorio de Factura. sin OCR
11:51:42: Se busca comparar el archivo idc-75515169F con un patrón de Póliza. sin OCR
11:52:01: Se busca comparar el archivo idc-75515169F con un patrón de Póliza
11:52:01: Se busca comparar el archivo idc-75515169F con un patrón de Factura
11:52:01: Se encontró que el archivo idc-75515169F es una Factura
11:52:01: Se movió el documento idc-75515169F al directorio de Factura
11:52:01: Se busca comparar el archivo idc-75533026F con un patrón de Póliza. sin OCR
11:52:01: Se busca comparar el archivo idc-75533026F con un patrón de Factura sin OCR. sin OCR
11:52:01: Se encontró que el archivo idc-75533026F es una Factura. sin OCR
11:52:01: Se movió el documento idc-75533026F al directorio de Factura. sin OCR
11:52:01: Se busca comparar el archivo idc-75544378 con un patrón de Póliza. sin OCR
11:52:01: Se busca comparar el archivo idc-75544378 con un patrón de Factura sin OCR. sin OCR
11:52:01: Se encontró que el archivo idc-75544378 es una Factura. sin OCR
11:52:01: Se movió el documento idc-75544378 al directorio de Factura. sin OCR
11:52:12: Se accede a la URL: http://www2.repuve.gob.mx:8080/ciudadania/
11:52:21: Se toma captura a la pantalla y se procesa captcha con valor: IIW8
11:52:21: Se ingresa el número de serie: 
11:52:24: Se ingresa el captcha: IIW8
11:52:24: Se manda click al botón buscar
11:53:19: Se accede a la URL: http://www2.repuve.gob.mx:8080/ciudadania/
11:53:26: Se toma captura a la pantalla y se procesa captcha con valor: vaq6
11:53:26: Se ingresa el número de serie: WBAVL9109DVT77514
11:53:29: Se ingresa el captcha: vaq6
11:53:29: Se manda click al botón buscar
11:53:41: Se manda click al elemento PGJ
11:53:41: El vehiculo con serie WAU9FD8T3EA007986tiene el siguiente reporte en PGJ: Sin Reporte de Robo
11:53:41: Se manda click al elemento OCRA
11:53:41: El vehiculo con serie WAU9FD8T3EA007986  tiene el siguiente reporte en OCRA: Sin Reporte de Robo
11:54:06: Se accede a la URL: http://www2.repuve.gob.mx:8080/ciudadania/
11:54:17: Se toma captura a la pantalla y se procesa captcha con valor: x8r
11:54:17: Se ingresa el número de serie: 
11:54:20: Se ingresa el captcha: x8r
11:54:20: Se manda click al botón buscar
