Archivo LOG de reportes del 2019/02/19 10:33:27
*******************************************************
10:33:32: C:\Users\Fernanda Rey\Desktop\pruebas\Siniestros\04182635987
10:33:32: Se busca comparar el archivo 20190128105758536 con un patrón de Póliza. sin OCR
10:33:57: Se busca comparar el archivo 20190128105758536 con un patrón de Póliza
10:33:57: Se busca comparar el archivo 20190128105758536 con un patrón de Factura
10:33:57: Se encontró que el archivo 20190128105758536 es una Factura
10:33:57: Se movió el documento 20190128105758536 al directorio de Factura
10:33:57: Se busca comparar el archivo idc-73951168F con un patrón de Póliza. sin OCR
10:34:03: Se busca comparar el archivo idc-73951168F con un patrón de Póliza
10:34:03: Se busca comparar el archivo idc-73951168F con un patrón de Factura
10:34:03: Se encontró que el archivo idc-73951168F es una Factura
10:34:03: Se movió el documento idc-73951168F al directorio de Factura
10:34:03: Se busca comparar el archivo idc-73951175T con un patrón de Póliza. sin OCR
10:34:08: Se busca comparar el archivo idc-73951175T con un patrón de Póliza
10:34:08: Se busca comparar el archivo idc-73951175T con un patrón de Tenencia
10:34:08: Se encontró que el archivo idc-73951175T es una Tenencia
10:34:08: Se movió el documento idc-73951175T al directorio de Tenencia
10:34:08: Se busca comparar el archivo idc-73951181T con un patrón de Póliza. sin OCR
10:34:12: Se busca comparar el archivo idc-73951181T con un patrón de Póliza
10:34:12: Se busca comparar el archivo idc-73951181T con un patrón de Tenencia
10:34:12: Se encontró que el archivo idc-73951181T es una Tenencia
10:34:12: Se movió el documento idc-73951181T al directorio de Tenencia
10:34:12: Se busca comparar el archivo idc-75266885P con un patrón de Póliza. sin OCR
10:34:12: Se encontró que el archivo idc-75266885P es una Póliza. sin OCR
10:34:12: Se movió el documento idc-75266885P al directorio de Poliza. sin OCR
10:34:12: Se extrajo poliza: 2150004104 endoso: 000_00 inciso:|000
10:34:12: Se extrajo serie: 9BWCC05W87P000692
10:34:12: Se extrajo modelo: 2007
10:34:12: Se extrajo motor: BJY043645
10:34:12: Se extrajo vigencia: Desde: las 12:00 P.M. del 26/DIC/2017  Hasta: las 12:00 P.M. del 26/DIC/2018 
10:34:12: Se extrajo DM:  5%
10:34:12: Se extrajo RT:  5%
10:34:12: Se busca comparar el archivo idc-75266891F con un patrón de Póliza. sin OCR
10:34:12: Se busca comparar el archivo idc-75266891F con un patrón de Factura sin OCR. sin OCR
10:34:12: Se encontró que el archivo idc-75266891F es una Factura. sin OCR
10:34:12: Se movió el documento idc-75266891F al directorio de Factura. sin OCR
10:34:12: Se busca comparar el archivo idc-75266899T con un patrón de Póliza. sin OCR
10:34:12: Se busca comparar el archivo idc-75266899T con un patrón de Tenencia sin OCR. sin OCR
10:34:12: Se encontró que el archivo idc-75266899T es una Tenencia. sin OCR
10:34:12: Se movió el documento idc-75266899T al directorio de Tenencia. sin OCR
10:34:12: Se busca comparar el archivo idc-75393119P con un patrón de Póliza. sin OCR
10:34:12: Se encontró que el archivo idc-75393119P es una Póliza. sin OCR
10:34:12: Se movió el documento idc-75393119P al directorio de Poliza. sin OCR
10:34:12: Se extrajo poliza: 0970722505 endoso: 000000 inciso:0001
10:34:12: Se extrajo serie: 4J0CB75E26A024223
10:34:12: Se extrajo modelo: 2006
10:34:12: Se extrajo motor: HECHO
10:34:13: Se extrajo vigencia: Desde: las 12:00 P.M. del 08/NOV/2018  Hasta: las 12:00 P.M. del 08/NOV/2019 
10:34:13: Se extrajo DM: 10%
10:34:13: Se extrajo RT: 10%
10:34:13: Se busca comparar el archivo idc-75393130T con un patrón de Póliza. sin OCR
10:34:13: Se busca comparar el archivo idc-75393130T con un patrón de Tenencia sin OCR. sin OCR
10:34:13: Se encontró que el archivo idc-75393130T es una Tenencia. sin OCR
10:34:13: Se movió el documento idc-75393130T al directorio de Tenencia. sin OCR
10:34:13: Se busca comparar el archivo idc-75393137F con un patrón de Póliza. sin OCR
10:34:13: Se busca comparar el archivo idc-75393137F con un patrón de Factura sin OCR. sin OCR
10:34:13: Se encontró que el archivo idc-75393137F es una Factura. sin OCR
10:34:13: Se movió el documento idc-75393137F al directorio de Factura. sin OCR
10:34:13: Se busca comparar el archivo idc-75487751P con un patrón de Póliza. sin OCR
10:34:13: Se encontró que el archivo idc-75487751P es una Póliza. sin OCR
10:34:13: Se movió el documento idc-75487751P al directorio de Poliza. sin OCR
10:34:13: Se extrajo serie: 9362KN6A66BOO3409
10:34:13: Se extrajo modelo: 2006
10:34:13: Se extrajo motor: Placas'
10:34:13: Se extrajo vigencia: Desde: las 1,2:00 P.M. del 31/MARi2018 Hasta: 
10:34:13: Se extrajo DM:  5%
10:34:13: Se extrajo RT:  5%
10:34:13: Se busca comparar el archivo idc-75487767T con un patrón de Póliza. sin OCR
10:34:13: Se busca comparar el archivo idc-75487767T con un patrón de Tenencia sin OCR. sin OCR
10:34:13: Se encontró que el archivo idc-75487767T es una Tenencia. sin OCR
10:34:13: Se movió el documento idc-75487767T al directorio de Tenencia. sin OCR
10:34:13: Se busca comparar el archivo idc-75514407F con un patrón de Póliza. sin OCR
10:34:13: Se busca comparar el archivo idc-75514407F con un patrón de Factura sin OCR. sin OCR
10:34:13: Se encontró que el archivo idc-75514407F es una Factura. sin OCR
10:34:13: Se movió el documento idc-75514407F al directorio de Factura. sin OCR
10:34:13: Se busca comparar el archivo idc-75514409T con un patrón de Póliza. sin OCR
10:34:25: Se busca comparar el archivo idc-75514409T con un patrón de Póliza
10:34:25: Se busca comparar el archivo idc-75514409T con un patrón de Tenencia
10:34:25: Se encontró que el archivo idc-75514409T es una Tenencia
10:34:25: Se movió el documento idc-75514409T al directorio de Tenencia
10:34:25: Se busca comparar el archivo idc-75514418F con un patrón de Póliza. sin OCR
10:34:25: Se busca comparar el archivo idc-75514418F con un patrón de Factura sin OCR. sin OCR
10:34:25: Se encontró que el archivo idc-75514418F es una Factura. sin OCR
10:34:25: Se movió el documento idc-75514418F al directorio de Factura. sin OCR
10:34:25: Se busca comparar el archivo idc-75515166P con un patrón de Póliza. sin OCR
10:34:43: Se busca comparar el archivo idc-75515166P con un patrón de Póliza
10:34:43: Se encontró que el archivo idc-75515166P es una Póliza
10:34:43: Se movió el documento idc-75515166P al directorio de Poliza
10:34:43: Se extrajo poliza: POLIZA|DE| endoso: EGURO| inciso:E|AU
10:34:43: Se extrajo serie: 
10:34:43: Se extrajo modelo: 
10:34:43: Se extrajo motor: z
10:34:43: Se extrajo vigencia: Desde: Ias 12 00 P. M. del 20lJUNl2018 Hasta: Ias 12.00 P. M del 20lJUNl2019 
10:34:43: No se pudo extraer DM
10:34:43: N o se pudo extraer RT 
10:34:43: Se busca comparar el archivo idc-75515169F con un patrón de Póliza. sin OCR
10:35:01: Se busca comparar el archivo idc-75515169F con un patrón de Póliza
10:35:01: Se busca comparar el archivo idc-75515169F con un patrón de Factura
10:35:01: Se encontró que el archivo idc-75515169F es una Factura
10:35:02: Se movió el documento idc-75515169F al directorio de Factura
10:35:02: Se busca comparar el archivo idc-75515171T con un patrón de Póliza. sin OCR
10:35:06: Se busca comparar el archivo idc-75515171T con un patrón de Póliza
10:35:06: Se busca comparar el archivo idc-75515171T con un patrón de Tenencia
10:35:06: Se encontró que el archivo idc-75515171T es una Tenencia
10:35:06: Se movió el documento idc-75515171T al directorio de Tenencia
10:35:06: Se busca comparar el archivo idc-75517250P con un patrón de Póliza. sin OCR
10:35:06: Se encontró que el archivo idc-75517250P es una Póliza. sin OCR
10:35:06: Se movió el documento idc-75517250P al directorio de Poliza. sin OCR
10:35:06: Se extrajo poliza: 4052947365 endoso: 000000 inciso:0001
10:35:06: Se extrajo serie: 3VWRV09M54M118530
10:35:06: Se extrajo modelo: 2004
10:35:06: Se extrajo motor: Placas:
10:35:06: Se extrajo vigencia: Desde: las 12:00 P.M. del 15/JUN/2018  Hasta: las 12:00 P.M. del 15/JUN/2019 
10:35:06: Se extrajo DM:  5%
10:35:06: Se extrajo RT:  5%
10:35:06: Se busca comparar el archivo idc-75517255T con un patrón de Póliza. sin OCR
10:35:15: Se busca comparar el archivo idc-75517255T con un patrón de Póliza
10:35:15: Se busca comparar el archivo idc-75517255T con un patrón de Tenencia
10:35:15: Se encontró que el archivo idc-75517255T es una Tenencia
10:35:15: Se movió el documento idc-75517255T al directorio de Tenencia
10:35:15: Se busca comparar el archivo idc-75533025P con un patrón de Póliza. sin OCR
10:35:15: Se encontró que el archivo idc-75533025P es una Póliza. sin OCR
10:35:15: Se movió el documento idc-75533025P al directorio de Poliza. sin OCR
10:35:15: Se extrajo serie: 3N1BC1AS6CK268248
10:35:15: Se extrajo modelo: 2012
10:35:15: Se extrajo motor: MR18897711
10:35:15: Se extrajo vigencia: Desde: las 12:00 P.M. del 2S/MAY/2018  Hasta: las 12:00 P.M. del 24/NOV/2018 
10:35:15: Se extrajo DM: 10%
10:35:15: Se extrajo RT: 10%
10:35:15: Se busca comparar el archivo idc-75533026F con un patrón de Póliza. sin OCR
10:35:15: Se busca comparar el archivo idc-75533026F con un patrón de Factura sin OCR. sin OCR
10:35:15: Se encontró que el archivo idc-75533026F es una Factura. sin OCR
10:35:15: Se movió el documento idc-75533026F al directorio de Factura. sin OCR
10:35:15: Se busca comparar el archivo idc-75533030T con un patrón de Póliza. sin OCR
10:35:15: Se busca comparar el archivo idc-75533030T con un patrón de Tenencia sin OCR. sin OCR
10:35:15: Se encontró que el archivo idc-75533030T es una Tenencia. sin OCR
10:35:15: Se movió el documento idc-75533030T al directorio de Tenencia. sin OCR
10:35:15: Se busca comparar el archivo idc-75544378 con un patrón de Póliza. sin OCR
10:35:15: Se busca comparar el archivo idc-75544378 con un patrón de Factura sin OCR. sin OCR
10:35:15: Se encontró que el archivo idc-75544378 es una Factura. sin OCR
10:35:15: Se movió el documento idc-75544378 al directorio de Factura. sin OCR
10:35:20: Se navega a la URL: https://tramitesdigitales.sat.gob.mx/Sicofi.ValidacionCFD/Default.aspx
10:35:20: Se toma screenshot y se procesar CAPTCHA con valor: yV7Yf
10:35:20: Se digita el captcha con valor: yV7Yf
10:35:21: Se manda click al elemento Continuar
10:35:21: Se digita el RFC del emisor: AUT091023H43
10:35:21: Se digita la serie: 
10:35:22: Se digita el Folio del Comprobante: 
10:35:22: Se digita el Número de Aprobación: 
10:35:22: Se digita el Año de Aprobación: 
10:35:22: Se manda click al botón Consultar
10:38:25: Se navega a la URL: https://tramitesdigitales.sat.gob.mx/Sicofi.ValidacionCFD/Default.aspx
10:38:25: Se toma screenshot y se procesar CAPTCHA con valor: yV7Yf
10:38:25: Se digita el captcha con valor: yV7Yf
10:38:26: Se manda click al elemento Continuar
10:38:26: Se digita el RFC del emisor: AUT091023H43
10:38:26: Se digita la serie: E
10:38:26: Se digita el Folio del Comprobante: 0000897
10:38:26: Se digita el Número de Aprobación: 424694
10:38:26: Se digita el Año de Aprobación: 2011
10:38:26: Se manda click al botón Consultar
10:39:09: Se navega a la URL: https://tramitesdigitales.sat.gob.mx/Sicofi.ValidacionCFD/Default.aspx
10:39:09: Se toma screenshot y se procesar CAPTCHA con valor: yV7Yf
10:39:09: Se digita el captcha con valor: yV7Yf
10:39:10: Se manda click al elemento Continuar
10:39:10: Se digita el RFC del emisor: AUT091023H46
10:39:10: Se digita la serie: E
10:39:10: Se digita el Folio del Comprobante: 0000897
10:39:10: Se digita el Número de Aprobación: 424694
10:39:10: Se digita el Año de Aprobación: 2011
10:39:11: Se manda click al botón Consultar
10:39:11: Coincide 00001000000202409238
10:39:11: Estatus: Activo
10:40:20: Se navega a la URL: https://tramitesdigitales.sat.gob.mx/Sicofi.ValidacionCFD/Default.aspx
10:40:20: Se toma screenshot y se procesar CAPTCHA con valor: yV7Yf
10:40:20: Se digita el captcha con valor: yV7Yf
10:40:20: Se manda click al elemento Continuar
10:40:21: Se digita el RFC del emisor: 1012232530171
10:40:21: Se digita la serie: 
10:40:21: Se digita el Folio del Comprobante: 
10:40:21: Se digita el Número de Aprobación: 
10:40:21: Se digita el Año de Aprobación: 
10:40:21: Se manda click al botón Consultar
10:40:27: Se navega a la URL: https://tramitesdigitales.sat.gob.mx/Sicofi.ValidacionCFD/Default.aspx
10:40:27: Se toma screenshot y se procesar CAPTCHA con valor: yV7Yf
10:40:27: Se digita el captcha con valor: yV7Yf
10:40:27: Se manda click al elemento Continuar
10:40:28: Se digita el RFC del emisor: PAU-831108-IV2
10:40:28: Se digita la serie: 9BWCCO5W8
10:40:28: Se digita el Folio del Comprobante: 1787
10:40:28: Se digita el Número de Aprobación: 
10:40:28: Se digita el Año de Aprobación: MERIDA,
10:40:28: Se manda click al botón Consultar
10:40:33: Se navega a la URL: https://tramitesdigitales.sat.gob.mx/Sicofi.ValidacionCFD/Default.aspx
10:40:33: Se toma screenshot y se procesar CAPTCHA con valor: yV7Yf
10:40:33: Se digita el captcha con valor: yV7Yf
10:40:35: Se manda click al elemento Continuar
10:40:36: Se digita el RFC del emisor: TO0A500725CGA
10:40:36: Se digita la serie: 4JGCB751226A024223
10:40:36: Se digita el Folio del Comprobante: 1943
10:40:36: Se digita el Número de Aprobación: 
10:40:36: Se digita el Año de Aprobación: 01/04/2013
10:40:36: Se manda click al botón Consultar
10:40:40: Se navega a la URL: https://tramitesdigitales.sat.gob.mx/Sicofi.ValidacionCFD/Default.aspx
10:40:40: Se toma screenshot y se procesar CAPTCHA con valor: yV7Yf
10:40:40: Se digita el captcha con valor: yV7Yf
10:40:41: Se manda click al elemento Continuar
10:40:41: Se digita el RFC del emisor: SAU-010303-K73
10:40:41: Se digita la serie: 
10:40:41: Se digita el Folio del Comprobante: 4338
10:40:41: Se digita el Número de Aprobación: 
10:40:42: Se digita el Año de Aprobación: 54-80-00
10:40:42: Se manda click al botón Consultar
10:40:47: Se navega a la URL: https://tramitesdigitales.sat.gob.mx/Sicofi.ValidacionCFD/Default.aspx
10:40:47: Se toma screenshot y se procesar CAPTCHA con valor: yV7Yf
10:40:47: Se digita el captcha con valor: yV7Yf
10:40:48: Se manda click al elemento Continuar
10:40:48: Se digita el RFC del emisor: T4BJ066169,MO
10:40:48: Se digita la serie: 93Y1362JT4BJ066169,
10:40:48: Se digita el Folio del Comprobante: PT-45052
10:40:48: Se digita el Número de Aprobación: 
10:40:48: Se digita el Año de Aprobación: 18-12-26
10:40:48: Se manda click al botón Consultar
10:40:56: Se navega a la URL: https://tramitesdigitales.sat.gob.mx/Sicofi.ValidacionCFD/Default.aspx
10:40:57: Se toma screenshot y se procesar CAPTCHA con valor: yV7Yf
10:40:57: Se digita el captcha con valor: yV7Yf
10:40:57: Se manda click al elemento Continuar
10:40:57: Se digita el RFC del emisor: 200202018Asp
10:40:57: Se digita la serie: 
10:40:57: Se digita el Folio del Comprobante: 
10:40:57: Se digita el Número de Aprobación: 
10:40:58: Se digita el Año de Aprobación: EstlEnti
10:40:58: Se manda click al botón Consultar
10:41:02: Se navega a la URL: https://tramitesdigitales.sat.gob.mx/Sicofi.ValidacionCFD/Default.aspx
10:41:03: Se toma screenshot y se procesar CAPTCHA con valor: yV7Yf
10:41:03: Se digita el captcha con valor: yV7Yf
10:41:03: Se manda click al elemento Continuar
10:41:03: Se digita el RFC del emisor: POCE680822i
10:41:03: Se digita la serie: IIBC1AS6C1(26B24B
10:41:03: Se digita el Folio del Comprobante: 
10:41:04: Se digita el Número de Aprobación: 
10:41:04: Se digita el Año de Aprobación: 73-15-43
10:41:04: Se manda click al botón Consultar
10:41:09: Se navega a la URL: https://tramitesdigitales.sat.gob.mx/Sicofi.ValidacionCFD/Default.aspx
10:41:09: Se toma screenshot y se procesar CAPTCHA con valor: yV7Yf
10:41:09: Se digita el captcha con valor: yV7Yf
10:41:10: Se manda click al elemento Continuar
10:41:10: Se digita el RFC del emisor: 
10:41:10: Se digita la serie: 
10:41:10: Se digita el Folio del Comprobante: 
10:41:10: Se digita el Número de Aprobación: 
10:41:10: Se digita el Año de Aprobación: 
10:41:10: Se manda click al botón Consultar
10:41:15: Se navega a la URL: https://verificacfdi.facturaelectronica.sat.gob.mx/
10:41:18: Se ingresó folio fiscal: 
10:41:18: Se ingresó RFC de Emisor: 
10:41:18: Se ingresó RFC de Receptor: 
10:41:18: Se ingresó Captcha: 
10:41:37: Se navega a la URL: https://verificacfdi.facturaelectronica.sat.gob.mx/
10:41:39: Se ingresó folio fiscal: 
10:41:39: Se ingresó RFC de Emisor: 
10:41:39: Se ingresó RFC de Receptor: 
10:41:40: Se ingresó Captcha: 
10:41:53: Se navega a la URL: https://verificacfdi.facturaelectronica.sat.gob.mx/
10:41:56: Se ingresó folio fiscal: 
10:41:56: Se ingresó RFC de Emisor: 
10:41:56: Se ingresó RFC de Receptor: 
10:41:56: Se ingresó Captcha: 
10:42:13: Se navega a la URL: https://verificacfdi.facturaelectronica.sat.gob.mx/
10:42:15: Se ingresó folio fiscal: 
10:42:15: Se ingresó RFC de Emisor: 
10:42:15: Se ingresó RFC de Receptor: 
10:42:15: Se ingresó Captcha: 
10:42:26: Se navega a la URL: https://verificacfdi.facturaelectronica.sat.gob.mx/
10:42:28: Se ingresó folio fiscal: 
10:42:28: Se ingresó RFC de Emisor: 
10:42:28: Se ingresó RFC de Receptor: 
10:42:29: Se ingresó Captcha: 
10:42:38: Se navega a la URL: https://verificacfdi.facturaelectronica.sat.gob.mx/
10:42:40: Se ingresó folio fiscal: 
10:42:40: Se ingresó RFC de Emisor: 
10:42:40: Se ingresó RFC de Receptor: 
10:42:40: Se ingresó Captcha: 
10:42:54: Se navega a la URL: https://verificacfdi.facturaelectronica.sat.gob.mx/
10:42:56: Se ingresó folio fiscal: 
10:42:57: Se ingresó RFC de Emisor: 
10:42:57: Se ingresó RFC de Receptor: 
10:42:57: Se ingresó Captcha: 
10:43:10: Se navega a la URL: https://verificacfdi.facturaelectronica.sat.gob.mx/
10:43:12: Se ingresó folio fiscal: 
10:43:12: Se ingresó RFC de Emisor: 
10:43:12: Se ingresó RFC de Receptor: 
10:43:13: Se ingresó Captcha: 
10:43:51: Se navega a la URL: https://verificacfdi.facturaelectronica.sat.gob.mx/
10:43:53: Se ingresó folio fiscal: 
10:43:53: Se ingresó RFC de Emisor: 
10:43:53: Se ingresó RFC de Receptor: 
10:43:54: Se ingresó Captcha: 
10:43:54: El efecto de comprobante es: Ingreso
10:43:54: El estado del CFDI es: Vigente
10:43:54: El Estatus de cancelación es: Cancelable con aceptación
10:44:02: Se accede a la URL: http://www2.repuve.gob.mx:8080/ciudadania/
10:44:03: Se manda RESOLUCION CASE 1
10:44:03: Se toma captura a la pantalla y se procesa captcha con valor: 3532
10:44:03: Se ingresa el número de serie: E
10:44:05: Se ingresa el captcha: 3532
10:44:06: Se manda click al botón buscar
10:44:06: Se manda RESOLUCION CASE 1
10:44:06: Se toma captura a la pantalla y se procesa captcha con valor: 6J3q
10:44:06: Se ingresa el número de serie: E
10:44:09: Se ingresa el captcha: 6J3q
10:44:09: Se manda click al botón buscar
10:44:10: Se manda RESOLUCION CASE 1
10:44:10: Se toma captura a la pantalla y se procesa captcha con valor: UWIW
10:44:10: Se ingresa el número de serie: E
10:44:13: Se ingresa el captcha: UWIW
10:44:13: Se manda click al botón buscar
10:44:14: Se manda RESOLUCION CASE 1
10:44:14: Se toma captura a la pantalla y se procesa captcha con valor: 1an
10:44:14: Se ingresa el número de serie: E
10:44:17: Se ingresa el captcha: 1an
10:44:17: Se manda click al botón buscar
10:44:18: Se manda RESOLUCION CASE 1
10:44:18: Se toma captura a la pantalla y se procesa captcha con valor: tcm
10:44:18: Se ingresa el número de serie: E
10:44:21: Se ingresa el captcha: tcm
10:44:21: Se manda click al botón buscar
10:44:21: Se manda click al elemento PGJ
10:44:21: El vehiculo con serie WAU9FD8T3EA007986tiene el siguiente reporte en PGJ: Sin Reporte de Robo
10:44:21: Se manda click al elemento OCRA
10:44:21: El vehiculo con serie WAU9FD8T3EA007986  tiene el siguiente reporte en OCRA: Sin Reporte de Robo
10:44:27: Se accede a la URL: http://www2.repuve.gob.mx:8080/ciudadania/
10:44:28: Se manda RESOLUCION CASE 1
10:44:28: Se toma captura a la pantalla y se procesa captcha con valor: wa
10:44:28: Se ingresa el número de serie: 
10:44:31: Se ingresa el captcha: wa
10:44:31: Se manda click al botón buscar
