Archivo LOG de reportes del 2019/02/18 11:14:00
*******************************************************
11:14:05: C:\Users\Fernanda Rey\Desktop\pruebas\Siniestros\04182635987
11:14:05: Se busca comparar el archivo 20190128105758536 con un patrón de Póliza. sin OCR
11:14:30: Se busca comparar el archivo 20190128105758536 con un patrón de Póliza
11:14:30: Se busca comparar el archivo 20190128105758536 con un patrón de Factura
11:14:30: Se encontró que el archivo 20190128105758536 es una Factura
11:14:30: Se movió el documento 20190128105758536 al directorio de Factura
11:14:30: Se busca comparar el archivo idc-73951168F con un patrón de Póliza. sin OCR
11:14:36: Se busca comparar el archivo idc-73951168F con un patrón de Póliza
11:14:36: Se busca comparar el archivo idc-73951168F con un patrón de Factura
11:14:36: Se encontró que el archivo idc-73951168F es una Factura
11:14:36: Se movió el documento idc-73951168F al directorio de Factura
11:14:36: Se busca comparar el archivo idc-75266891F con un patrón de Póliza. sin OCR
11:14:36: Se busca comparar el archivo idc-75266891F con un patrón de Factura sin OCR. sin OCR
11:14:36: Se encontró que el archivo idc-75266891F es una Factura. sin OCR
11:14:36: Se movió el documento idc-75266891F al directorio de Factura. sin OCR
11:14:36: Se busca comparar el archivo idc-75393137F con un patrón de Póliza. sin OCR
11:14:36: Se busca comparar el archivo idc-75393137F con un patrón de Factura sin OCR. sin OCR
11:14:36: Se encontró que el archivo idc-75393137F es una Factura. sin OCR
11:14:36: Se movió el documento idc-75393137F al directorio de Factura. sin OCR
11:14:36: Se busca comparar el archivo idc-75514407F con un patrón de Póliza. sin OCR
11:14:36: Se busca comparar el archivo idc-75514407F con un patrón de Factura sin OCR. sin OCR
11:14:36: Se encontró que el archivo idc-75514407F es una Factura. sin OCR
11:14:36: Se movió el documento idc-75514407F al directorio de Factura. sin OCR
11:14:36: Se busca comparar el archivo idc-75514418F con un patrón de Póliza. sin OCR
11:14:36: Se busca comparar el archivo idc-75514418F con un patrón de Factura sin OCR. sin OCR
11:14:36: Se encontró que el archivo idc-75514418F es una Factura. sin OCR
11:14:36: Se movió el documento idc-75514418F al directorio de Factura. sin OCR
11:14:36: Se busca comparar el archivo idc-75515169F con un patrón de Póliza. sin OCR
11:14:54: Se busca comparar el archivo idc-75515169F con un patrón de Póliza
11:14:54: Se busca comparar el archivo idc-75515169F con un patrón de Factura
11:14:54: Se encontró que el archivo idc-75515169F es una Factura
11:14:54: Se movió el documento idc-75515169F al directorio de Factura
11:14:54: Se busca comparar el archivo idc-75533026F con un patrón de Póliza. sin OCR
11:14:54: Se busca comparar el archivo idc-75533026F con un patrón de Factura sin OCR. sin OCR
11:14:54: Se encontró que el archivo idc-75533026F es una Factura. sin OCR
11:14:54: Se movió el documento idc-75533026F al directorio de Factura. sin OCR
11:14:54: Se busca comparar el archivo idc-75544378 con un patrón de Póliza. sin OCR
11:14:54: Se busca comparar el archivo idc-75544378 con un patrón de Factura sin OCR. sin OCR
11:14:54: Se encontró que el archivo idc-75544378 es una Factura. sin OCR
11:14:54: Se movió el documento idc-75544378 al directorio de Factura. sin OCR
11:16:12: Se accede a la URL: http://www2.repuve.gob.mx:8080/ciudadania/
11:16:13: Se toma captura a la pantalla y se procesa captcha con valor: fbe
11:16:13: Se ingresa el número de serie: 
11:16:16: Se ingresa el captcha: fbe
11:16:16: Se manda click al botón buscar
11:18:58: Se accede a la URL: http://www2.repuve.gob.mx:8080/ciudadania/
11:18:59: Se toma captura a la pantalla y se procesa captcha con valor: Ce9
11:18:59: Se ingresa el número de serie: WBAVL9109DVT77514
11:19:02: Se ingresa el captcha: Ce9
11:19:03: Se manda click al botón buscar
11:29:28: Se encontró el siguiente error: System.InvalidOperationException: chrome not reachable
  (Session info: chrome=72.0.3626.109)
  (Driver info: chromedriver=2.38.552522 (437e6fbedfa8762dec75e2c5b3ddb86763dc9dcb),platform=Windows NT 10.0.17134 x86_64) (100)
   en OpenQA.Selenium.Remote.RemoteWebDriver.UnpackAndThrowOnError(Response errorResponse)
   en OpenQA.Selenium.Remote.RemoteWebDriver.Execute(String driverCommandToExecute, Dictionary`2 parameters)
   en OpenQA.Selenium.Remote.RemoteWebDriver.Close()
   en QPil.Procesos.CaptchaRepuve.ProcesoCaptchaRepuve(DataRow datos, IWebDriver Driver)
