Archivo LOG de reportes del 2019/02/15 16:03:48
*******************************************************
16:03:53: C:\Users\Fernanda Rey\Desktop\pruebas\Siniestros\04182635987
16:03:53: Se busca comparar el archivo 20190128105758536 con un patrón de Póliza. sin OCR
16:04:20: Se busca comparar el archivo 20190128105758536 con un patrón de Póliza
16:04:20: Se busca comparar el archivo 20190128105758536 con un patrón de Factura
16:04:20: Se encontró que el archivo 20190128105758536 es una Factura
16:04:20: Se movió el documento 20190128105758536 al directorio de Factura
16:04:20: Se busca comparar el archivo idc--59254917F con un patrón de Póliza. sin OCR
16:04:20: Se busca comparar el archivo idc--59254917F con un patrón de Factura sin OCR. sin OCR
16:04:20: Se encontró que el archivo idc--59254917F es una Factura. sin OCR
16:04:20: Se movió el documento idc--59254917F al directorio de Factura. sin OCR
16:04:20: Se busca comparar el archivo idc-73951168F con un patrón de Póliza. sin OCR
16:04:27: Se busca comparar el archivo idc-73951168F con un patrón de Póliza
16:04:27: Se busca comparar el archivo idc-73951168F con un patrón de Factura
16:04:27: Se encontró que el archivo idc-73951168F es una Factura
16:04:27: Se movió el documento idc-73951168F al directorio de Factura
16:04:27: Se busca comparar el archivo idc-75266891F con un patrón de Póliza. sin OCR
16:04:27: Se busca comparar el archivo idc-75266891F con un patrón de Factura sin OCR. sin OCR
16:04:27: Se encontró que el archivo idc-75266891F es una Factura. sin OCR
16:04:27: Se movió el documento idc-75266891F al directorio de Factura. sin OCR
16:04:27: Se busca comparar el archivo idc-75393137F con un patrón de Póliza. sin OCR
16:04:27: Se busca comparar el archivo idc-75393137F con un patrón de Factura sin OCR. sin OCR
16:04:27: Se encontró que el archivo idc-75393137F es una Factura. sin OCR
16:04:27: Se movió el documento idc-75393137F al directorio de Factura. sin OCR
16:04:27: Se busca comparar el archivo idc-75514407F con un patrón de Póliza. sin OCR
16:04:27: Se busca comparar el archivo idc-75514407F con un patrón de Factura sin OCR. sin OCR
16:04:27: Se encontró que el archivo idc-75514407F es una Factura. sin OCR
16:04:27: Se movió el documento idc-75514407F al directorio de Factura. sin OCR
16:04:27: Se busca comparar el archivo idc-75514418F con un patrón de Póliza. sin OCR
16:04:27: Se busca comparar el archivo idc-75514418F con un patrón de Factura sin OCR. sin OCR
16:04:27: Se encontró que el archivo idc-75514418F es una Factura. sin OCR
16:04:27: Se movió el documento idc-75514418F al directorio de Factura. sin OCR
16:04:27: Se busca comparar el archivo idc-75515169F con un patrón de Póliza. sin OCR
16:04:47: Se busca comparar el archivo idc-75515169F con un patrón de Póliza
16:04:47: Se busca comparar el archivo idc-75515169F con un patrón de Factura
16:04:47: Se encontró que el archivo idc-75515169F es una Factura
16:04:47: Se movió el documento idc-75515169F al directorio de Factura
16:04:47: Se busca comparar el archivo idc-75533026F con un patrón de Póliza. sin OCR
16:04:47: Se busca comparar el archivo idc-75533026F con un patrón de Factura sin OCR. sin OCR
16:04:47: Se encontró que el archivo idc-75533026F es una Factura. sin OCR
16:04:47: Se movió el documento idc-75533026F al directorio de Factura. sin OCR
16:04:47: Se busca comparar el archivo idc-75544378 con un patrón de Póliza. sin OCR
16:04:47: Se busca comparar el archivo idc-75544378 con un patrón de Factura sin OCR. sin OCR
16:04:47: Se encontró que el archivo idc-75544378 es una Factura. sin OCR
16:04:47: Se movió el documento idc-75544378 al directorio de Factura. sin OCR
16:12:20: Se accede a la URL: http://www2.repuve.gob.mx:8080/ciudadania/
16:12:21: Se toma captura a la pantalla y se procesa captcha con valor: 4ng
16:12:21: Se ingresa el número de serie: 
16:12:24: Se ingresa el captcha: 4ng
16:12:24: Se manda click al botón buscar
16:13:36: Se accede a la URL: http://www2.repuve.gob.mx:8080/ciudadania/
16:13:37: Se toma captura a la pantalla y se procesa captcha con valor: ygk
16:13:37: Se ingresa el número de serie: WBAVL9109DVT77514
16:13:40: Se ingresa el captcha: ygk
16:13:40: Se manda click al botón buscar
16:13:40: Se manda click al elemento PGJ
16:13:40: El vehiculo con serie WAU9FD8T3EA007986tiene el siguiente reporte en PGJ: Sin Reporte de Robo
16:13:41: Se manda click al elemento OCRA
16:13:41: El vehiculo con serie WAU9FD8T3EA007986  tiene el siguiente reporte en OCRA: Sin Reporte de Robo
16:14:49: Se encontró el siguiente error: OpenQA.Selenium.WebDriverException: no such session
  (Driver info: chromedriver=2.38.552522 (437e6fbedfa8762dec75e2c5b3ddb86763dc9dcb),platform=Windows NT 10.0.17134 x86_64)
   en OpenQA.Selenium.Remote.RemoteWebDriver.UnpackAndThrowOnError(Response errorResponse)
   en OpenQA.Selenium.Remote.RemoteWebDriver.Execute(String driverCommandToExecute, Dictionary`2 parameters)
   en OpenQA.Selenium.Remote.RemoteWebDriver.Close()
   en QPil.Procesos.CaptchaRepuve.ProcesoCaptchaRepuve(DataRow datos, IWebDriver Driver)
16:15:04: Se accede a la URL: http://www2.repuve.gob.mx:8080/ciudadania/
16:15:05: Se toma captura a la pantalla y se procesa captcha con valor: Szcu
16:15:05: Se ingresa el número de serie: WAU9FD8T3EA007986
16:15:07: Se ingresa el captcha: Szcu
16:15:08: Se manda click al botón buscar
16:22:29: Se accede a la URL: http://www2.repuve.gob.mx:8080/ciudadania/
16:22:30: Se toma captura a la pantalla y se procesa captcha con valor: I40
16:22:30: Se ingresa el número de serie: 
16:22:33: Se ingresa el captcha: I40
16:22:33: Se manda click al botón buscar
16:22:34: Se toma captura a la pantalla y se procesa captcha con valor: I40
16:22:34: Se ingresa el número de serie: 
16:22:36: Se ingresa el captcha: I40
16:22:36: Se manda click al botón buscar
16:22:37: Se toma captura a la pantalla y se procesa captcha con valor: 
16:22:37: Se ingresa el número de serie: 
16:22:40: Se ingresa el captcha: 
16:22:40: Se manda click al botón buscar
16:22:40: Se toma captura a la pantalla y se procesa captcha con valor: 
16:22:40: Se ingresa el número de serie: 
16:22:43: Se ingresa el captcha: 
16:22:43: Se manda click al botón buscar
16:22:44: Se toma captura a la pantalla y se procesa captcha con valor: 
16:22:44: Se ingresa el número de serie: 
16:22:46: Se ingresa el captcha: 
16:22:46: Se manda click al botón buscar
16:22:47: Se toma captura a la pantalla y se procesa captcha con valor: 
16:22:47: Se ingresa el número de serie: 
16:22:50: Se ingresa el captcha: 
16:22:50: Se manda click al botón buscar
16:22:50: Se toma captura a la pantalla y se procesa captcha con valor: 
16:22:50: Se ingresa el número de serie: 
16:22:53: Se ingresa el captcha: 
16:22:53: Se manda click al botón buscar
16:22:54: Se toma captura a la pantalla y se procesa captcha con valor: 
16:22:54: Se ingresa el número de serie: 
16:22:56: Se ingresa el captcha: 
16:22:56: Se manda click al botón buscar
16:22:57: Se toma captura a la pantalla y se procesa captcha con valor: 
16:22:57: Se ingresa el número de serie: 
16:23:00: Se ingresa el captcha: 
16:23:00: Se manda click al botón buscar
16:23:00: Se toma captura a la pantalla y se procesa captcha con valor: 
16:23:00: Se ingresa el número de serie: 
16:23:03: Se ingresa el captcha: 
16:23:03: Se manda click al botón buscar
16:23:04: Se toma captura a la pantalla y se procesa captcha con valor: 
16:23:04: Se ingresa el número de serie: 
16:23:06: Se ingresa el captcha: 
16:23:06: Se manda click al botón buscar
16:23:07: Se toma captura a la pantalla y se procesa captcha con valor: 
16:23:07: Se ingresa el número de serie: 
16:23:10: Se ingresa el captcha: 
16:23:10: Se manda click al botón buscar
16:23:10: Se toma captura a la pantalla y se procesa captcha con valor: 
16:23:10: Se ingresa el número de serie: 
16:23:13: Se ingresa el captcha: 
16:23:13: Se manda click al botón buscar
16:23:14: Se toma captura a la pantalla y se procesa captcha con valor: 
16:23:14: Se ingresa el número de serie: 
16:23:16: Se ingresa el captcha: 
16:23:16: Se manda click al botón buscar
16:23:17: Se toma captura a la pantalla y se procesa captcha con valor: 
16:23:17: Se ingresa el número de serie: 
16:23:20: Se ingresa el captcha: 
16:23:20: Se manda click al botón buscar
16:23:20: Se toma captura a la pantalla y se procesa captcha con valor: 
16:23:20: Se ingresa el número de serie: 
16:23:23: Se ingresa el captcha: 
16:23:23: Se manda click al botón buscar
16:23:24: Se toma captura a la pantalla y se procesa captcha con valor: 
16:23:24: Se ingresa el número de serie: 
16:23:26: Se ingresa el captcha: 
16:23:26: Se manda click al botón buscar
16:23:27: Se toma captura a la pantalla y se procesa captcha con valor: 
16:23:27: Se ingresa el número de serie: 
16:23:30: Se ingresa el captcha: 
16:23:30: Se manda click al botón buscar
16:23:30: Se toma captura a la pantalla y se procesa captcha con valor: 
16:23:30: Se ingresa el número de serie: 
16:23:33: Se ingresa el captcha: 
16:23:33: Se manda click al botón buscar
