Archivo LOG de reportes del 2019/02/15 13:19:45
*******************************************************
13:19:50: C:\Users\Fernanda Rey\Desktop\pruebas\Siniestros\04182635987
13:19:51: Se busca comparar el archivo 20190128105758536 con un patrón de Póliza. sin OCR
13:20:17: Se busca comparar el archivo 20190128105758536 con un patrón de Póliza
13:20:17: Se busca comparar el archivo 20190128105758536 con un patrón de Factura
13:20:17: Se encontró que el archivo 20190128105758536 es una Factura
13:20:17: Se movió el documento 20190128105758536 al directorio de Factura
13:20:17: Se busca comparar el archivo idc-75266891F con un patrón de Póliza. sin OCR
13:20:17: Se busca comparar el archivo idc-75266891F con un patrón de Factura sin OCR. sin OCR
13:20:17: Se encontró que el archivo idc-75266891F es una Factura. sin OCR
13:20:17: Se movió el documento idc-75266891F al directorio de Factura. sin OCR
13:20:17: Se busca comparar el archivo idc-75544378 con un patrón de Póliza. sin OCR
13:20:17: Se busca comparar el archivo idc-75544378 con un patrón de Factura sin OCR. sin OCR
13:20:17: Se encontró que el archivo idc-75544378 es una Factura. sin OCR
13:20:17: Se movió el documento idc-75544378 al directorio de Factura. sin OCR
13:20:23: Se accede a la URL: http://www2.repuve.gob.mx:8080/ciudadania/
13:20:24: Se toma captura a la pantalla y se procesa captcha con valor: mjtt
13:20:24: Se ingresa el número de serie: 
13:20:27: Se ingresa el captcha: mjtt
13:20:27: Se manda click al botón buscar
13:21:48: Se accede a la URL: http://www2.repuve.gob.mx:8080/ciudadania/
13:21:49: Se toma captura a la pantalla y se procesa captcha con valor: xb3
13:21:49: Se ingresa el número de serie: WBAL9109DVT77514
13:21:52: Se ingresa el captcha: xb3
13:21:52: Se manda click al botón buscar
13:21:52: Se manda click al elemento PGJ
13:21:52: El vehiculo con serie WAU9FD8T3EA007986tiene el siguiente reporte en PGJ: Sin Reporte de Robo
13:21:52: Se manda click al elemento OCRA
13:21:52: El vehiculo con serie WAU9FD8T3EA007986  tiene el siguiente reporte en OCRA: Sin Reporte de Robo
13:24:56: Se encontró el siguiente error: OpenQA.Selenium.WebDriverException: unknown error: failed to change window state to normal, current state is maximized
  (Session info: chrome=72.0.3626.109)
  (Driver info: chromedriver=2.38.552522 (437e6fbedfa8762dec75e2c5b3ddb86763dc9dcb),platform=Windows NT 10.0.17134 x86_64)
   en OpenQA.Selenium.Remote.RemoteWebDriver.UnpackAndThrowOnError(Response errorResponse)
   en OpenQA.Selenium.Remote.RemoteWebDriver.Execute(String driverCommandToExecute, Dictionary`2 parameters)
   en OpenQA.Selenium.Remote.RemoteWindow.Maximize()
   en QPil.Procesos.CaptchaRepuve.ProcesoCaptchaRepuve(DataRow datos, IWebDriver Driver)
13:25:01: Se accede a la URL: http://www2.repuve.gob.mx:8080/ciudadania/
13:25:02: Se toma captura a la pantalla y se procesa captcha con valor: 8525
13:25:02: Se ingresa el número de serie: 9BWCCO5W8
13:25:05: Se ingresa el captcha: 8525
13:25:05: Se manda click al botón buscar
13:25:08: Se encontró el siguiente error: OpenQA.Selenium.WebDriverException: no such session
  (Driver info: chromedriver=2.38.552522 (437e6fbedfa8762dec75e2c5b3ddb86763dc9dcb),platform=Windows NT 10.0.17134 x86_64)
   en OpenQA.Selenium.Remote.RemoteWebDriver.UnpackAndThrowOnError(Response errorResponse)
   en OpenQA.Selenium.Remote.RemoteWebDriver.Execute(String driverCommandToExecute, Dictionary`2 parameters)
   en OpenQA.Selenium.Remote.RemoteWebDriver.set_Url(String value)
   en OpenQA.Selenium.Remote.RemoteNavigator.GoToUrl(String url)
   en QPil.Procesos.CaptchaRepuve.ProcesoCaptchaRepuve(DataRow datos, IWebDriver Driver)
13:25:13: Se accede a la URL: http://www2.repuve.gob.mx:8080/ciudadania/
13:25:14: Se toma captura a la pantalla y se procesa captcha con valor: eyf
13:25:14: Se ingresa el número de serie: 
13:25:17: Se ingresa el captcha: eyf
13:25:17: Se manda click al botón buscar
13:26:38: Se encontró el siguiente error: OpenQA.Selenium.WebDriverException: unknown error: failed to change window state to normal, current state is maximized
  (Session info: chrome=72.0.3626.109)
  (Driver info: chromedriver=2.38.552522 (437e6fbedfa8762dec75e2c5b3ddb86763dc9dcb),platform=Windows NT 10.0.17134 x86_64)
   en OpenQA.Selenium.Remote.RemoteWebDriver.UnpackAndThrowOnError(Response errorResponse)
   en OpenQA.Selenium.Remote.RemoteWebDriver.Execute(String driverCommandToExecute, Dictionary`2 parameters)
   en OpenQA.Selenium.Remote.RemoteWindow.Maximize()
   en QPil.Procesos.CaptchaRepuve.ProcesoCaptchaRepuve(DataRow datos, IWebDriver Driver)
