Archivo LOG de reportes del 2019/02/18 10:16:57
*******************************************************
10:17:02: C:\Users\Fernanda Rey\Desktop\pruebas\Siniestros\04182635987
10:17:02: Se busca comparar el archivo 20190128105758536 con un patrón de Póliza. sin OCR
10:17:30: Se busca comparar el archivo 20190128105758536 con un patrón de Póliza
10:17:30: Se busca comparar el archivo 20190128105758536 con un patrón de Factura
10:17:30: Se encontró que el archivo 20190128105758536 es una Factura
10:17:30: Se movió el documento 20190128105758536 al directorio de Factura
10:17:30: Se busca comparar el archivo idc--59254911P con un patrón de Póliza. sin OCR
10:17:30: Se encontró que el archivo idc--59254911P es una Póliza. sin OCR
10:17:30: Se movió el documento idc--59254911P al directorio de Poliza. sin OCR
10:17:30: Se extrajo poliza: 2660279436 endoso: 000000 inciso:0001
10:17:30: Se extrajo serie: WAU9FDET.11
10:17:30: Se extrajo modelo: 
10:17:30: Se extrajo motor: 
10:17:30: Se extrajo DM:  5%
10:17:30: Se extrajo RT:  5%
10:17:30: Se busca comparar el archivo idc--59254916T con un patrón de Póliza. sin OCR
10:17:30: Se busca comparar el archivo idc--59254916T con un patrón de Tenencia sin OCR. sin OCR
10:17:30: Se encontró que el archivo idc--59254916T es una Tenencia. sin OCR
10:17:30: Se movió el documento idc--59254916T al directorio de Tenencia. sin OCR
10:17:30: Se busca comparar el archivo idc--59254917F con un patrón de Póliza. sin OCR
10:17:30: Se busca comparar el archivo idc--59254917F con un patrón de Factura sin OCR. sin OCR
10:17:30: Se encontró que el archivo idc--59254917F es una Factura. sin OCR
10:17:30: Se movió el documento idc--59254917F al directorio de Factura. sin OCR
10:17:30: Se busca comparar el archivo idc-73951168F con un patrón de Póliza. sin OCR
10:17:36: Se busca comparar el archivo idc-73951168F con un patrón de Póliza
10:17:36: Se busca comparar el archivo idc-73951168F con un patrón de Factura
10:17:36: Se encontró que el archivo idc-73951168F es una Factura
10:17:36: Se movió el documento idc-73951168F al directorio de Factura
10:17:36: Se busca comparar el archivo idc-73951175T con un patrón de Póliza. sin OCR
10:17:41: Se busca comparar el archivo idc-73951175T con un patrón de Póliza
10:17:41: Se busca comparar el archivo idc-73951175T con un patrón de Tenencia
10:17:41: Se encontró que el archivo idc-73951175T es una Tenencia
10:17:41: Se movió el documento idc-73951175T al directorio de Tenencia
10:17:41: Se busca comparar el archivo idc-73951181T con un patrón de Póliza. sin OCR
10:17:45: Se busca comparar el archivo idc-73951181T con un patrón de Póliza
10:17:45: Se busca comparar el archivo idc-73951181T con un patrón de Tenencia
10:17:45: Se encontró que el archivo idc-73951181T es una Tenencia
10:17:45: Se movió el documento idc-73951181T al directorio de Tenencia
10:17:45: Se busca comparar el archivo idc-75266885P con un patrón de Póliza. sin OCR
10:17:45: Se encontró que el archivo idc-75266885P es una Póliza. sin OCR
10:17:45: Se movió el documento idc-75266885P al directorio de Poliza. sin OCR
10:17:45: Se extrajo poliza: 2150004104 endoso: 000_00 inciso:|000
10:17:45: Se extrajo serie: 9BWCC05W87P000692
10:17:45: Se extrajo modelo: 2007
10:17:45: Se extrajo motor: BJY043645
10:17:45: Se extrajo vigencia: Desde: las 12:00 P.M. del 26/DIC/2017  Hasta: las 12:00 P.M. del 26/DIC/2018 
10:17:45: Se extrajo DM:  5%
10:17:45: Se extrajo RT:  5%
10:17:45: Se busca comparar el archivo idc-75266891F con un patrón de Póliza. sin OCR
10:17:45: Se busca comparar el archivo idc-75266891F con un patrón de Factura sin OCR. sin OCR
10:17:45: Se encontró que el archivo idc-75266891F es una Factura. sin OCR
10:17:45: Se movió el documento idc-75266891F al directorio de Factura. sin OCR
10:17:45: Se busca comparar el archivo idc-75266899T con un patrón de Póliza. sin OCR
10:17:45: Se busca comparar el archivo idc-75266899T con un patrón de Tenencia sin OCR. sin OCR
10:17:45: Se encontró que el archivo idc-75266899T es una Tenencia. sin OCR
10:17:45: Se movió el documento idc-75266899T al directorio de Tenencia. sin OCR
10:17:45: Se busca comparar el archivo idc-75393119P con un patrón de Póliza. sin OCR
10:17:45: Se encontró que el archivo idc-75393119P es una Póliza. sin OCR
10:17:45: Se movió el documento idc-75393119P al directorio de Poliza. sin OCR
10:17:45: Se extrajo poliza: 0970722505 endoso: 000000 inciso:0001
10:17:45: Se extrajo serie: 4J0CB75E26A024223
10:17:45: Se extrajo modelo: 2006
10:17:45: Se extrajo motor: HECHO
10:17:46: Se extrajo vigencia: Desde: las 12:00 P.M. del 08/NOV/2018  Hasta: las 12:00 P.M. del 08/NOV/2019 
10:17:46: Se extrajo DM: 10%
10:17:46: Se extrajo RT: 10%
10:17:46: Se busca comparar el archivo idc-75393130T con un patrón de Póliza. sin OCR
10:17:46: Se busca comparar el archivo idc-75393130T con un patrón de Tenencia sin OCR. sin OCR
10:17:46: Se encontró que el archivo idc-75393130T es una Tenencia. sin OCR
10:17:46: Se movió el documento idc-75393130T al directorio de Tenencia. sin OCR
10:17:46: Se busca comparar el archivo idc-75393137F con un patrón de Póliza. sin OCR
10:17:46: Se busca comparar el archivo idc-75393137F con un patrón de Factura sin OCR. sin OCR
10:17:46: Se encontró que el archivo idc-75393137F es una Factura. sin OCR
10:17:46: Se movió el documento idc-75393137F al directorio de Factura. sin OCR
10:17:46: Se busca comparar el archivo idc-75487751P con un patrón de Póliza. sin OCR
10:17:46: Se encontró que el archivo idc-75487751P es una Póliza. sin OCR
10:17:46: Se movió el documento idc-75487751P al directorio de Poliza. sin OCR
10:17:46: Se extrajo serie: 9362KN6A66BOO3409
10:17:46: Se extrajo modelo: 2006
10:17:46: Se extrajo motor: Placas'
10:17:46: Se extrajo vigencia: Desde: las 1,2:00 P.M. del 31/MARi2018 Hasta: 
10:17:46: Se extrajo DM:  5%
10:17:46: Se extrajo RT:  5%
10:17:46: Se busca comparar el archivo idc-75487767T con un patrón de Póliza. sin OCR
10:17:46: Se busca comparar el archivo idc-75487767T con un patrón de Tenencia sin OCR. sin OCR
10:17:46: Se encontró que el archivo idc-75487767T es una Tenencia. sin OCR
10:17:46: Se movió el documento idc-75487767T al directorio de Tenencia. sin OCR
10:17:46: Se busca comparar el archivo idc-75514407F con un patrón de Póliza. sin OCR
10:17:46: Se busca comparar el archivo idc-75514407F con un patrón de Factura sin OCR. sin OCR
10:17:46: Se encontró que el archivo idc-75514407F es una Factura. sin OCR
10:17:46: Se movió el documento idc-75514407F al directorio de Factura. sin OCR
10:17:46: Se busca comparar el archivo idc-75514409T con un patrón de Póliza. sin OCR
10:17:58: Se busca comparar el archivo idc-75514409T con un patrón de Póliza
10:17:58: Se busca comparar el archivo idc-75514409T con un patrón de Tenencia
10:17:58: Se encontró que el archivo idc-75514409T es una Tenencia
10:17:58: Se movió el documento idc-75514409T al directorio de Tenencia
10:17:58: Se busca comparar el archivo idc-75514418F con un patrón de Póliza. sin OCR
10:17:58: Se busca comparar el archivo idc-75514418F con un patrón de Factura sin OCR. sin OCR
10:17:58: Se encontró que el archivo idc-75514418F es una Factura. sin OCR
10:17:58: Se movió el documento idc-75514418F al directorio de Factura. sin OCR
10:17:58: Se busca comparar el archivo idc-75515166P con un patrón de Póliza. sin OCR
10:18:17: Se busca comparar el archivo idc-75515166P con un patrón de Póliza
10:18:17: Se encontró que el archivo idc-75515166P es una Póliza
10:18:17: Se movió el documento idc-75515166P al directorio de Poliza
10:18:17: Se extrajo poliza: POLIZA|DE| endoso: EGURO| inciso:E|AU
10:18:17: Se extrajo serie: 
10:18:17: Se extrajo modelo: 
10:18:17: Se extrajo motor: z
10:18:17: Se extrajo vigencia: Desde: Ias 12 00 P. M. del 20lJUNl2018 Hasta: Ias 12.00 P. M del 20lJUNl2019 
10:18:17: No se pudo extraer DM
10:18:17: N o se pudo extraer RT 
10:18:17: Se busca comparar el archivo idc-75515169F con un patrón de Póliza. sin OCR
10:18:35: Se busca comparar el archivo idc-75515169F con un patrón de Póliza
10:18:35: Se busca comparar el archivo idc-75515169F con un patrón de Factura
10:18:35: Se encontró que el archivo idc-75515169F es una Factura
10:18:35: Se movió el documento idc-75515169F al directorio de Factura
10:18:35: Se busca comparar el archivo idc-75515171T con un patrón de Póliza. sin OCR
10:18:39: Se busca comparar el archivo idc-75515171T con un patrón de Póliza
10:18:39: Se busca comparar el archivo idc-75515171T con un patrón de Tenencia
10:18:39: Se encontró que el archivo idc-75515171T es una Tenencia
10:18:39: Se movió el documento idc-75515171T al directorio de Tenencia
10:18:40: Se busca comparar el archivo idc-75517250P con un patrón de Póliza. sin OCR
10:18:40: Se encontró que el archivo idc-75517250P es una Póliza. sin OCR
10:18:40: Se movió el documento idc-75517250P al directorio de Poliza. sin OCR
10:18:40: Se extrajo poliza: 4052947365 endoso: 000000 inciso:0001
10:18:40: Se extrajo serie: 3VWRV09M54M118530
10:18:40: Se extrajo modelo: 2004
10:18:40: Se extrajo motor: Placas:
10:18:40: Se extrajo vigencia: Desde: las 12:00 P.M. del 15/JUN/2018  Hasta: las 12:00 P.M. del 15/JUN/2019 
10:18:40: Se extrajo DM:  5%
10:18:40: Se extrajo RT:  5%
10:18:40: Se busca comparar el archivo idc-75517255T con un patrón de Póliza. sin OCR
10:18:48: Se busca comparar el archivo idc-75517255T con un patrón de Póliza
10:18:48: Se busca comparar el archivo idc-75517255T con un patrón de Tenencia
10:18:48: Se encontró que el archivo idc-75517255T es una Tenencia
10:18:48: Se movió el documento idc-75517255T al directorio de Tenencia
10:18:48: Se busca comparar el archivo idc-75533025P con un patrón de Póliza. sin OCR
10:18:48: Se encontró que el archivo idc-75533025P es una Póliza. sin OCR
10:18:48: Se movió el documento idc-75533025P al directorio de Poliza. sin OCR
10:18:48: Se extrajo serie: 3N1BC1AS6CK268248
10:18:48: Se extrajo modelo: 2012
10:18:48: Se extrajo motor: MR18897711
10:18:48: Se extrajo vigencia: Desde: las 12:00 P.M. del 2S/MAY/2018  Hasta: las 12:00 P.M. del 24/NOV/2018 
10:18:48: Se extrajo DM: 10%
10:18:48: Se extrajo RT: 10%
10:18:48: Se busca comparar el archivo idc-75533026F con un patrón de Póliza. sin OCR
10:18:48: Se busca comparar el archivo idc-75533026F con un patrón de Factura sin OCR. sin OCR
10:18:48: Se encontró que el archivo idc-75533026F es una Factura. sin OCR
10:18:48: Se movió el documento idc-75533026F al directorio de Factura. sin OCR
10:18:48: Se busca comparar el archivo idc-75533030T con un patrón de Póliza. sin OCR
10:18:48: Se busca comparar el archivo idc-75533030T con un patrón de Tenencia sin OCR. sin OCR
10:18:48: Se encontró que el archivo idc-75533030T es una Tenencia. sin OCR
10:18:48: Se movió el documento idc-75533030T al directorio de Tenencia. sin OCR
10:18:48: Se busca comparar el archivo idc-75544378 con un patrón de Póliza. sin OCR
10:18:48: Se busca comparar el archivo idc-75544378 con un patrón de Factura sin OCR. sin OCR
10:18:48: Se encontró que el archivo idc-75544378 es una Factura. sin OCR
10:18:48: Se movió el documento idc-75544378 al directorio de Factura. sin OCR
10:18:54: Se navega a la URL: https://tramitesdigitales.sat.gob.mx/Sicofi.ValidacionCFD/Default.aspx
10:18:54: Se toma screenshot y se procesar CAPTCHA con valor: yV7Yf
10:18:54: Se digita el captcha con valor: yV7Yf
10:18:55: Se manda click al elemento Continuar
10:18:55: Se digita el RFC del emisor: AUT091023H43
10:18:55: Se digita la serie: 
10:18:55: Se digita el Folio del Comprobante: 
10:18:55: Se digita el Número de Aprobación: 
10:18:56: Se digita el Año de Aprobación: 
10:18:56: Se manda click al botón Consultar
10:19:55: Se navega a la URL: https://tramitesdigitales.sat.gob.mx/Sicofi.ValidacionCFD/Default.aspx
10:19:56: Se toma screenshot y se procesar CAPTCHA con valor: yV7Yf
10:19:56: Se digita el captcha con valor: yV7Yf
10:19:56: Se manda click al elemento Continuar
10:19:56: Se digita el RFC del emisor: AUT091023H46
10:19:56: Se digita la serie: E
10:19:56: Se digita el Folio del Comprobante: 0000897
10:19:57: Se digita el Número de Aprobación: 424694
10:19:57: Se digita el Año de Aprobación: 2011
10:19:57: Se manda click al botón Consultar
10:19:57: Coincide 00001000000202409238
10:19:57: Estatus: Activo
10:20:10: Se navega a la URL: https://tramitesdigitales.sat.gob.mx/Sicofi.ValidacionCFD/Default.aspx
10:20:10: Se toma screenshot y se procesar CAPTCHA con valor: yV7Yf
10:20:10: Se digita el captcha con valor: yV7Yf
10:20:11: Se manda click al elemento Continuar
10:20:11: Se digita el RFC del emisor: OKE100921P813
10:20:11: Se digita la serie: WAU9FD8T3EA007986
10:20:11: Se digita el Folio del Comprobante: EANI00000116
10:20:11: Se digita el Número de Aprobación: 
10:20:12: Se digita el Año de Aprobación: 14-04-07
10:20:12: Se manda click al botón Consultar
10:21:21: Se navega a la URL: https://tramitesdigitales.sat.gob.mx/Sicofi.ValidacionCFD/Default.aspx
10:21:21: Se toma screenshot y se procesar CAPTCHA con valor: yV7Yf
10:21:21: Se digita el captcha con valor: yV7Yf
10:21:21: Se manda click al elemento Continuar
10:21:21: Se digita el RFC del emisor: 1012232530171
10:21:22: Se digita la serie: 
10:21:22: Se digita el Folio del Comprobante: 
10:21:22: Se digita el Número de Aprobación: 
10:21:22: Se digita el Año de Aprobación: 
10:21:22: Se manda click al botón Consultar
10:21:32: Se navega a la URL: https://tramitesdigitales.sat.gob.mx/Sicofi.ValidacionCFD/Default.aspx
10:21:32: Se toma screenshot y se procesar CAPTCHA con valor: yV7Yf
10:21:32: Se digita el captcha con valor: yV7Yf
10:21:33: Se manda click al elemento Continuar
10:21:33: Se digita el RFC del emisor: PAU-831108-IV2
10:21:33: Se digita la serie: 9BWCCO5W8
10:21:33: Se digita el Folio del Comprobante: 1787
10:21:33: Se digita el Número de Aprobación: 
10:21:33: Se digita el Año de Aprobación: MERIDA,
10:21:33: Se manda click al botón Consultar
10:22:41: Se navega a la URL: https://tramitesdigitales.sat.gob.mx/Sicofi.ValidacionCFD/Default.aspx
10:22:41: Se toma screenshot y se procesar CAPTCHA con valor: yV7Yf
10:22:41: Se digita el captcha con valor: yV7Yf
10:22:41: Se manda click al elemento Continuar
10:22:42: Se digita el RFC del emisor: TO0A500725CGA
10:22:42: Se digita la serie: 4JGCB751226A024223
10:22:42: Se digita el Folio del Comprobante: 1943
10:22:42: Se digita el Número de Aprobación: 
10:22:42: Se digita el Año de Aprobación: 01/04/2013
10:22:42: Se manda click al botón Consultar
10:24:22: Se navega a la URL: https://tramitesdigitales.sat.gob.mx/Sicofi.ValidacionCFD/Default.aspx
10:24:22: Se toma screenshot y se procesar CAPTCHA con valor: yV7Yf
10:24:22: Se digita el captcha con valor: yV7Yf
10:24:23: Se manda click al elemento Continuar
10:24:23: Se digita el RFC del emisor: SAU-010303-K73
10:24:23: Se digita la serie: 
10:24:23: Se digita el Folio del Comprobante: 4338
10:24:23: Se digita el Número de Aprobación: 
10:24:23: Se digita el Año de Aprobación: 54-80-00
10:24:23: Se manda click al botón Consultar
10:29:04: Se navega a la URL: https://tramitesdigitales.sat.gob.mx/Sicofi.ValidacionCFD/Default.aspx
10:29:04: Se toma screenshot y se procesar CAPTCHA con valor: yV7Yf
10:29:04: Se digita el captcha con valor: yV7Yf
10:29:05: Se manda click al elemento Continuar
10:29:05: Se digita el RFC del emisor: T4BJ066169,MO
10:29:05: Se digita la serie: 93Y1362JT4BJ066169,
10:29:05: Se digita el Folio del Comprobante: PT-45052
10:29:05: Se digita el Número de Aprobación: 
10:29:05: Se digita el Año de Aprobación: 18-12-26
10:29:05: Se manda click al botón Consultar
10:32:47: Se navega a la URL: https://tramitesdigitales.sat.gob.mx/Sicofi.ValidacionCFD/Default.aspx
10:32:47: Se toma screenshot y se procesar CAPTCHA con valor: yV7Yf
10:32:47: Se digita el captcha con valor: yV7Yf
10:32:48: Se manda click al elemento Continuar
10:32:48: Se digita el RFC del emisor: 200202018Asp
10:32:48: Se digita la serie: 
10:32:48: Se digita el Folio del Comprobante: 
10:32:48: Se digita el Número de Aprobación: 
10:32:48: Se digita el Año de Aprobación: EstlEnti
10:32:48: Se manda click al botón Consultar
10:35:56: Se navega a la URL: https://tramitesdigitales.sat.gob.mx/Sicofi.ValidacionCFD/Default.aspx
10:35:56: Se toma screenshot y se procesar CAPTCHA con valor: yV7Yf
10:35:56: Se digita el captcha con valor: yV7Yf
10:35:57: Se manda click al elemento Continuar
10:35:57: Se digita el RFC del emisor: POCE680822i
10:35:57: Se digita la serie: IIBC1AS6C1(26B24B
10:35:57: Se digita el Folio del Comprobante: 
10:35:57: Se digita el Número de Aprobación: 
10:35:57: Se digita el Año de Aprobación: 73-15-43
10:35:57: Se manda click al botón Consultar
10:36:50: Se navega a la URL: https://tramitesdigitales.sat.gob.mx/Sicofi.ValidacionCFD/Default.aspx
10:36:50: Se toma screenshot y se procesar CAPTCHA con valor: yV7Yf
10:36:50: Se digita el captcha con valor: yV7Yf
10:36:51: Se manda click al elemento Continuar
10:36:51: Se digita el RFC del emisor: 
10:36:51: Se digita la serie: 
10:36:51: Se digita el Folio del Comprobante: 
10:36:51: Se digita el Número de Aprobación: 
10:36:51: Se digita el Año de Aprobación: 
10:36:51: Se manda click al botón Consultar
10:36:58: Se navega a la URL: https://verificacfdi.facturaelectronica.sat.gob.mx/
10:37:00: Se ingresó folio fiscal: 
10:37:00: Se ingresó RFC de Emisor: 
10:37:00: Se ingresó RFC de Receptor: 
10:37:01: Se ingresó Captcha: 
10:37:50: Se navega a la URL: https://verificacfdi.facturaelectronica.sat.gob.mx/
10:37:52: Se ingresó folio fiscal: 
10:37:52: Se ingresó RFC de Emisor: 
10:37:52: Se ingresó RFC de Receptor: 
10:37:52: Se ingresó Captcha: 
10:38:26: Se navega a la URL: https://verificacfdi.facturaelectronica.sat.gob.mx/
10:38:28: Se ingresó folio fiscal: 
10:38:28: Se ingresó RFC de Emisor: 
10:38:29: Se ingresó RFC de Receptor: 
10:38:29: Se ingresó Captcha: 
10:38:56: Se navega a la URL: https://verificacfdi.facturaelectronica.sat.gob.mx/
10:38:58: Se ingresó folio fiscal: 
10:38:58: Se ingresó RFC de Emisor: 
10:38:58: Se ingresó RFC de Receptor: 
10:38:58: Se ingresó Captcha: 
10:40:00: Se navega a la URL: https://verificacfdi.facturaelectronica.sat.gob.mx/
10:40:03: Se ingresó folio fiscal: 
10:40:03: Se ingresó RFC de Emisor: 
10:40:03: Se ingresó RFC de Receptor: 
10:40:03: Se ingresó Captcha: 
10:40:17: Se navega a la URL: https://verificacfdi.facturaelectronica.sat.gob.mx/
10:40:19: Se ingresó folio fiscal: 
10:40:19: Se ingresó RFC de Emisor: 
10:40:19: Se ingresó RFC de Receptor: 
10:40:19: Se ingresó Captcha: 
10:41:55: Se navega a la URL: https://verificacfdi.facturaelectronica.sat.gob.mx/
10:41:57: Se ingresó folio fiscal: 
10:41:57: Se ingresó RFC de Emisor: 
10:41:57: Se ingresó RFC de Receptor: 
10:41:57: Se ingresó Captcha: 
10:41:58: El efecto de comprobante es: Ingreso
10:41:58: El estado del CFDI es: Vigente
10:41:58: El Estatus de cancelación es: Cancelable con aceptación
10:42:24: Se encontró el siguiente error: OpenQA.Selenium.WebDriverException: no such session
  (Driver info: chromedriver=2.38.552522 (437e6fbedfa8762dec75e2c5b3ddb86763dc9dcb),platform=Windows NT 10.0.17134 x86_64)
   en OpenQA.Selenium.Remote.RemoteWebDriver.UnpackAndThrowOnError(Response errorResponse)
   en OpenQA.Selenium.Remote.RemoteWebDriver.Execute(String driverCommandToExecute, Dictionary`2 parameters)
   en OpenQA.Selenium.Remote.RemoteWebDriver.Close()
   en QPil.Procesos.CaptchaSAT2.procesoCaptchaSAT2(DataRow datos, IWebDriver Driver) en C:\Users\Fernanda Rey\Desktop\RepoQualitas\QPil\Procesos\CaptchaSAT2.cs:línea 147
