Archivo LOG de reportes del 2019/02/15 15:31:08
*******************************************************
15:31:13: C:\Users\Fernanda Rey\Desktop\pruebas\Siniestros\04182635987
15:31:13: Se busca comparar el archivo 20190128105758536 con un patrón de Póliza. sin OCR
15:31:39: Se busca comparar el archivo 20190128105758536 con un patrón de Póliza
15:31:39: Se busca comparar el archivo 20190128105758536 con un patrón de Factura
15:31:39: Se encontró que el archivo 20190128105758536 es una Factura
15:31:39: Se movió el documento 20190128105758536 al directorio de Factura
15:31:39: Se busca comparar el archivo idc--59254917F con un patrón de Póliza. sin OCR
15:31:39: Se busca comparar el archivo idc--59254917F con un patrón de Factura sin OCR. sin OCR
15:31:39: Se encontró que el archivo idc--59254917F es una Factura. sin OCR
15:31:39: Se movió el documento idc--59254917F al directorio de Factura. sin OCR
15:31:39: Se busca comparar el archivo idc-73951168F con un patrón de Póliza. sin OCR
15:31:45: Se busca comparar el archivo idc-73951168F con un patrón de Póliza
15:31:45: Se busca comparar el archivo idc-73951168F con un patrón de Factura
15:31:45: Se encontró que el archivo idc-73951168F es una Factura
15:31:45: Se movió el documento idc-73951168F al directorio de Factura
15:31:45: Se busca comparar el archivo idc-75266891F con un patrón de Póliza. sin OCR
15:31:45: Se busca comparar el archivo idc-75266891F con un patrón de Factura sin OCR. sin OCR
15:31:45: Se encontró que el archivo idc-75266891F es una Factura. sin OCR
15:31:45: Se movió el documento idc-75266891F al directorio de Factura. sin OCR
15:31:45: Se busca comparar el archivo idc-75393137F con un patrón de Póliza. sin OCR
15:31:45: Se busca comparar el archivo idc-75393137F con un patrón de Factura sin OCR. sin OCR
15:31:45: Se encontró que el archivo idc-75393137F es una Factura. sin OCR
15:31:45: Se movió el documento idc-75393137F al directorio de Factura. sin OCR
15:31:45: Se busca comparar el archivo idc-75514407F con un patrón de Póliza. sin OCR
15:31:45: Se busca comparar el archivo idc-75514407F con un patrón de Factura sin OCR. sin OCR
15:31:45: Se encontró que el archivo idc-75514407F es una Factura. sin OCR
15:31:45: Se movió el documento idc-75514407F al directorio de Factura. sin OCR
15:31:46: Se busca comparar el archivo idc-75514418F con un patrón de Póliza. sin OCR
15:31:46: Se busca comparar el archivo idc-75514418F con un patrón de Factura sin OCR. sin OCR
15:31:46: Se encontró que el archivo idc-75514418F es una Factura. sin OCR
15:31:46: Se movió el documento idc-75514418F al directorio de Factura. sin OCR
15:31:46: Se busca comparar el archivo idc-75515169F con un patrón de Póliza. sin OCR
15:32:04: Se busca comparar el archivo idc-75515169F con un patrón de Póliza
15:32:04: Se busca comparar el archivo idc-75515169F con un patrón de Factura
15:32:04: Se encontró que el archivo idc-75515169F es una Factura
15:32:04: Se movió el documento idc-75515169F al directorio de Factura
15:32:04: Se busca comparar el archivo idc-75533026F con un patrón de Póliza. sin OCR
15:32:04: Se busca comparar el archivo idc-75533026F con un patrón de Factura sin OCR. sin OCR
15:32:04: Se encontró que el archivo idc-75533026F es una Factura. sin OCR
15:32:04: Se movió el documento idc-75533026F al directorio de Factura. sin OCR
15:32:04: Se busca comparar el archivo idc-75544378 con un patrón de Póliza. sin OCR
15:32:04: Se busca comparar el archivo idc-75544378 con un patrón de Factura sin OCR. sin OCR
15:32:04: Se encontró que el archivo idc-75544378 es una Factura. sin OCR
15:32:04: Se movió el documento idc-75544378 al directorio de Factura. sin OCR
15:34:02: Se accede a la URL: http://www2.repuve.gob.mx:8080/ciudadania/
15:34:03: Se toma captura a la pantalla y se procesa captcha con valor: vcmd
15:34:03: Se ingresa el número de serie: 
15:34:05: Se ingresa el captcha: vcmd
15:34:06: Se manda click al botón buscar
15:38:41: Se accede a la URL: http://www2.repuve.gob.mx:8080/ciudadania/
15:38:42: Se toma captura a la pantalla y se procesa captcha con valor: xrg
15:38:42: Se ingresa el número de serie: WAU9FD8T3EA007986
15:38:45: Se ingresa el captcha: xrg
15:38:45: Se manda click al botón buscar
15:38:45: Se manda click al elemento PGJ
15:38:45: El vehiculo con serie WAU9FD8T3EA007986tiene el siguiente reporte en PGJ: Sin Reporte de Robo
15:38:45: Se manda click al elemento OCRA
15:38:45: El vehiculo con serie WAU9FD8T3EA007986  tiene el siguiente reporte en OCRA: Sin Reporte de Robo
15:39:38: Se accede a la URL: http://www2.repuve.gob.mx:8080/ciudadania/
15:39:39: Se toma captura a la pantalla y se procesa captcha con valor: gBug
15:39:39: Se ingresa el número de serie: 
15:39:42: Se ingresa el captcha: gBug
15:39:42: Se manda click al botón buscar
15:49:14: Se accede a la URL: http://www2.repuve.gob.mx:8080/ciudadania/
15:49:15: Se toma captura a la pantalla y se procesa captcha con valor: Iv66
15:49:15: Se ingresa el número de serie: 9BWCCO5W8
15:49:18: Se ingresa el captcha: Iv66
15:49:18: Se manda click al botón buscar
15:49:57: Se accede a la URL: http://www2.repuve.gob.mx:8080/ciudadania/
15:49:58: Se toma captura a la pantalla y se procesa captcha con valor: 2x3
15:49:58: Se ingresa el número de serie: 4JGCB751226A024223
15:50:01: Se ingresa el captcha: 2x3
15:50:01: Se manda click al botón buscar
15:50:01: Se manda click al elemento PGJ
15:50:01: El vehiculo con serie WAU9FD8T3EA007986tiene el siguiente reporte en PGJ: Sin Reporte de Robo
15:50:01: Se manda click al elemento OCRA
15:50:01: El vehiculo con serie WAU9FD8T3EA007986  tiene el siguiente reporte en OCRA: Sin Reporte de Robo
15:50:35: Se accede a la URL: http://www2.repuve.gob.mx:8080/ciudadania/
15:50:35: Se toma captura a la pantalla y se procesa captcha con valor: 6uvg
15:50:35: Se ingresa el número de serie: 
15:50:38: Se ingresa el captcha: 6uvg
15:50:38: Se manda click al botón buscar
15:51:16: Se accede a la URL: http://www2.repuve.gob.mx:8080/ciudadania/
15:51:17: Se toma captura a la pantalla y se procesa captcha con valor: gstw
15:51:17: Se ingresa el número de serie: 93Y1362JT4BJ066169,
15:51:20: Se ingresa el captcha: gstw
15:51:20: Se manda click al botón buscar
15:52:50: Se accede a la URL: http://www2.repuve.gob.mx:8080/ciudadania/
15:52:51: Se toma captura a la pantalla y se procesa captcha con valor: ehX
15:52:51: Se ingresa el número de serie: 
15:52:53: Se ingresa el captcha: ehX
15:52:53: Se manda click al botón buscar
15:53:25: Se accede a la URL: http://www2.repuve.gob.mx:8080/ciudadania/
15:53:26: Se toma captura a la pantalla y se procesa captcha con valor: ay2
15:53:26: Se ingresa el número de serie: IIBC1AS6C1(26B24B
15:53:29: Se ingresa el captcha: ay2
15:53:29: Se manda click al botón buscar
