Archivo LOG de reportes del 2019/02/15 09:30:29
*******************************************************
09:30:34: C:\Users\Fernanda Rey\Desktop\pruebas\Siniestros\04182635987
09:30:34: Se busca comparar el archivo 20190128105758536 con un patrón de Póliza. sin OCR
09:31:00: Se busca comparar el archivo 20190128105758536 con un patrón de Póliza
09:31:00: Se busca comparar el archivo 20190128105758536 con un patrón de Factura
09:31:00: Se encontró que el archivo 20190128105758536 es una Factura
09:31:00: Se movió el documento 20190128105758536 al directorio de Factura
09:31:00: Se busca comparar el archivo idc-75544378 con un patrón de Póliza. sin OCR
09:31:00: Se busca comparar el archivo idc-75544378 con un patrón de Factura sin OCR. sin OCR
09:31:00: Se encontró que el archivo idc-75544378 es una Factura. sin OCR
09:31:00: Se movió el documento idc-75544378 al directorio de Factura. sin OCR
09:31:04: Se navega a la URL: https://tramitesdigitales.sat.gob.mx/Sicofi.ValidacionCFD/Default.aspx
09:31:04: Se toma screenshot y se procesar CAPTCHA con valor: yV7Yf
09:31:04: Se digita el captcha con valor: yV7Yf
09:31:05: Se manda click al elemento Continuar
09:31:05: Se digita el RFC del emisor: AUT091023H43
09:31:05: Se digita la serie: 
09:31:05: Se digita el Folio del Comprobante: 
09:31:05: Se digita el Número de Aprobación: 
09:31:05: Se digita el Año de Aprobación: 
09:31:05: Se manda click al botón Consultar
09:31:21: Se navega a la URL: https://tramitesdigitales.sat.gob.mx/Sicofi.ValidacionCFD/Default.aspx
09:31:21: Se toma screenshot y se procesar CAPTCHA con valor: yV7Yf
09:31:21: Se digita el captcha con valor: yV7Yf
09:31:22: Se manda click al elemento Continuar
09:31:22: Se digita el RFC del emisor: 
09:31:22: Se digita la serie: 
09:31:22: Se digita el Folio del Comprobante: 
09:31:22: Se digita el Número de Aprobación: 
09:31:22: Se digita el Año de Aprobación: 
09:31:22: Se manda click al botón Consultar
09:31:55: Se navega a la URL: https://verificacfdi.facturaelectronica.sat.gob.mx/
09:31:57: Se ingresó folio fiscal: 
09:31:57: Se ingresó RFC de Emisor: 
09:31:57: Se ingresó RFC de Receptor: 
09:31:57: Se ingresó Captcha: 
