Archivo LOG de reportes del 2019/02/18 11:30:15
*******************************************************
11:30:20: C:\Users\Fernanda Rey\Desktop\pruebas\Siniestros\04182635987
11:30:20: Se busca comparar el archivo 20190128105758536 con un patrón de Póliza. sin OCR
11:30:45: Se busca comparar el archivo 20190128105758536 con un patrón de Póliza
11:30:45: Se busca comparar el archivo 20190128105758536 con un patrón de Factura
11:30:45: Se encontró que el archivo 20190128105758536 es una Factura
11:30:45: Se movió el documento 20190128105758536 al directorio de Factura
11:30:45: Se busca comparar el archivo idc-73951168F con un patrón de Póliza. sin OCR
11:30:51: Se busca comparar el archivo idc-73951168F con un patrón de Póliza
11:30:51: Se busca comparar el archivo idc-73951168F con un patrón de Factura
11:30:51: Se encontró que el archivo idc-73951168F es una Factura
11:30:51: Se movió el documento idc-73951168F al directorio de Factura
11:30:51: Se busca comparar el archivo idc-75266891F con un patrón de Póliza. sin OCR
11:30:51: Se busca comparar el archivo idc-75266891F con un patrón de Factura sin OCR. sin OCR
11:30:51: Se encontró que el archivo idc-75266891F es una Factura. sin OCR
11:30:51: Se movió el documento idc-75266891F al directorio de Factura. sin OCR
11:30:51: Se busca comparar el archivo idc-75393137F con un patrón de Póliza. sin OCR
11:30:51: Se busca comparar el archivo idc-75393137F con un patrón de Factura sin OCR. sin OCR
11:30:51: Se encontró que el archivo idc-75393137F es una Factura. sin OCR
11:30:51: Se movió el documento idc-75393137F al directorio de Factura. sin OCR
11:30:51: Se busca comparar el archivo idc-75514407F con un patrón de Póliza. sin OCR
11:30:51: Se busca comparar el archivo idc-75514407F con un patrón de Factura sin OCR. sin OCR
11:30:51: Se encontró que el archivo idc-75514407F es una Factura. sin OCR
11:30:51: Se movió el documento idc-75514407F al directorio de Factura. sin OCR
11:30:51: Se busca comparar el archivo idc-75514418F con un patrón de Póliza. sin OCR
11:30:51: Se busca comparar el archivo idc-75514418F con un patrón de Factura sin OCR. sin OCR
11:30:51: Se encontró que el archivo idc-75514418F es una Factura. sin OCR
11:30:51: Se movió el documento idc-75514418F al directorio de Factura. sin OCR
11:30:51: Se busca comparar el archivo idc-75515169F con un patrón de Póliza. sin OCR
11:31:09: Se busca comparar el archivo idc-75515169F con un patrón de Póliza
11:31:09: Se busca comparar el archivo idc-75515169F con un patrón de Factura
11:31:09: Se encontró que el archivo idc-75515169F es una Factura
11:31:09: Se movió el documento idc-75515169F al directorio de Factura
11:31:09: Se busca comparar el archivo idc-75533026F con un patrón de Póliza. sin OCR
11:31:09: Se busca comparar el archivo idc-75533026F con un patrón de Factura sin OCR. sin OCR
11:31:09: Se encontró que el archivo idc-75533026F es una Factura. sin OCR
11:31:09: Se movió el documento idc-75533026F al directorio de Factura. sin OCR
11:31:09: Se busca comparar el archivo idc-75544378 con un patrón de Póliza. sin OCR
11:31:09: Se busca comparar el archivo idc-75544378 con un patrón de Factura sin OCR. sin OCR
11:31:09: Se encontró que el archivo idc-75544378 es una Factura. sin OCR
11:31:09: Se movió el documento idc-75544378 al directorio de Factura. sin OCR
11:31:31: Se accede a la URL: http://www2.repuve.gob.mx:8080/ciudadania/
11:31:32: Se toma captura a la pantalla y se procesa captcha con valor: n75
11:31:32: Se ingresa el número de serie: 
11:31:35: Se ingresa el captcha: n75
11:31:35: Se manda click al botón buscar
11:32:09: Se accede a la URL: http://www2.repuve.gob.mx:8080/ciudadania/
11:32:09: Se toma captura a la pantalla y se procesa captcha con valor: b3u
11:32:10: Se ingresa el número de serie: WBAVL9109DVT77514
11:32:12: Se ingresa el captcha: b3u
11:32:13: Se manda click al botón buscar
11:33:13: Se manda click al elemento PGJ
11:33:13: El vehiculo con serie WAU9FD8T3EA007986tiene el siguiente reporte en PGJ: Sin Reporte de Robo
11:33:13: Se manda click al elemento OCRA
11:33:13: El vehiculo con serie WAU9FD8T3EA007986  tiene el siguiente reporte en OCRA: Sin Reporte de Robo
11:33:21: Se accede a la URL: http://www2.repuve.gob.mx:8080/ciudadania/
11:33:22: Se toma captura a la pantalla y se procesa captcha con valor: f4q
11:33:22: Se ingresa el número de serie: 
11:33:24: Se ingresa el captcha: f4q
11:33:25: Se manda click al botón buscar
