Archivo LOG de reportes del 2019/02/15 08:59:17
*******************************************************
08:59:22: C:\Users\Fernanda Rey\Desktop\pruebas\Siniestros\04182635987
08:59:22: Se busca comparar el archivo 20190128105758536 con un patrón de Póliza. sin OCR
08:59:47: Se busca comparar el archivo 20190128105758536 con un patrón de Póliza
08:59:47: Se busca comparar el archivo 20190128105758536 con un patrón de Factura
08:59:47: Se encontró que el archivo 20190128105758536 es una Factura
08:59:47: Se movió el documento 20190128105758536 al directorio de Factura
08:59:47: Se busca comparar el archivo idc-75544378 con un patrón de Póliza. sin OCR
08:59:47: Se busca comparar el archivo idc-75544378 con un patrón de Factura sin OCR. sin OCR
08:59:47: Se encontró que el archivo idc-75544378 es una Factura. sin OCR
08:59:47: Se movió el documento idc-75544378 al directorio de Factura. sin OCR
08:59:54: Se navega a la URL: https://tramitesdigitales.sat.gob.mx/Sicofi.ValidacionCFD/Default.aspx
08:59:54: Se toma screenshot y se procesar CAPTCHA con valor: yV7Yf
08:59:54: Se digita el captcha con valor: yV7Yf
08:59:55: Se manda click al elemento Continuar
08:59:55: Se digita el RFC del emisor: AUT091023H43
08:59:55: Se digita la serie: 
08:59:55: Se digita el Folio del Comprobante: 
08:59:55: Se digita el Número de Aprobación: 
08:59:55: Se digita el Año de Aprobación: 
08:59:55: Se manda click al botón Consultar
09:01:11: Se navega a la URL: https://tramitesdigitales.sat.gob.mx/Sicofi.ValidacionCFD/Default.aspx
09:01:11: Se toma screenshot y se procesar CAPTCHA con valor: yV7Yf
09:01:11: Se digita el captcha con valor: yV7Yf
09:01:12: Se manda click al elemento Continuar
09:01:12: Se digita el RFC del emisor: 
09:01:12: Se digita la serie: 
09:01:12: Se digita el Folio del Comprobante: 
09:01:12: Se digita el Número de Aprobación: 
09:01:12: Se digita el Año de Aprobación: 
09:01:12: Se manda click al botón Consultar
