Archivo LOG de reportes del 2019/02/18 12:18:37
*******************************************************
12:18:42: C:\Users\Fernanda Rey\Desktop\pruebas\Siniestros\04182635987
12:18:42: Se busca comparar el archivo 20190128105758536 con un patrón de Póliza. sin OCR
12:19:07: Se busca comparar el archivo 20190128105758536 con un patrón de Póliza
12:19:07: Se busca comparar el archivo 20190128105758536 con un patrón de Factura
12:19:07: Se crea el directorio: C:\Users\Fernanda Rey\Desktop\pruebas\Siniestros\04182635987\Factura
12:19:07: Se encontró que el archivo 20190128105758536 es una Factura
12:19:07: Se movió el documento 20190128105758536 al directorio de Factura
12:19:07: Se busca comparar el archivo idc-73951168F con un patrón de Póliza. sin OCR
12:19:13: Se busca comparar el archivo idc-73951168F con un patrón de Póliza
12:19:13: Se busca comparar el archivo idc-73951168F con un patrón de Factura
12:19:13: Se encontró que el archivo idc-73951168F es una Factura
12:19:13: Se movió el documento idc-73951168F al directorio de Factura
12:19:13: Se busca comparar el archivo idc-73951175T con un patrón de Póliza. sin OCR
12:19:18: Se busca comparar el archivo idc-73951175T con un patrón de Póliza
12:19:18: Se busca comparar el archivo idc-73951175T con un patrón de Tenencia
12:19:18: Se crea el directorio: C:\Users\Fernanda Rey\Desktop\pruebas\Siniestros\04182635987\Tenencia
12:19:18: Se encontró que el archivo idc-73951175T es una Tenencia
12:19:18: Se movió el documento idc-73951175T al directorio de Tenencia
12:19:18: Se busca comparar el archivo idc-73951181T con un patrón de Póliza. sin OCR
12:19:22: Se busca comparar el archivo idc-73951181T con un patrón de Póliza
12:19:22: Se busca comparar el archivo idc-73951181T con un patrón de Tenencia
12:19:22: Se encontró que el archivo idc-73951181T es una Tenencia
12:19:22: Se movió el documento idc-73951181T al directorio de Tenencia
12:19:22: Se busca comparar el archivo idc-75266885P con un patrón de Póliza. sin OCR
12:19:22: Se crea el directorio: C:\Users\Fernanda Rey\Desktop\pruebas\Siniestros\04182635987\Poliza
12:19:22: Se encontró que el archivo idc-75266885P es una Póliza. sin OCR
12:19:22: Se movió el documento idc-75266885P al directorio de Poliza. sin OCR
12:19:22: Se extrajo poliza: 2150004104 endoso: 000_00 inciso:|000
12:19:22: Se extrajo serie: 9BWCC05W87P000692
12:19:22: Se extrajo modelo: 2007
12:19:22: Se extrajo motor: BJY043645
12:19:22: Se extrajo vigencia: Desde: las 12:00 P.M. del 26/DIC/2017  Hasta: las 12:00 P.M. del 26/DIC/2018 
12:19:22: Se extrajo DM:  5%
12:19:22: Se extrajo RT:  5%
12:19:22: Se busca comparar el archivo idc-75266891F con un patrón de Póliza. sin OCR
12:19:22: Se busca comparar el archivo idc-75266891F con un patrón de Factura sin OCR. sin OCR
12:19:22: Se encontró que el archivo idc-75266891F es una Factura. sin OCR
12:19:22: Se movió el documento idc-75266891F al directorio de Factura. sin OCR
12:19:23: Se busca comparar el archivo idc-75266899T con un patrón de Póliza. sin OCR
12:19:23: Se busca comparar el archivo idc-75266899T con un patrón de Tenencia sin OCR. sin OCR
12:19:23: Se encontró que el archivo idc-75266899T es una Tenencia. sin OCR
12:19:23: Se movió el documento idc-75266899T al directorio de Tenencia. sin OCR
12:19:23: Se busca comparar el archivo idc-75393119P con un patrón de Póliza. sin OCR
12:19:23: Se encontró que el archivo idc-75393119P es una Póliza. sin OCR
12:19:23: Se movió el documento idc-75393119P al directorio de Poliza. sin OCR
12:19:23: Se extrajo poliza: 0970722505 endoso: 000000 inciso:0001
12:19:23: Se extrajo serie: 4J0CB75E26A024223
12:19:23: Se extrajo modelo: 2006
12:19:23: Se extrajo motor: HECHO
12:19:23: Se extrajo vigencia: Desde: las 12:00 P.M. del 08/NOV/2018  Hasta: las 12:00 P.M. del 08/NOV/2019 
12:19:23: Se extrajo DM: 10%
12:19:23: Se extrajo RT: 10%
12:19:23: Se busca comparar el archivo idc-75393130T con un patrón de Póliza. sin OCR
12:19:23: Se busca comparar el archivo idc-75393130T con un patrón de Tenencia sin OCR. sin OCR
12:19:23: Se encontró que el archivo idc-75393130T es una Tenencia. sin OCR
12:19:23: Se movió el documento idc-75393130T al directorio de Tenencia. sin OCR
12:19:23: Se busca comparar el archivo idc-75393137F con un patrón de Póliza. sin OCR
12:19:23: Se busca comparar el archivo idc-75393137F con un patrón de Factura sin OCR. sin OCR
12:19:23: Se encontró que el archivo idc-75393137F es una Factura. sin OCR
12:19:23: Se movió el documento idc-75393137F al directorio de Factura. sin OCR
12:19:23: Se busca comparar el archivo idc-75487751P con un patrón de Póliza. sin OCR
12:19:23: Se encontró que el archivo idc-75487751P es una Póliza. sin OCR
12:19:23: Se movió el documento idc-75487751P al directorio de Poliza. sin OCR
12:19:23: Se extrajo serie: 9362KN6A66BOO3409
12:19:23: Se extrajo modelo: 2006
12:19:23: Se extrajo motor: Placas'
12:19:23: Se extrajo vigencia: Desde: las 1,2:00 P.M. del 31/MARi2018 Hasta: 
12:19:23: Se extrajo DM:  5%
12:19:23: Se extrajo RT:  5%
12:19:23: Se busca comparar el archivo idc-75487767T con un patrón de Póliza. sin OCR
12:19:23: Se busca comparar el archivo idc-75487767T con un patrón de Tenencia sin OCR. sin OCR
12:19:23: Se encontró que el archivo idc-75487767T es una Tenencia. sin OCR
12:19:23: Se movió el documento idc-75487767T al directorio de Tenencia. sin OCR
12:19:23: Se busca comparar el archivo idc-75514407F con un patrón de Póliza. sin OCR
12:19:23: Se busca comparar el archivo idc-75514407F con un patrón de Factura sin OCR. sin OCR
12:19:23: Se encontró que el archivo idc-75514407F es una Factura. sin OCR
12:19:23: Se movió el documento idc-75514407F al directorio de Factura. sin OCR
12:19:23: Se busca comparar el archivo idc-75514409T con un patrón de Póliza. sin OCR
12:19:35: Se busca comparar el archivo idc-75514409T con un patrón de Póliza
12:19:35: Se busca comparar el archivo idc-75514409T con un patrón de Tenencia
12:19:35: Se encontró que el archivo idc-75514409T es una Tenencia
12:19:35: Se movió el documento idc-75514409T al directorio de Tenencia
12:19:35: Se busca comparar el archivo idc-75514418F con un patrón de Póliza. sin OCR
12:19:35: Se busca comparar el archivo idc-75514418F con un patrón de Factura sin OCR. sin OCR
12:19:35: Se encontró que el archivo idc-75514418F es una Factura. sin OCR
12:19:35: Se movió el documento idc-75514418F al directorio de Factura. sin OCR
12:19:35: Se busca comparar el archivo idc-75515166P con un patrón de Póliza. sin OCR
12:19:54: Se busca comparar el archivo idc-75515166P con un patrón de Póliza
12:19:54: Se encontró que el archivo idc-75515166P es una Póliza
12:19:54: Se movió el documento idc-75515166P al directorio de Poliza
12:19:54: Se extrajo poliza: POLIZA|DE| endoso: EGURO| inciso:E|AU
12:19:54: Se extrajo serie: 
12:19:54: Se extrajo modelo: 
12:19:54: Se extrajo motor: z
12:19:54: Se extrajo vigencia: Desde: Ias 12 00 P. M. del 20lJUNl2018 Hasta: Ias 12.00 P. M del 20lJUNl2019 
12:19:54: No se pudo extraer DM
12:19:54: N o se pudo extraer RT 
12:19:54: Se busca comparar el archivo idc-75515169F con un patrón de Póliza. sin OCR
12:20:12: Se busca comparar el archivo idc-75515169F con un patrón de Póliza
12:20:12: Se busca comparar el archivo idc-75515169F con un patrón de Factura
12:20:12: Se encontró que el archivo idc-75515169F es una Factura
12:20:12: Se movió el documento idc-75515169F al directorio de Factura
12:20:12: Se busca comparar el archivo idc-75515171T con un patrón de Póliza. sin OCR
12:20:17: Se busca comparar el archivo idc-75515171T con un patrón de Póliza
12:20:17: Se busca comparar el archivo idc-75515171T con un patrón de Tenencia
12:20:17: Se encontró que el archivo idc-75515171T es una Tenencia
12:20:17: Se movió el documento idc-75515171T al directorio de Tenencia
12:20:17: Se busca comparar el archivo idc-75517250P con un patrón de Póliza. sin OCR
12:20:17: Se encontró que el archivo idc-75517250P es una Póliza. sin OCR
12:20:17: Se movió el documento idc-75517250P al directorio de Poliza. sin OCR
12:20:17: Se extrajo poliza: 4052947365 endoso: 000000 inciso:0001
12:20:17: Se extrajo serie: 3VWRV09M54M118530
12:20:17: Se extrajo modelo: 2004
12:20:17: Se extrajo motor: Placas:
12:20:17: Se extrajo vigencia: Desde: las 12:00 P.M. del 15/JUN/2018  Hasta: las 12:00 P.M. del 15/JUN/2019 
12:20:17: Se extrajo DM:  5%
12:20:17: Se extrajo RT:  5%
12:20:17: Se busca comparar el archivo idc-75517255T con un patrón de Póliza. sin OCR
12:20:25: Se busca comparar el archivo idc-75517255T con un patrón de Póliza
12:20:25: Se busca comparar el archivo idc-75517255T con un patrón de Tenencia
12:20:25: Se encontró que el archivo idc-75517255T es una Tenencia
12:20:25: Se movió el documento idc-75517255T al directorio de Tenencia
12:20:26: Se busca comparar el archivo idc-75533025P con un patrón de Póliza. sin OCR
12:20:26: Se encontró que el archivo idc-75533025P es una Póliza. sin OCR
12:20:26: Se movió el documento idc-75533025P al directorio de Poliza. sin OCR
12:20:26: Se extrajo serie: 3N1BC1AS6CK268248
12:20:26: Se extrajo modelo: 2012
12:20:26: Se extrajo motor: MR18897711
12:20:26: Se extrajo vigencia: Desde: las 12:00 P.M. del 2S/MAY/2018  Hasta: las 12:00 P.M. del 24/NOV/2018 
12:20:26: Se extrajo DM: 10%
12:20:26: Se extrajo RT: 10%
12:20:26: Se busca comparar el archivo idc-75533026F con un patrón de Póliza. sin OCR
12:20:26: Se busca comparar el archivo idc-75533026F con un patrón de Factura sin OCR. sin OCR
12:20:26: Se encontró que el archivo idc-75533026F es una Factura. sin OCR
12:20:26: Se movió el documento idc-75533026F al directorio de Factura. sin OCR
12:20:26: Se busca comparar el archivo idc-75533030T con un patrón de Póliza. sin OCR
12:20:26: Se busca comparar el archivo idc-75533030T con un patrón de Tenencia sin OCR. sin OCR
12:20:26: Se encontró que el archivo idc-75533030T es una Tenencia. sin OCR
12:20:26: Se movió el documento idc-75533030T al directorio de Tenencia. sin OCR
12:20:26: Se busca comparar el archivo idc-75544378 con un patrón de Póliza. sin OCR
12:20:26: Se busca comparar el archivo idc-75544378 con un patrón de Factura sin OCR. sin OCR
12:20:26: Se encontró que el archivo idc-75544378 es una Factura. sin OCR
12:20:26: Se movió el documento idc-75544378 al directorio de Factura. sin OCR
12:20:30: Se navega a la URL: https://tramitesdigitales.sat.gob.mx/Sicofi.ValidacionCFD/Default.aspx
12:20:31: Se toma screenshot y se procesar CAPTCHA con valor: yV7Yf
12:20:31: Se digita el captcha con valor: yV7Yf
12:20:32: Se manda click al elemento Continuar
12:20:32: Se digita el RFC del emisor: AUT091023H43
12:20:32: Se digita la serie: 
12:20:32: Se digita el Folio del Comprobante: 
12:20:32: Se digita el Número de Aprobación: 
12:20:32: Se digita el Año de Aprobación: 
12:20:32: Se manda click al botón Consultar
12:21:20: Se navega a la URL: https://tramitesdigitales.sat.gob.mx/Sicofi.ValidacionCFD/Default.aspx
12:21:20: Se toma screenshot y se procesar CAPTCHA con valor: yV7Yf
12:21:21: Se digita el captcha con valor: yV7Yf
12:21:21: Se manda click al elemento Continuar
12:21:21: Se digita el RFC del emisor: AUT091023H46
12:21:21: Se digita la serie: E
12:21:22: Se digita el Folio del Comprobante: 0000897
12:21:22: Se digita el Número de Aprobación: 424694
12:21:22: Se digita el Año de Aprobación: 2011
12:21:22: Se manda click al botón Consultar
12:21:22: Coincide 00001000000202409238
12:21:22: Estatus: Activo
12:21:27: Se navega a la URL: https://tramitesdigitales.sat.gob.mx/Sicofi.ValidacionCFD/Default.aspx
12:21:27: Se toma screenshot y se procesar CAPTCHA con valor: yV7Yf
12:21:27: Se digita el captcha con valor: yV7Yf
12:21:28: Se manda click al elemento Continuar
12:21:28: Se digita el RFC del emisor: 1012232530171
12:21:28: Se digita la serie: 
12:21:28: Se digita el Folio del Comprobante: 
12:21:28: Se digita el Número de Aprobación: 
12:21:28: Se digita el Año de Aprobación: 
12:21:28: Se manda click al botón Consultar
12:21:35: Se navega a la URL: https://tramitesdigitales.sat.gob.mx/Sicofi.ValidacionCFD/Default.aspx
12:21:35: Se toma screenshot y se procesar CAPTCHA con valor: yV7Yf
12:21:35: Se digita el captcha con valor: yV7Yf
12:21:36: Se manda click al elemento Continuar
12:21:36: Se digita el RFC del emisor: PAU-831108-IV2
12:21:36: Se digita la serie: 9BWCCO5W8
12:21:36: Se digita el Folio del Comprobante: 1787
12:21:36: Se digita el Número de Aprobación: 
12:21:36: Se digita el Año de Aprobación: MERIDA,
12:21:36: Se manda click al botón Consultar
12:21:44: Se navega a la URL: https://tramitesdigitales.sat.gob.mx/Sicofi.ValidacionCFD/Default.aspx
12:21:44: Se toma screenshot y se procesar CAPTCHA con valor: yV7Yf
12:21:44: Se digita el captcha con valor: yV7Yf
12:21:45: Se manda click al elemento Continuar
12:21:45: Se digita el RFC del emisor: TO0A500725CGA
12:21:45: Se digita la serie: 4JGCB751226A024223
12:21:45: Se digita el Folio del Comprobante: 1943
12:21:45: Se digita el Número de Aprobación: 
12:21:45: Se digita el Año de Aprobación: 01/04/2013
12:21:46: Se manda click al botón Consultar
12:21:52: Se navega a la URL: https://tramitesdigitales.sat.gob.mx/Sicofi.ValidacionCFD/Default.aspx
12:21:52: Se toma screenshot y se procesar CAPTCHA con valor: yV7Yf
12:21:52: Se digita el captcha con valor: yV7Yf
12:21:53: Se manda click al elemento Continuar
12:21:53: Se digita el RFC del emisor: SAU-010303-K73
12:21:53: Se digita la serie: 
12:21:53: Se digita el Folio del Comprobante: 4338
12:21:53: Se digita el Número de Aprobación: 
12:21:53: Se digita el Año de Aprobación: 54-80-00
12:21:53: Se manda click al botón Consultar
12:21:58: Se navega a la URL: https://tramitesdigitales.sat.gob.mx/Sicofi.ValidacionCFD/Default.aspx
12:21:58: Se toma screenshot y se procesar CAPTCHA con valor: yV7Yf
12:21:58: Se digita el captcha con valor: yV7Yf
12:21:59: Se manda click al elemento Continuar
12:21:59: Se digita el RFC del emisor: T4BJ066169,MO
12:21:59: Se digita la serie: 93Y1362JT4BJ066169,
12:21:59: Se digita el Folio del Comprobante: PT-45052
12:21:59: Se digita el Número de Aprobación: 
12:21:59: Se digita el Año de Aprobación: 18-12-26
12:21:59: Se manda click al botón Consultar
12:22:04: Se navega a la URL: https://tramitesdigitales.sat.gob.mx/Sicofi.ValidacionCFD/Default.aspx
12:22:04: Se toma screenshot y se procesar CAPTCHA con valor: yV7Yf
12:22:04: Se digita el captcha con valor: yV7Yf
12:22:05: Se manda click al elemento Continuar
12:22:05: Se digita el RFC del emisor: 200202018Asp
12:22:05: Se digita la serie: 
12:22:05: Se digita el Folio del Comprobante: 
12:22:05: Se digita el Número de Aprobación: 
12:22:05: Se digita el Año de Aprobación: EstlEnti
12:22:05: Se manda click al botón Consultar
12:22:10: Se navega a la URL: https://tramitesdigitales.sat.gob.mx/Sicofi.ValidacionCFD/Default.aspx
12:22:10: Se toma screenshot y se procesar CAPTCHA con valor: yV7Yf
12:22:10: Se digita el captcha con valor: yV7Yf
12:22:11: Se manda click al elemento Continuar
12:22:11: Se digita el RFC del emisor: POCE680822i
12:22:11: Se digita la serie: IIBC1AS6C1(26B24B
12:22:11: Se digita el Folio del Comprobante: 
12:22:11: Se digita el Número de Aprobación: 
12:22:11: Se digita el Año de Aprobación: 73-15-43
12:22:11: Se manda click al botón Consultar
12:22:16: Se navega a la URL: https://tramitesdigitales.sat.gob.mx/Sicofi.ValidacionCFD/Default.aspx
12:22:16: Se toma screenshot y se procesar CAPTCHA con valor: yV7Yf
12:22:16: Se digita el captcha con valor: yV7Yf
12:22:17: Se manda click al elemento Continuar
12:22:17: Se digita el RFC del emisor: 
12:22:17: Se digita la serie: 
12:22:17: Se digita el Folio del Comprobante: 
12:22:17: Se digita el Número de Aprobación: 
12:22:17: Se digita el Año de Aprobación: 
12:22:17: Se manda click al botón Consultar
12:22:23: Se navega a la URL: https://verificacfdi.facturaelectronica.sat.gob.mx/
12:22:25: Se ingresó folio fiscal: 
12:22:25: Se ingresó RFC de Emisor: 
12:22:25: Se ingresó RFC de Receptor: 
12:22:25: Se ingresó Captcha: 
12:22:35: Se navega a la URL: https://verificacfdi.facturaelectronica.sat.gob.mx/
12:22:37: Se ingresó folio fiscal: 
12:22:37: Se ingresó RFC de Emisor: 
12:22:37: Se ingresó RFC de Receptor: 
12:22:37: Se ingresó Captcha: 
12:22:49: Se navega a la URL: https://verificacfdi.facturaelectronica.sat.gob.mx/
12:22:51: Se ingresó folio fiscal: 
12:22:51: Se ingresó RFC de Emisor: 
12:22:51: Se ingresó RFC de Receptor: 
12:22:51: Se ingresó Captcha: 
12:23:03: Se navega a la URL: https://verificacfdi.facturaelectronica.sat.gob.mx/
12:23:05: Se ingresó folio fiscal: 
12:23:05: Se ingresó RFC de Emisor: 
12:23:05: Se ingresó RFC de Receptor: 
12:23:05: Se ingresó Captcha: 
12:23:14: Se navega a la URL: https://verificacfdi.facturaelectronica.sat.gob.mx/
12:23:16: Se ingresó folio fiscal: 
12:23:17: Se ingresó RFC de Emisor: 
12:23:17: Se ingresó RFC de Receptor: 
12:23:17: Se ingresó Captcha: 
12:23:28: Se navega a la URL: https://verificacfdi.facturaelectronica.sat.gob.mx/
12:23:30: Se ingresó folio fiscal: 
12:23:31: Se ingresó RFC de Emisor: 
12:23:31: Se ingresó RFC de Receptor: 
12:23:31: Se ingresó Captcha: 
12:23:42: Se navega a la URL: https://verificacfdi.facturaelectronica.sat.gob.mx/
12:23:44: Se ingresó folio fiscal: 
12:23:45: Se ingresó RFC de Emisor: 
12:23:45: Se ingresó RFC de Receptor: 
12:23:45: Se ingresó Captcha: 
12:23:57: Se navega a la URL: https://verificacfdi.facturaelectronica.sat.gob.mx/
12:23:59: Se ingresó folio fiscal: 
12:23:59: Se ingresó RFC de Emisor: 
12:23:59: Se ingresó RFC de Receptor: 
12:23:59: Se ingresó Captcha: 
12:24:35: Se navega a la URL: https://verificacfdi.facturaelectronica.sat.gob.mx/
12:24:37: Se ingresó folio fiscal: 
12:24:37: Se ingresó RFC de Emisor: 
12:24:37: Se ingresó RFC de Receptor: 
12:24:38: Se ingresó Captcha: 
12:24:38: El efecto de comprobante es: Ingreso
12:24:38: El estado del CFDI es: Vigente
12:24:38: El Estatus de cancelación es: Cancelable con aceptación
12:24:45: Se accede a la URL: http://www2.repuve.gob.mx:8080/ciudadania/
12:24:46: Se toma captura a la pantalla y se procesa captcha con valor: 372
12:24:46: Se ingresa el número de serie: E
12:24:49: Se ingresa el captcha: 372
12:24:49: Se manda click al botón buscar
12:24:50: Se toma captura a la pantalla y se procesa captcha con valor: b66l
12:24:50: Se ingresa el número de serie: E
12:24:53: Se ingresa el captcha: b66l
12:24:53: Se manda click al botón buscar
12:24:54: Se toma captura a la pantalla y se procesa captcha con valor: btv
12:24:54: Se ingresa el número de serie: E
12:24:57: Se ingresa el captcha: btv
12:24:57: Se manda click al botón buscar
12:24:57: Se manda click al elemento PGJ
12:24:57: El vehiculo con serie WAU9FD8T3EA007986tiene el siguiente reporte en PGJ: Sin Reporte de Robo
12:24:57: Se manda click al elemento OCRA
12:24:58: El vehiculo con serie WAU9FD8T3EA007986  tiene el siguiente reporte en OCRA: Sin Reporte de Robo
12:26:51: Se accede a la URL: http://www2.repuve.gob.mx:8080/ciudadania/
12:26:52: Se toma captura a la pantalla y se procesa captcha con valor: sp4
12:26:52: Se ingresa el número de serie: 
12:26:55: Se ingresa el captcha: sp4
12:26:55: Se manda click al botón buscar
12:27:30: Se accede a la URL: http://www2.repuve.gob.mx:8080/ciudadania/
12:27:31: Se toma captura a la pantalla y se procesa captcha con valor: d7zw
12:27:31: Se ingresa el número de serie: 9BWCCO5W8
12:27:34: Se ingresa el captcha: d7zw
12:27:34: Se manda click al botón buscar
12:27:53: Se accede a la URL: http://www2.repuve.gob.mx:8080/ciudadania/
12:27:54: Se toma captura a la pantalla y se procesa captcha con valor: b6ep
12:27:54: Se ingresa el número de serie: 4JGCB751226A024223
12:27:56: Se ingresa el captcha: b6ep
12:27:57: Se manda click al botón buscar
12:27:57: Se manda click al elemento PGJ
12:27:57: El vehiculo con serie WAU9FD8T3EA007986tiene el siguiente reporte en PGJ: Sin Reporte de Robo
12:27:57: Se manda click al elemento OCRA
12:27:57: El vehiculo con serie WAU9FD8T3EA007986  tiene el siguiente reporte en OCRA: Sin Reporte de Robo
12:28:11: Se accede a la URL: http://www2.repuve.gob.mx:8080/ciudadania/
12:28:12: Se toma captura a la pantalla y se procesa captcha con valor: 
12:28:12: Se ingresa el número de serie: 
12:28:14: Se ingresa el captcha: 
12:28:14: Se manda click al botón buscar
12:28:26: Se accede a la URL: http://www2.repuve.gob.mx:8080/ciudadania/
12:28:27: Se toma captura a la pantalla y se procesa captcha con valor: 
12:28:27: Se ingresa el número de serie: 93Y1362JT4BJ066169,
12:28:30: Se ingresa el captcha: 
12:28:30: Se manda click al botón buscar
12:28:39: Se accede a la URL: http://www2.repuve.gob.mx:8080/ciudadania/
12:28:40: Se toma captura a la pantalla y se procesa captcha con valor: zb3
12:28:40: Se ingresa el número de serie: 
12:28:42: Se ingresa el captcha: zb3
12:28:43: Se manda click al botón buscar
12:28:52: Se accede a la URL: http://www2.repuve.gob.mx:8080/ciudadania/
12:28:53: Se toma captura a la pantalla y se procesa captcha con valor: q1t
12:28:53: Se ingresa el número de serie: IIBC1AS6C1(26B24B
12:28:56: Se ingresa el captcha: q1t
12:28:56: Se manda click al botón buscar
12:29:05: Se accede a la URL: http://www2.repuve.gob.mx:8080/ciudadania/
12:29:06: Se toma captura a la pantalla y se procesa captcha con valor: 017g
12:29:06: Se ingresa el número de serie: 
12:29:08: Se ingresa el captcha: 017g
12:29:08: Se manda click al botón buscar
