Archivo LOG de reportes del 2019/02/15 11:33:30
*******************************************************
11:33:35: C:\Users\Fernanda Rey\Desktop\pruebas\Siniestros\04182635987
11:33:35: Se busca comparar el archivo 20190128105758536 con un patrón de Póliza. sin OCR
11:34:01: Se busca comparar el archivo 20190128105758536 con un patrón de Póliza
11:34:01: Se busca comparar el archivo 20190128105758536 con un patrón de Factura
11:34:01: Se encontró que el archivo 20190128105758536 es una Factura
11:34:01: Se movió el documento 20190128105758536 al directorio de Factura
11:34:01: Se busca comparar el archivo idc-75544378 con un patrón de Póliza. sin OCR
11:34:01: Se busca comparar el archivo idc-75544378 con un patrón de Factura sin OCR. sin OCR
11:34:01: Se encontró que el archivo idc-75544378 es una Factura. sin OCR
11:34:01: Se movió el documento idc-75544378 al directorio de Factura. sin OCR
11:34:05: Se navega a la URL: https://tramitesdigitales.sat.gob.mx/Sicofi.ValidacionCFD/Default.aspx
11:34:05: Se toma screenshot y se procesar CAPTCHA con valor: yV7Yf
11:34:05: Se digita el captcha con valor: yV7Yf
11:34:06: Se manda click al elemento Continuar
11:34:06: Se digita el RFC del emisor: AUT091023H43
11:34:06: Se digita la serie: 
11:34:06: Se digita el Folio del Comprobante: 
11:34:06: Se digita el Número de Aprobación: 
11:34:06: Se digita el Año de Aprobación: 
11:34:07: Se manda click al botón Consultar
11:34:13: Se navega a la URL: https://tramitesdigitales.sat.gob.mx/Sicofi.ValidacionCFD/Default.aspx
11:34:13: Se toma screenshot y se procesar CAPTCHA con valor: yV7Yf
11:34:13: Se digita el captcha con valor: yV7Yf
11:34:13: Se manda click al elemento Continuar
11:34:13: Se digita el RFC del emisor: 
11:34:13: Se digita la serie: 
11:34:13: Se digita el Folio del Comprobante: 
11:34:14: Se digita el Número de Aprobación: 
11:34:14: Se digita el Año de Aprobación: 
11:34:14: Se manda click al botón Consultar
11:34:31: Se navega a la URL: https://verificacfdi.facturaelectronica.sat.gob.mx/
11:34:33: Se ingresó folio fiscal: 
11:34:33: Se ingresó RFC de Emisor: 
11:34:34: Se ingresó RFC de Receptor: 
11:34:34: Se ingresó Captcha: 
11:34:43: Se navega a la URL: https://verificacfdi.facturaelectronica.sat.gob.mx/
11:34:46: Se ingresó folio fiscal: 
11:34:46: Se ingresó RFC de Emisor: 
11:34:46: Se ingresó RFC de Receptor: 
11:34:46: Se ingresó Captcha: 
11:34:57: Se accede a la URL: http://www2.repuve.gob.mx:8080/ciudadania/
11:34:58: Se toma captura a la pantalla y se procesa captcha con valor: 3I3d
11:34:58: Se ingresa el número de serie: 
11:35:01: Se ingresa el captcha: 3I3d
11:35:01: Se manda click al botón buscar
11:35:47: Se accede a la URL: http://www2.repuve.gob.mx:8080/ciudadania/
11:35:48: Se toma captura a la pantalla y se procesa captcha con valor: ZjSe
11:35:48: Se ingresa el número de serie: WBAVL9109DVT77514
11:35:51: Se ingresa el captcha: ZjSe
11:35:51: Se manda click al botón buscar
11:36:53: Se accede a la URL: http://www2.repuve.gob.mx:8080/ciudadania/
11:36:54: Se toma captura a la pantalla y se procesa captcha con valor: 6ed
11:36:54: Se ingresa el número de serie: WBAVL9109DVT77514
11:36:57: Se ingresa el captcha: 6ed
11:36:57: Se manda click al botón buscar
11:36:57: Se manda click al elemento PGJ
11:36:57: El vehiculo con serie WAU9FD8T3EA007986tiene el siguiente reporte en PGJ: Sin Reporte de Robo
11:36:57: Se manda click al elemento OCRA
11:36:57: El vehiculo con serie WAU9FD8T3EA007986  tiene el siguiente reporte en OCRA: Sin Reporte de Robo
11:36:58: La marca de esa serie es:  BMW
11:37:13: El modelo de esa serie es:  X1
11:37:21: El año de esa serie es:  2013
11:37:25: La clase de esa serie es:  CAMIONETA
11:37:32: El tipo de esa serie es:  SUV
11:37:41: La planta de ensamblaje de esa serie es:  LEIPZIG, ALEMANIA
