Archivo LOG de reportes del 2019/02/15 16:30:23
*******************************************************
16:30:28: C:\Users\Fernanda Rey\Desktop\pruebas\Siniestros\04182635987
16:30:28: Se busca comparar el archivo 20190128105758536 con un patrón de Póliza. sin OCR
16:30:55: Se busca comparar el archivo 20190128105758536 con un patrón de Póliza
16:30:55: Se busca comparar el archivo 20190128105758536 con un patrón de Factura
16:30:55: Se encontró que el archivo 20190128105758536 es una Factura
16:30:55: Se movió el documento 20190128105758536 al directorio de Factura
16:30:55: Se busca comparar el archivo idc--59254917F con un patrón de Póliza. sin OCR
16:30:55: Se busca comparar el archivo idc--59254917F con un patrón de Factura sin OCR. sin OCR
16:30:55: Se encontró que el archivo idc--59254917F es una Factura. sin OCR
16:30:55: Se movió el documento idc--59254917F al directorio de Factura. sin OCR
16:30:55: Se busca comparar el archivo idc-73951168F con un patrón de Póliza. sin OCR
16:31:01: Se busca comparar el archivo idc-73951168F con un patrón de Póliza
16:31:01: Se busca comparar el archivo idc-73951168F con un patrón de Factura
16:31:01: Se encontró que el archivo idc-73951168F es una Factura
16:31:01: Se movió el documento idc-73951168F al directorio de Factura
16:31:01: Se busca comparar el archivo idc-75266891F con un patrón de Póliza. sin OCR
16:31:01: Se busca comparar el archivo idc-75266891F con un patrón de Factura sin OCR. sin OCR
16:31:01: Se encontró que el archivo idc-75266891F es una Factura. sin OCR
16:31:01: Se movió el documento idc-75266891F al directorio de Factura. sin OCR
16:31:01: Se busca comparar el archivo idc-75393137F con un patrón de Póliza. sin OCR
16:31:01: Se busca comparar el archivo idc-75393137F con un patrón de Factura sin OCR. sin OCR
16:31:01: Se encontró que el archivo idc-75393137F es una Factura. sin OCR
16:31:02: Se movió el documento idc-75393137F al directorio de Factura. sin OCR
16:31:02: Se busca comparar el archivo idc-75514407F con un patrón de Póliza. sin OCR
16:31:02: Se busca comparar el archivo idc-75514407F con un patrón de Factura sin OCR. sin OCR
16:31:02: Se encontró que el archivo idc-75514407F es una Factura. sin OCR
16:31:02: Se movió el documento idc-75514407F al directorio de Factura. sin OCR
16:31:02: Se busca comparar el archivo idc-75514418F con un patrón de Póliza. sin OCR
16:31:02: Se busca comparar el archivo idc-75514418F con un patrón de Factura sin OCR. sin OCR
16:31:02: Se encontró que el archivo idc-75514418F es una Factura. sin OCR
16:31:02: Se movió el documento idc-75514418F al directorio de Factura. sin OCR
16:31:02: Se busca comparar el archivo idc-75515169F con un patrón de Póliza. sin OCR
16:31:22: Se busca comparar el archivo idc-75515169F con un patrón de Póliza
16:31:22: Se busca comparar el archivo idc-75515169F con un patrón de Factura
16:31:22: Se encontró que el archivo idc-75515169F es una Factura
16:31:22: Se movió el documento idc-75515169F al directorio de Factura
16:31:22: Se busca comparar el archivo idc-75533026F con un patrón de Póliza. sin OCR
16:31:22: Se busca comparar el archivo idc-75533026F con un patrón de Factura sin OCR. sin OCR
16:31:22: Se encontró que el archivo idc-75533026F es una Factura. sin OCR
16:31:22: Se movió el documento idc-75533026F al directorio de Factura. sin OCR
16:31:22: Se busca comparar el archivo idc-75544378 con un patrón de Póliza. sin OCR
16:31:22: Se busca comparar el archivo idc-75544378 con un patrón de Factura sin OCR. sin OCR
16:31:22: Se encontró que el archivo idc-75544378 es una Factura. sin OCR
16:31:22: Se movió el documento idc-75544378 al directorio de Factura. sin OCR
16:31:54: Se accede a la URL: http://www2.repuve.gob.mx:8080/ciudadania/
16:32:11: Se toma captura a la pantalla y se procesa captcha con valor: 
16:32:12: Se ingresa el número de serie: 
16:32:17: Se ingresa el captcha: 
16:32:35: Se manda click al botón buscar
16:33:19: Se toma captura a la pantalla y se procesa captcha con valor: 
16:33:21: Se ingresa el número de serie: 
16:33:26: Se ingresa el captcha: 
16:33:29: Se manda click al botón buscar
16:35:33: Se accede a la URL: http://www2.repuve.gob.mx:8080/ciudadania/
16:35:50: Se toma captura a la pantalla y se procesa captcha con valor: 
16:35:56: Se ingresa el número de serie: WBAVL9109CVT77514
16:35:58: Se ingresa el captcha: 
16:35:58: Se manda click al botón buscar
