Archivo LOG de reportes del 2019/02/15 12:16:17
*******************************************************
12:16:22: C:\Users\Fernanda Rey\Desktop\pruebas\Siniestros\04182635987
12:16:22: Se busca comparar el archivo 20190128105758536 con un patrón de Póliza. sin OCR
12:16:50: Se busca comparar el archivo 20190128105758536 con un patrón de Póliza
12:16:50: Se busca comparar el archivo 20190128105758536 con un patrón de Factura
12:16:50: Se encontró que el archivo 20190128105758536 es una Factura
12:16:50: Se movió el documento 20190128105758536 al directorio de Factura
12:16:50: Se busca comparar el archivo idc-75544378 con un patrón de Póliza. sin OCR
12:16:50: Se busca comparar el archivo idc-75544378 con un patrón de Factura sin OCR. sin OCR
12:16:50: Se encontró que el archivo idc-75544378 es una Factura. sin OCR
12:16:50: Se movió el documento idc-75544378 al directorio de Factura. sin OCR
12:16:54: Se navega a la URL: https://tramitesdigitales.sat.gob.mx/Sicofi.ValidacionCFD/Default.aspx
12:16:54: Se toma screenshot y se procesar CAPTCHA con valor: yV7Yf
12:16:54: Se digita el captcha con valor: yV7Yf
12:16:55: Se manda click al elemento Continuar
12:16:55: Se digita el RFC del emisor: AUT091023H43
12:16:55: Se digita la serie: 
12:16:55: Se digita el Folio del Comprobante: 
12:16:55: Se digita el Número de Aprobación: 
12:16:55: Se digita el Año de Aprobación: 
12:16:56: Se manda click al botón Consultar
12:17:02: Se navega a la URL: https://tramitesdigitales.sat.gob.mx/Sicofi.ValidacionCFD/Default.aspx
12:17:03: Se toma screenshot y se procesar CAPTCHA con valor: yV7Yf
12:17:03: Se digita el captcha con valor: yV7Yf
12:17:03: Se manda click al elemento Continuar
12:17:03: Se digita el RFC del emisor: 
12:17:03: Se digita la serie: 
12:17:03: Se digita el Folio del Comprobante: 
12:17:03: Se digita el Número de Aprobación: 
12:17:03: Se digita el Año de Aprobación: 
12:17:04: Se manda click al botón Consultar
12:17:12: Se navega a la URL: https://verificacfdi.facturaelectronica.sat.gob.mx/
12:17:14: Se ingresó folio fiscal: 
12:17:14: Se ingresó RFC de Emisor: 
12:17:14: Se ingresó RFC de Receptor: 
12:17:14: Se ingresó Captcha: 
12:17:25: Se navega a la URL: https://verificacfdi.facturaelectronica.sat.gob.mx/
12:17:27: Se ingresó folio fiscal: 
12:17:27: Se ingresó RFC de Emisor: 
12:17:27: Se ingresó RFC de Receptor: 
12:17:27: Se ingresó Captcha: 
12:17:42: Se accede a la URL: http://www2.repuve.gob.mx:8080/ciudadania/
12:17:43: Se toma captura a la pantalla y se procesa captcha con valor: UV
12:17:43: Se ingresa el número de serie: 
12:17:46: Se ingresa el captcha: UV
12:17:46: Se manda click al botón buscar
12:18:29: Se accede a la URL: http://www2.repuve.gob.mx:8080/ciudadania/
12:18:29: Se toma captura a la pantalla y se procesa captcha con valor: t7p
12:18:30: Se ingresa el número de serie: WVAVL9109DVT77514
12:18:32: Se ingresa el captcha: t7p
12:18:33: Se manda click al botón buscar
12:18:33: Se manda click al elemento PGJ
12:18:33: El vehiculo con serie WAU9FD8T3EA007986tiene el siguiente reporte en PGJ: Sin Reporte de Robo
12:18:33: Se manda click al elemento OCRA
12:18:33: El vehiculo con serie WAU9FD8T3EA007986  tiene el siguiente reporte en OCRA: Sin Reporte de Robo
